16:00:09.826 [localhost-startStop-1] INFO  o.s.web.context.ContextLoader [ContextLoader.java:285] - Root WebApplicationContext: initialization started
16:00:10.091 [localhost-startStop-1] INFO  o.s.w.c.s.XmlWebApplicationContext [AbstractApplicationContext.java:513] - Refreshing Root WebApplicationContext: startup date [Tue Jul 14 16:00:10 CST 2015]; root of context hierarchy
16:00:10.159 [localhost-startStop-1] INFO  o.s.b.f.xml.XmlBeanDefinitionReader [XmlBeanDefinitionReader.java:316] - Loading XML bean definitions from class path resource [spring/root-context.xml]
16:00:10.893 [localhost-startStop-1] INFO  o.s.c.s.PropertySourcesPlaceholderConfigurer [PropertiesLoaderSupport.java:172] - Loading properties file from class path resource [db/db.properties]
16:00:11.188 [localhost-startStop-1] INFO  o.s.web.context.ContextLoader [ContextLoader.java:325] - Root WebApplicationContext: initialization completed in 1353 ms
16:00:11.241 [localhost-startStop-1] INFO  o.s.web.servlet.DispatcherServlet [FrameworkServlet.java:479] - FrameworkServlet 'springServlet': initialization started
16:00:11.248 [localhost-startStop-1] INFO  o.s.w.c.s.XmlWebApplicationContext [AbstractApplicationContext.java:513] - Refreshing WebApplicationContext for namespace 'springServlet-servlet': startup date [Tue Jul 14 16:00:11 CST 2015]; parent: Root WebApplicationContext
16:00:11.250 [localhost-startStop-1] INFO  o.s.b.f.xml.XmlBeanDefinitionReader [XmlBeanDefinitionReader.java:316] - Loading XML bean definitions from class path resource [spring/servlet-context.xml]
16:00:12.648 [localhost-startStop-1] INFO  o.s.b.f.a.AutowiredAnnotationBeanPostProcessor [AutowiredAnnotationBeanPostProcessor.java:141] - JSR-330 'javax.inject.Inject' annotation found and supported for autowiring
16:00:13.073 [localhost-startStop-1] INFO  o.s.w.s.m.m.a.RequestMappingHandlerMapping [AbstractHandlerMethodMapping.java:197] - Mapped "{[/admin/download],methods=[GET],params=[],headers=[],consumes=[],produces=[],custom=[]}" onto public java.lang.String com.team.graduate.controller.AdminController.downloadTemplate(javax.servlet.http.HttpServletResponse,javax.servlet.http.HttpSession)
16:00:13.074 [localhost-startStop-1] INFO  o.s.w.s.m.m.a.RequestMappingHandlerMapping [AbstractHandlerMethodMapping.java:197] - Mapped "{[/admin/image/import],methods=[POST],params=[],headers=[],consumes=[],produces=[],custom=[]}" onto public org.springframework.web.servlet.ModelAndView com.team.graduate.controller.AdminController.processImageImport(org.springframework.web.multipart.MultipartFile[],javax.servlet.http.HttpServletRequest)
16:00:13.075 [localhost-startStop-1] INFO  o.s.w.s.m.m.a.RequestMappingHandlerMapping [AbstractHandlerMethodMapping.java:197] - Mapped "{[/admin/image/import],methods=[GET],params=[],headers=[],consumes=[],produces=[],custom=[]}" onto public java.lang.String com.team.graduate.controller.AdminController.processImageImportGet()
16:00:13.075 [localhost-startStop-1] INFO  o.s.w.s.m.m.a.RequestMappingHandlerMapping [AbstractHandlerMethodMapping.java:197] - Mapped "{[/admin/single/query],methods=[GET],params=[],headers=[],consumes=[],produces=[],custom=[]}" onto public java.lang.String com.team.graduate.controller.AdminController.queryByStuNumber(javax.servlet.http.HttpSession)
16:00:13.076 [localhost-startStop-1] INFO  o.s.w.s.m.m.a.RequestMappingHandlerMapping [AbstractHandlerMethodMapping.java:197] - Mapped "{[/admin/single/query],methods=[POST],params=[],headers=[],consumes=[],produces=[],custom=[]}" onto public org.springframework.web.servlet.ModelAndView com.team.graduate.controller.AdminController.queryByStuNumber(java.lang.String,javax.servlet.http.HttpSession,java.lang.String)
16:00:13.076 [localhost-startStop-1] INFO  o.s.w.s.m.m.a.RequestMappingHandlerMapping [AbstractHandlerMethodMapping.java:197] - Mapped "{[/admin/single/update],methods=[POST],params=[],headers=[],consumes=[],produces=[],custom=[]}" onto public org.springframework.web.servlet.ModelAndView com.team.graduate.controller.AdminController.updateInformation(com.team.graduate.model.StuGraduateInfo,javax.servlet.http.HttpSession,org.springframework.web.multipart.MultipartFile,java.lang.String)
16:00:13.077 [localhost-startStop-1] INFO  o.s.w.s.m.m.a.RequestMappingHandlerMapping [AbstractHandlerMethodMapping.java:197] - Mapped "{[/admin/single/update],methods=[GET],params=[],headers=[],consumes=[],produces=[],custom=[]}" onto public java.lang.String com.team.graduate.controller.AdminController.updateInformation(javax.servlet.http.HttpSession)
16:00:13.077 [localhost-startStop-1] INFO  o.s.w.s.m.m.a.RequestMappingHandlerMapping [AbstractHandlerMethodMapping.java:197] - Mapped "{[/admin/import],methods=[GET],params=[],headers=[],consumes=[],produces=[],custom=[]}" onto public java.lang.String com.team.graduate.controller.AdminController.processDataImport()
16:00:13.078 [localhost-startStop-1] INFO  o.s.w.s.m.m.a.RequestMappingHandlerMapping [AbstractHandlerMethodMapping.java:197] - Mapped "{[/admin/import],methods=[POST],params=[],headers=[],consumes=[],produces=[],custom=[]}" onto public org.springframework.web.servlet.ModelAndView com.team.graduate.controller.AdminController.processDataImport(org.springframework.web.multipart.MultipartFile,javax.servlet.http.HttpServletRequest)
16:00:13.078 [localhost-startStop-1] INFO  o.s.w.s.m.m.a.RequestMappingHandlerMapping [AbstractHandlerMethodMapping.java:197] - Mapped "{[/admin/single/queryById/{id}],methods=[],params=[],headers=[],consumes=[],produces=[],custom=[]}" onto public org.springframework.web.servlet.ModelAndView com.team.graduate.controller.AdminController.queryForUpdate(java.lang.String,javax.servlet.http.HttpSession)
16:00:13.079 [localhost-startStop-1] INFO  o.s.w.s.m.m.a.RequestMappingHandlerMapping [AbstractHandlerMethodMapping.java:197] - Mapped "{[/admin/login],methods=[POST],params=[],headers=[],consumes=[],produces=[],custom=[]}" onto public org.springframework.web.servlet.ModelAndView com.team.graduate.controller.AdminController.adminLogin(com.team.graduate.model.Admin,javax.servlet.http.HttpSession,java.lang.String)
16:00:13.079 [localhost-startStop-1] INFO  o.s.w.s.m.m.a.RequestMappingHandlerMapping [AbstractHandlerMethodMapping.java:197] - Mapped "{[/admin/log/download],methods=[],params=[],headers=[],consumes=[],produces=[],custom=[]}" onto public java.lang.String com.team.graduate.controller.AdminController.downloadLog(java.lang.String,javax.servlet.http.HttpSession,javax.servlet.http.HttpServletResponse)
16:00:13.080 [localhost-startStop-1] INFO  o.s.w.s.m.m.a.RequestMappingHandlerMapping [AbstractHandlerMethodMapping.java:197] - Mapped "{[/admin/log/query],methods=[POST],params=[],headers=[],consumes=[],produces=[],custom=[]}" onto public org.springframework.web.servlet.ModelAndView com.team.graduate.controller.AdminController.query4Log(java.lang.String,java.lang.String,javax.servlet.http.HttpSession)
16:00:13.080 [localhost-startStop-1] INFO  o.s.w.s.m.m.a.RequestMappingHandlerMapping [AbstractHandlerMethodMapping.java:197] - Mapped "{[/admin/log/query],methods=[GET],params=[],headers=[],consumes=[],produces=[],custom=[]}" onto public org.springframework.web.servlet.ModelAndView com.team.graduate.controller.AdminController.query4LogGet(javax.servlet.http.HttpSession)
16:00:13.081 [localhost-startStop-1] INFO  o.s.w.s.m.m.a.RequestMappingHandlerMapping [AbstractHandlerMethodMapping.java:197] - Mapped "{[/admin/log/all],methods=[GET],params=[],headers=[],consumes=[],produces=[],custom=[]}" onto public org.springframework.web.servlet.ModelAndView com.team.graduate.controller.AdminController.listAll(javax.servlet.http.HttpSession)
16:00:13.081 [localhost-startStop-1] INFO  o.s.w.s.m.m.a.RequestMappingHandlerMapping [AbstractHandlerMethodMapping.java:197] - Mapped "{[/admin/logout],methods=[GET],params=[],headers=[],consumes=[],produces=[],custom=[]}" onto public java.lang.String com.team.graduate.controller.AdminController.adminLogout(javax.servlet.http.HttpSession)
16:00:13.081 [localhost-startStop-1] INFO  o.s.w.s.m.m.a.RequestMappingHandlerMapping [AbstractHandlerMethodMapping.java:197] - Mapped "{[/admin/single/add],methods=[POST],params=[],headers=[],consumes=[],produces=[],custom=[]}" onto public org.springframework.web.servlet.ModelAndView com.team.graduate.controller.AdminController.singleAdd(com.team.graduate.model.StuGraduateInfo,org.springframework.web.multipart.MultipartFile,javax.servlet.http.HttpSession,java.lang.String)
16:00:13.082 [localhost-startStop-1] INFO  o.s.w.s.m.m.a.RequestMappingHandlerMapping [AbstractHandlerMethodMapping.java:197] - Mapped "{[/admin/log/delete],methods=[],params=[],headers=[],consumes=[],produces=[],custom=[]}" onto public java.lang.String com.team.graduate.controller.AdminController.deleteLog(java.lang.String,javax.servlet.http.HttpSession)
16:00:13.083 [localhost-startStop-1] INFO  o.s.w.s.m.m.a.RequestMappingHandlerMapping [AbstractHandlerMethodMapping.java:197] - Mapped "{[/admin/single/add],methods=[GET],params=[],headers=[],consumes=[],produces=[],custom=[]}" onto public java.lang.String com.team.graduate.controller.AdminController.singleAddGet()
16:00:13.083 [localhost-startStop-1] INFO  o.s.w.s.m.m.a.RequestMappingHandlerMapping [AbstractHandlerMethodMapping.java:197] - Mapped "{[/admin/login],methods=[GET],params=[],headers=[],consumes=[],produces=[],custom=[]}" onto public java.lang.String com.team.graduate.controller.AdminController.adminLoginGet(com.team.graduate.model.Admin,javax.servlet.http.HttpSession)
16:00:13.102 [localhost-startStop-1] INFO  o.s.w.s.m.m.a.RequestMappingHandlerMapping [AbstractHandlerMethodMapping.java:197] - Mapped "{[/captchaCheck],methods=[],params=[],headers=[],consumes=[],produces=[],custom=[]}" onto public org.springframework.web.servlet.ModelAndView com.team.graduate.controller.common.KaptchaController.captchaCheckValue(javax.servlet.http.HttpServletRequest)
16:00:13.103 [localhost-startStop-1] INFO  o.s.w.s.m.m.a.RequestMappingHandlerMapping [AbstractHandlerMethodMapping.java:197] - Mapped "{[/captchaImage],methods=[],params=[],headers=[],consumes=[],produces=[],custom=[]}" onto public org.springframework.web.servlet.ModelAndView com.team.graduate.controller.common.KaptchaController.createKaptchaImage(javax.servlet.http.HttpServletRequest,javax.servlet.http.HttpServletResponse) throws java.io.IOException
16:00:13.108 [localhost-startStop-1] INFO  o.s.w.s.m.m.a.RequestMappingHandlerMapping [AbstractHandlerMethodMapping.java:197] - Mapped "{[/log/export],methods=[GET],params=[],headers=[],consumes=[],produces=[],custom=[]}" onto public org.springframework.web.servlet.ModelAndView com.team.graduate.controller.LogController.exportLogs(javax.servlet.http.HttpSession,javax.servlet.http.HttpServletResponse)
16:00:13.109 [localhost-startStop-1] INFO  o.s.w.s.m.m.a.RequestMappingHandlerMapping [AbstractHandlerMethodMapping.java:197] - Mapped "{[/log/list],methods=[GET],params=[],headers=[],consumes=[],produces=[],custom=[]}" onto public org.springframework.web.servlet.ModelAndView com.team.graduate.controller.LogController.getAllLog(javax.servlet.http.HttpSession)
16:00:13.110 [localhost-startStop-1] INFO  o.s.w.s.m.m.a.RequestMappingHandlerMapping [AbstractHandlerMethodMapping.java:197] - Mapped "{[/password/change],methods=[POST],params=[],headers=[],consumes=[],produces=[],custom=[]}" onto public org.springframework.web.servlet.ModelAndView com.team.graduate.controller.PasswordController.changePassword(java.lang.String,java.lang.String,java.lang.String,java.lang.String,javax.servlet.http.HttpSession)
16:00:13.120 [localhost-startStop-1] INFO  o.s.w.s.m.m.a.RequestMappingHandlerMapping [AbstractHandlerMethodMapping.java:197] - Mapped "{[/router/single],methods=[],params=[],headers=[],consumes=[],produces=[],custom=[]}" onto public java.lang.String com.team.graduate.controller.RouterController.single(javax.servlet.http.HttpSession)
16:00:13.120 [localhost-startStop-1] INFO  o.s.w.s.m.m.a.RequestMappingHandlerMapping [AbstractHandlerMethodMapping.java:197] - Mapped "{[/router/admin],methods=[],params=[],headers=[],consumes=[],produces=[],custom=[]}" onto public java.lang.String com.team.graduate.controller.RouterController.admin(javax.servlet.http.HttpSession)
16:00:13.121 [localhost-startStop-1] INFO  o.s.w.s.m.m.a.RequestMappingHandlerMapping [AbstractHandlerMethodMapping.java:197] - Mapped "{[/router/image],methods=[],params=[],headers=[],consumes=[],produces=[],custom=[]}" onto public java.lang.String com.team.graduate.controller.RouterController.image(javax.servlet.http.HttpSession)
16:00:13.121 [localhost-startStop-1] INFO  o.s.w.s.m.m.a.RequestMappingHandlerMapping [AbstractHandlerMethodMapping.java:197] - Mapped "{[/router/search],methods=[GET],params=[],headers=[],consumes=[],produces=[],custom=[]}" onto public java.lang.String com.team.graduate.controller.RouterController.routeToStuSearch()
16:00:13.121 [localhost-startStop-1] INFO  o.s.w.s.m.m.a.RequestMappingHandlerMapping [AbstractHandlerMethodMapping.java:197] - Mapped "{[/router/password],methods=[GET],params=[],headers=[],consumes=[],produces=[],custom=[]}" onto public java.lang.String com.team.graduate.controller.RouterController.passwordChange(javax.servlet.http.HttpServletRequest)
16:00:13.122 [localhost-startStop-1] INFO  o.s.w.s.m.m.a.RequestMappingHandlerMapping [AbstractHandlerMethodMapping.java:197] - Mapped "{[/router/authentication],methods=[GET],params=[],headers=[],consumes=[],produces=[],custom=[]}" onto public org.springframework.web.servlet.ModelAndView com.team.graduate.controller.RouterController.routeToStuAuth()
16:00:13.122 [localhost-startStop-1] INFO  o.s.w.s.m.m.a.RequestMappingHandlerMapping [AbstractHandlerMethodMapping.java:197] - Mapped "{[/router/single/add],methods=[GET],params=[],headers=[],consumes=[],produces=[],custom=[]}" onto public java.lang.String com.team.graduate.controller.RouterController.singleAdd(javax.servlet.http.HttpServletRequest)
16:00:13.123 [localhost-startStop-1] INFO  o.s.w.s.m.m.a.RequestMappingHandlerMapping [AbstractHandlerMethodMapping.java:197] - Mapped "{[/router/photo/{name}],methods=[],params=[],headers=[],consumes=[],produces=[],custom=[]}" onto public void com.team.graduate.controller.RouterController.photo(javax.servlet.http.HttpServletResponse,javax.servlet.http.HttpServletRequest,java.lang.String) throws java.io.IOException
16:00:13.123 [localhost-startStop-1] INFO  o.s.w.s.m.m.a.RequestMappingHandlerMapping [AbstractHandlerMethodMapping.java:197] - Mapped "{[/router/validateCode],methods=[POST],params=[],headers=[],consumes=[],produces=[],custom=[]}" onto public boolean com.team.graduate.controller.RouterController.validateCode(javax.servlet.http.HttpServletRequest,java.lang.String)
16:00:13.124 [localhost-startStop-1] INFO  o.s.w.s.m.m.a.RequestMappingHandlerMapping [AbstractHandlerMethodMapping.java:197] - Mapped "{[/router/log/index],methods=[],params=[],headers=[],consumes=[],produces=[],custom=[]}" onto public java.lang.String com.team.graduate.controller.RouterController.logQuery(javax.servlet.http.HttpServletRequest)
16:00:13.141 [localhost-startStop-1] INFO  o.s.w.s.m.m.a.RequestMappingHandlerMapping [AbstractHandlerMethodMapping.java:197] - Mapped "{[/stu/search],methods=[POST],params=[],headers=[],consumes=[],produces=[],custom=[]}" onto public org.springframework.web.servlet.ModelAndView com.team.graduate.controller.StuGraduateController.search(com.team.graduate.model.StuGraduateInfo,javax.servlet.http.HttpServletRequest,java.lang.String)
16:00:13.142 [localhost-startStop-1] INFO  o.s.w.s.m.m.a.RequestMappingHandlerMapping [AbstractHandlerMethodMapping.java:197] - Mapped "{[/stu/authentication],methods=[POST],params=[],headers=[],consumes=[],produces=[],custom=[]}" onto public org.springframework.web.servlet.ModelAndView com.team.graduate.controller.StuGraduateController.authentication(com.team.graduate.model.StuGraduateInfo,javax.servlet.http.HttpServletRequest,java.lang.String)
16:00:13.142 [localhost-startStop-1] INFO  o.s.w.s.m.m.a.RequestMappingHandlerMapping [AbstractHandlerMethodMapping.java:197] - Mapped "{[/stu/isStuNumberExist],methods=[],params=[],headers=[],consumes=[],produces=[],custom=[]}" onto public boolean com.team.graduate.controller.StuGraduateController.isStuNumberExist(java.lang.String)
16:00:13.142 [localhost-startStop-1] INFO  o.s.w.s.m.m.a.RequestMappingHandlerMapping [AbstractHandlerMethodMapping.java:197] - Mapped "{[/stu/isStuGraduationCardNumExist],methods=[],params=[],headers=[],consumes=[],produces=[],custom=[]}" onto public boolean com.team.graduate.controller.StuGraduateController.isStuGraduationCardNumExist(java.lang.String)
16:00:13.143 [localhost-startStop-1] INFO  o.s.w.s.m.m.a.RequestMappingHandlerMapping [AbstractHandlerMethodMapping.java:197] - Mapped "{[/stu/isStuMajorDegreeCertNumExist],methods=[],params=[],headers=[],consumes=[],produces=[],custom=[]}" onto public boolean com.team.graduate.controller.StuGraduateController.isStuMajorDegreeCertNumExist(java.lang.String)
16:00:13.144 [localhost-startStop-1] INFO  o.s.w.s.m.m.a.RequestMappingHandlerMapping [AbstractHandlerMethodMapping.java:197] - Mapped "{[/stu/isStuIdentificationNumExist],methods=[],params=[],headers=[],consumes=[],produces=[],custom=[]}" onto public boolean com.team.graduate.controller.StuGraduateController.isStuIdentificationNumExist(java.lang.String)
16:00:13.144 [localhost-startStop-1] INFO  o.s.w.s.m.m.a.RequestMappingHandlerMapping [AbstractHandlerMethodMapping.java:197] - Mapped "{[/stu/authentication],methods=[GET],params=[],headers=[],consumes=[],produces=[],custom=[]}" onto public java.lang.String com.team.graduate.controller.StuGraduateController.authenticationGet()
16:00:13.144 [localhost-startStop-1] INFO  o.s.w.s.m.m.a.RequestMappingHandlerMapping [AbstractHandlerMethodMapping.java:197] - Mapped "{[/stu/search],methods=[GET],params=[],headers=[],consumes=[],produces=[],custom=[]}" onto public java.lang.String com.team.graduate.controller.StuGraduateController.searchGet()
16:00:15.025 [localhost-startStop-1] INFO  o.s.w.s.h.SimpleUrlHandlerMapping [AbstractUrlHandlerMapping.java:315] - Mapped URL path [/static/**] onto handler 'org.springframework.web.servlet.resource.ResourceHttpRequestHandler#0'
16:00:16.023 [localhost-startStop-1] INFO  o.s.web.servlet.DispatcherServlet [FrameworkServlet.java:498] - FrameworkServlet 'springServlet': initialization completed in 4782 ms
16:02:28.799 [http-bio-8080-exec-5] WARN  WARN [AbstractHandlerExceptionResolver.java:187] - Handler execution resulted in exception
java.lang.NullPointerException: null
	at com.team.graduate.controller.AdminController.processDataImport(AdminController.java:120) ~[classes/:na]
	at sun.reflect.NativeMethodAccessorImpl.invoke0(Native Method) ~[na:1.7.0_75]
	at sun.reflect.NativeMethodAccessorImpl.invoke(NativeMethodAccessorImpl.java:57) ~[na:1.7.0_75]
	at sun.reflect.DelegatingMethodAccessorImpl.invoke(DelegatingMethodAccessorImpl.java:43) ~[na:1.7.0_75]
	at java.lang.reflect.Method.invoke(Method.java:606) ~[na:1.7.0_75]
	at org.springframework.web.method.support.InvocableHandlerMethod.invoke(InvocableHandlerMethod.java:215) ~[spring-web-4.0.5.RELEASE.jar:4.0.5.RELEASE]
	at org.springframework.web.method.support.InvocableHandlerMethod.invokeForRequest(InvocableHandlerMethod.java:132) ~[spring-web-4.0.5.RELEASE.jar:4.0.5.RELEASE]
	at org.springframework.web.servlet.mvc.method.annotation.ServletInvocableHandlerMethod.invokeAndHandle(ServletInvocableHandlerMethod.java:104) ~[spring-webmvc-4.0.5.RELEASE.jar:4.0.5.RELEASE]
	at org.springframework.web.servlet.mvc.method.annotation.RequestMappingHandlerAdapter.invokeHandleMethod(RequestMappingHandlerAdapter.java:749) ~[spring-webmvc-4.0.5.RELEASE.jar:4.0.5.RELEASE]
	at org.springframework.web.servlet.mvc.method.annotation.RequestMappingHandlerAdapter.handleInternal(RequestMappingHandlerAdapter.java:689) ~[spring-webmvc-4.0.5.RELEASE.jar:4.0.5.RELEASE]
	at org.springframework.web.servlet.mvc.method.AbstractHandlerMethodAdapter.handle(AbstractHandlerMethodAdapter.java:83) ~[spring-webmvc-4.0.5.RELEASE.jar:4.0.5.RELEASE]
	at org.springframework.web.servlet.DispatcherServlet.doDispatch(DispatcherServlet.java:938) [spring-webmvc-4.0.5.RELEASE.jar:4.0.5.RELEASE]
	at org.springframework.web.servlet.DispatcherServlet.doService(DispatcherServlet.java:870) [spring-webmvc-4.0.5.RELEASE.jar:4.0.5.RELEASE]
	at org.springframework.web.servlet.FrameworkServlet.processRequest(FrameworkServlet.java:961) [spring-webmvc-4.0.5.RELEASE.jar:4.0.5.RELEASE]
	at org.springframework.web.servlet.FrameworkServlet.doPost(FrameworkServlet.java:863) [spring-webmvc-4.0.5.RELEASE.jar:4.0.5.RELEASE]
	at javax.servlet.http.HttpServlet.service(HttpServlet.java:641) [tomcat-embed-core-7.0.30.jar:7.0.30]
	at org.springframework.web.servlet.FrameworkServlet.service(FrameworkServlet.java:837) [spring-webmvc-4.0.5.RELEASE.jar:4.0.5.RELEASE]
	at javax.servlet.http.HttpServlet.service(HttpServlet.java:722) [tomcat-embed-core-7.0.30.jar:7.0.30]
	at org.apache.catalina.core.ApplicationFilterChain.internalDoFilter(ApplicationFilterChain.java:305) [tomcat-embed-core-7.0.30.jar:7.0.30]
	at org.apache.catalina.core.ApplicationFilterChain.doFilter(ApplicationFilterChain.java:210) [tomcat-embed-core-7.0.30.jar:7.0.30]
	at org.springframework.web.filter.CharacterEncodingFilter.doFilterInternal(CharacterEncodingFilter.java:88) [spring-web-4.0.5.RELEASE.jar:4.0.5.RELEASE]
	at org.springframework.web.filter.OncePerRequestFilter.doFilter(OncePerRequestFilter.java:107) [spring-web-4.0.5.RELEASE.jar:4.0.5.RELEASE]
	at org.apache.catalina.core.ApplicationFilterChain.internalDoFilter(ApplicationFilterChain.java:243) [tomcat-embed-core-7.0.30.jar:7.0.30]
	at org.apache.catalina.core.ApplicationFilterChain.doFilter(ApplicationFilterChain.java:210) [tomcat-embed-core-7.0.30.jar:7.0.30]
	at org.apache.catalina.core.StandardWrapperValve.invoke(StandardWrapperValve.java:222) [tomcat-embed-core-7.0.30.jar:7.0.30]
	at org.apache.catalina.core.StandardContextValve.invoke(StandardContextValve.java:123) [tomcat-embed-core-7.0.30.jar:7.0.30]
	at org.apache.catalina.authenticator.AuthenticatorBase.invoke(AuthenticatorBase.java:472) [tomcat-embed-core-7.0.30.jar:7.0.30]
	at org.apache.catalina.core.StandardHostValve.invoke(StandardHostValve.java:168) [tomcat-embed-core-7.0.30.jar:7.0.30]
	at org.apache.catalina.valves.ErrorReportValve.invoke(ErrorReportValve.java:99) [tomcat-embed-core-7.0.30.jar:7.0.30]
	at org.apache.catalina.valves.AccessLogValve.invoke(AccessLogValve.java:929) [tomcat-embed-core-7.0.30.jar:7.0.30]
	at org.apache.catalina.core.StandardEngineValve.invoke(StandardEngineValve.java:118) [tomcat-embed-core-7.0.30.jar:7.0.30]
	at org.apache.catalina.connector.CoyoteAdapter.service(CoyoteAdapter.java:407) [tomcat-embed-core-7.0.30.jar:7.0.30]
	at org.apache.coyote.http11.AbstractHttp11Processor.process(AbstractHttp11Processor.java:1002) [tomcat-embed-core-7.0.30.jar:7.0.30]
	at org.apache.coyote.AbstractProtocol$AbstractConnectionHandler.process(AbstractProtocol.java:585) [tomcat-embed-core-7.0.30.jar:7.0.30]
	at org.apache.tomcat.util.net.JIoEndpoint$SocketProcessor.run(JIoEndpoint.java:312) [tomcat-embed-core-7.0.30.jar:7.0.30]
	at java.util.concurrent.ThreadPoolExecutor.runWorker(ThreadPoolExecutor.java:1145) [na:1.7.0_75]
	at java.util.concurrent.ThreadPoolExecutor$Worker.run(ThreadPoolExecutor.java:615) [na:1.7.0_75]
	at java.lang.Thread.run(Thread.java:745) [na:1.7.0_75]
16:04:21.524 [localhost-startStop-1] INFO  o.s.web.context.ContextLoader [ContextLoader.java:285] - Root WebApplicationContext: initialization started
16:04:21.784 [localhost-startStop-1] INFO  o.s.w.c.s.XmlWebApplicationContext [AbstractApplicationContext.java:513] - Refreshing Root WebApplicationContext: startup date [Tue Jul 14 16:04:21 CST 2015]; root of context hierarchy
16:04:21.892 [localhost-startStop-1] INFO  o.s.b.f.xml.XmlBeanDefinitionReader [XmlBeanDefinitionReader.java:316] - Loading XML bean definitions from class path resource [spring/root-context.xml]
16:04:22.404 [localhost-startStop-1] INFO  o.s.c.s.PropertySourcesPlaceholderConfigurer [PropertiesLoaderSupport.java:172] - Loading properties file from class path resource [db/db.properties]
16:04:22.964 [localhost-startStop-1] INFO  o.s.web.context.ContextLoader [ContextLoader.java:325] - Root WebApplicationContext: initialization completed in 1402 ms
16:04:23.056 [localhost-startStop-1] INFO  o.s.web.servlet.DispatcherServlet [FrameworkServlet.java:479] - FrameworkServlet 'springServlet': initialization started
16:04:23.065 [localhost-startStop-1] INFO  o.s.w.c.s.XmlWebApplicationContext [AbstractApplicationContext.java:513] - Refreshing WebApplicationContext for namespace 'springServlet-servlet': startup date [Tue Jul 14 16:04:23 CST 2015]; parent: Root WebApplicationContext
16:04:23.067 [localhost-startStop-1] INFO  o.s.b.f.xml.XmlBeanDefinitionReader [XmlBeanDefinitionReader.java:316] - Loading XML bean definitions from class path resource [spring/servlet-context.xml]
16:04:24.455 [localhost-startStop-1] INFO  o.s.b.f.a.AutowiredAnnotationBeanPostProcessor [AutowiredAnnotationBeanPostProcessor.java:141] - JSR-330 'javax.inject.Inject' annotation found and supported for autowiring
16:04:24.953 [localhost-startStop-1] INFO  o.s.w.s.m.m.a.RequestMappingHandlerMapping [AbstractHandlerMethodMapping.java:197] - Mapped "{[/admin/image/import],methods=[POST],params=[],headers=[],consumes=[],produces=[],custom=[]}" onto public org.springframework.web.servlet.ModelAndView com.team.graduate.controller.AdminController.processImageImport(org.springframework.web.multipart.MultipartFile[],javax.servlet.http.HttpServletRequest)
16:04:24.954 [localhost-startStop-1] INFO  o.s.w.s.m.m.a.RequestMappingHandlerMapping [AbstractHandlerMethodMapping.java:197] - Mapped "{[/admin/image/import],methods=[GET],params=[],headers=[],consumes=[],produces=[],custom=[]}" onto public java.lang.String com.team.graduate.controller.AdminController.processImageImportGet()
16:04:24.954 [localhost-startStop-1] INFO  o.s.w.s.m.m.a.RequestMappingHandlerMapping [AbstractHandlerMethodMapping.java:197] - Mapped "{[/admin/download],methods=[GET],params=[],headers=[],consumes=[],produces=[],custom=[]}" onto public java.lang.String com.team.graduate.controller.AdminController.downloadTemplate(javax.servlet.http.HttpServletResponse,javax.servlet.http.HttpSession)
16:04:24.955 [localhost-startStop-1] INFO  o.s.w.s.m.m.a.RequestMappingHandlerMapping [AbstractHandlerMethodMapping.java:197] - Mapped "{[/admin/single/queryById/{id}],methods=[],params=[],headers=[],consumes=[],produces=[],custom=[]}" onto public org.springframework.web.servlet.ModelAndView com.team.graduate.controller.AdminController.queryForUpdate(java.lang.String,javax.servlet.http.HttpSession)
16:04:24.955 [localhost-startStop-1] INFO  o.s.w.s.m.m.a.RequestMappingHandlerMapping [AbstractHandlerMethodMapping.java:197] - Mapped "{[/admin/import],methods=[GET],params=[],headers=[],consumes=[],produces=[],custom=[]}" onto public java.lang.String com.team.graduate.controller.AdminController.processDataImport()
16:04:24.955 [localhost-startStop-1] INFO  o.s.w.s.m.m.a.RequestMappingHandlerMapping [AbstractHandlerMethodMapping.java:197] - Mapped "{[/admin/import],methods=[POST],params=[],headers=[],consumes=[],produces=[],custom=[]}" onto public org.springframework.web.servlet.ModelAndView com.team.graduate.controller.AdminController.processDataImport(org.springframework.web.multipart.MultipartFile,javax.servlet.http.HttpServletRequest)
16:04:24.956 [localhost-startStop-1] INFO  o.s.w.s.m.m.a.RequestMappingHandlerMapping [AbstractHandlerMethodMapping.java:197] - Mapped "{[/admin/single/query],methods=[GET],params=[],headers=[],consumes=[],produces=[],custom=[]}" onto public java.lang.String com.team.graduate.controller.AdminController.queryByStuNumber(javax.servlet.http.HttpSession)
16:04:24.956 [localhost-startStop-1] INFO  o.s.w.s.m.m.a.RequestMappingHandlerMapping [AbstractHandlerMethodMapping.java:197] - Mapped "{[/admin/single/query],methods=[POST],params=[],headers=[],consumes=[],produces=[],custom=[]}" onto public org.springframework.web.servlet.ModelAndView com.team.graduate.controller.AdminController.queryByStuNumber(java.lang.String,javax.servlet.http.HttpSession,java.lang.String)
16:04:24.956 [localhost-startStop-1] INFO  o.s.w.s.m.m.a.RequestMappingHandlerMapping [AbstractHandlerMethodMapping.java:197] - Mapped "{[/admin/single/update],methods=[GET],params=[],headers=[],consumes=[],produces=[],custom=[]}" onto public java.lang.String com.team.graduate.controller.AdminController.updateInformation(javax.servlet.http.HttpSession)
16:04:24.957 [localhost-startStop-1] INFO  o.s.w.s.m.m.a.RequestMappingHandlerMapping [AbstractHandlerMethodMapping.java:197] - Mapped "{[/admin/single/update],methods=[POST],params=[],headers=[],consumes=[],produces=[],custom=[]}" onto public org.springframework.web.servlet.ModelAndView com.team.graduate.controller.AdminController.updateInformation(com.team.graduate.model.StuGraduateInfo,javax.servlet.http.HttpSession,org.springframework.web.multipart.MultipartFile,java.lang.String)
16:04:24.957 [localhost-startStop-1] INFO  o.s.w.s.m.m.a.RequestMappingHandlerMapping [AbstractHandlerMethodMapping.java:197] - Mapped "{[/admin/login],methods=[POST],params=[],headers=[],consumes=[],produces=[],custom=[]}" onto public org.springframework.web.servlet.ModelAndView com.team.graduate.controller.AdminController.adminLogin(com.team.graduate.model.Admin,javax.servlet.http.HttpSession,java.lang.String)
16:04:24.960 [localhost-startStop-1] INFO  o.s.w.s.m.m.a.RequestMappingHandlerMapping [AbstractHandlerMethodMapping.java:197] - Mapped "{[/admin/logout],methods=[GET],params=[],headers=[],consumes=[],produces=[],custom=[]}" onto public java.lang.String com.team.graduate.controller.AdminController.adminLogout(javax.servlet.http.HttpSession)
16:04:25.262 [localhost-startStop-1] INFO  o.s.w.s.m.m.a.RequestMappingHandlerMapping [AbstractHandlerMethodMapping.java:197] - Mapped "{[/admin/log/query],methods=[GET],params=[],headers=[],consumes=[],produces=[],custom=[]}" onto public org.springframework.web.servlet.ModelAndView com.team.graduate.controller.AdminController.query4LogGet(javax.servlet.http.HttpSession)
16:04:25.263 [localhost-startStop-1] INFO  o.s.w.s.m.m.a.RequestMappingHandlerMapping [AbstractHandlerMethodMapping.java:197] - Mapped "{[/admin/single/add],methods=[GET],params=[],headers=[],consumes=[],produces=[],custom=[]}" onto public java.lang.String com.team.graduate.controller.AdminController.singleAddGet()
16:04:25.264 [localhost-startStop-1] INFO  o.s.w.s.m.m.a.RequestMappingHandlerMapping [AbstractHandlerMethodMapping.java:197] - Mapped "{[/admin/log/query],methods=[POST],params=[],headers=[],consumes=[],produces=[],custom=[]}" onto public org.springframework.web.servlet.ModelAndView com.team.graduate.controller.AdminController.query4Log(java.lang.String,java.lang.String,javax.servlet.http.HttpSession)
16:04:25.264 [localhost-startStop-1] INFO  o.s.w.s.m.m.a.RequestMappingHandlerMapping [AbstractHandlerMethodMapping.java:197] - Mapped "{[/admin/log/download],methods=[],params=[],headers=[],consumes=[],produces=[],custom=[]}" onto public java.lang.String com.team.graduate.controller.AdminController.downloadLog(java.lang.String,javax.servlet.http.HttpSession,javax.servlet.http.HttpServletResponse)
16:04:25.265 [localhost-startStop-1] INFO  o.s.w.s.m.m.a.RequestMappingHandlerMapping [AbstractHandlerMethodMapping.java:197] - Mapped "{[/admin/log/all],methods=[GET],params=[],headers=[],consumes=[],produces=[],custom=[]}" onto public org.springframework.web.servlet.ModelAndView com.team.graduate.controller.AdminController.listAll(javax.servlet.http.HttpSession)
16:04:25.265 [localhost-startStop-1] INFO  o.s.w.s.m.m.a.RequestMappingHandlerMapping [AbstractHandlerMethodMapping.java:197] - Mapped "{[/admin/single/add],methods=[POST],params=[],headers=[],consumes=[],produces=[],custom=[]}" onto public org.springframework.web.servlet.ModelAndView com.team.graduate.controller.AdminController.singleAdd(com.team.graduate.model.StuGraduateInfo,org.springframework.web.multipart.MultipartFile,javax.servlet.http.HttpSession,java.lang.String)
16:04:25.265 [localhost-startStop-1] INFO  o.s.w.s.m.m.a.RequestMappingHandlerMapping [AbstractHandlerMethodMapping.java:197] - Mapped "{[/admin/login],methods=[GET],params=[],headers=[],consumes=[],produces=[],custom=[]}" onto public java.lang.String com.team.graduate.controller.AdminController.adminLoginGet(com.team.graduate.model.Admin,javax.servlet.http.HttpSession)
16:04:25.266 [localhost-startStop-1] INFO  o.s.w.s.m.m.a.RequestMappingHandlerMapping [AbstractHandlerMethodMapping.java:197] - Mapped "{[/admin/log/delete],methods=[],params=[],headers=[],consumes=[],produces=[],custom=[]}" onto public java.lang.String com.team.graduate.controller.AdminController.deleteLog(java.lang.String,javax.servlet.http.HttpSession)
16:04:25.271 [localhost-startStop-1] INFO  o.s.w.s.m.m.a.RequestMappingHandlerMapping [AbstractHandlerMethodMapping.java:197] - Mapped "{[/captchaCheck],methods=[],params=[],headers=[],consumes=[],produces=[],custom=[]}" onto public org.springframework.web.servlet.ModelAndView com.team.graduate.controller.common.KaptchaController.captchaCheckValue(javax.servlet.http.HttpServletRequest)
16:04:25.271 [localhost-startStop-1] INFO  o.s.w.s.m.m.a.RequestMappingHandlerMapping [AbstractHandlerMethodMapping.java:197] - Mapped "{[/captchaImage],methods=[],params=[],headers=[],consumes=[],produces=[],custom=[]}" onto public org.springframework.web.servlet.ModelAndView com.team.graduate.controller.common.KaptchaController.createKaptchaImage(javax.servlet.http.HttpServletRequest,javax.servlet.http.HttpServletResponse) throws java.io.IOException
16:04:25.276 [localhost-startStop-1] INFO  o.s.w.s.m.m.a.RequestMappingHandlerMapping [AbstractHandlerMethodMapping.java:197] - Mapped "{[/log/list],methods=[GET],params=[],headers=[],consumes=[],produces=[],custom=[]}" onto public org.springframework.web.servlet.ModelAndView com.team.graduate.controller.LogController.getAllLog(javax.servlet.http.HttpSession)
16:04:25.277 [localhost-startStop-1] INFO  o.s.w.s.m.m.a.RequestMappingHandlerMapping [AbstractHandlerMethodMapping.java:197] - Mapped "{[/log/export],methods=[GET],params=[],headers=[],consumes=[],produces=[],custom=[]}" onto public org.springframework.web.servlet.ModelAndView com.team.graduate.controller.LogController.exportLogs(javax.servlet.http.HttpSession,javax.servlet.http.HttpServletResponse)
16:04:25.310 [localhost-startStop-1] INFO  o.s.w.s.m.m.a.RequestMappingHandlerMapping [AbstractHandlerMethodMapping.java:197] - Mapped "{[/password/change],methods=[POST],params=[],headers=[],consumes=[],produces=[],custom=[]}" onto public org.springframework.web.servlet.ModelAndView com.team.graduate.controller.PasswordController.changePassword(java.lang.String,java.lang.String,java.lang.String,java.lang.String,javax.servlet.http.HttpSession)
16:04:25.317 [localhost-startStop-1] INFO  o.s.w.s.m.m.a.RequestMappingHandlerMapping [AbstractHandlerMethodMapping.java:197] - Mapped "{[/router/image],methods=[],params=[],headers=[],consumes=[],produces=[],custom=[]}" onto public java.lang.String com.team.graduate.controller.RouterController.image(javax.servlet.http.HttpSession)
16:04:25.318 [localhost-startStop-1] INFO  o.s.w.s.m.m.a.RequestMappingHandlerMapping [AbstractHandlerMethodMapping.java:197] - Mapped "{[/router/single],methods=[],params=[],headers=[],consumes=[],produces=[],custom=[]}" onto public java.lang.String com.team.graduate.controller.RouterController.single(javax.servlet.http.HttpSession)
16:04:25.318 [localhost-startStop-1] INFO  o.s.w.s.m.m.a.RequestMappingHandlerMapping [AbstractHandlerMethodMapping.java:197] - Mapped "{[/router/admin],methods=[],params=[],headers=[],consumes=[],produces=[],custom=[]}" onto public java.lang.String com.team.graduate.controller.RouterController.admin(javax.servlet.http.HttpSession)
16:04:25.319 [localhost-startStop-1] INFO  o.s.w.s.m.m.a.RequestMappingHandlerMapping [AbstractHandlerMethodMapping.java:197] - Mapped "{[/router/search],methods=[GET],params=[],headers=[],consumes=[],produces=[],custom=[]}" onto public java.lang.String com.team.graduate.controller.RouterController.routeToStuSearch()
16:04:25.319 [localhost-startStop-1] INFO  o.s.w.s.m.m.a.RequestMappingHandlerMapping [AbstractHandlerMethodMapping.java:197] - Mapped "{[/router/password],methods=[GET],params=[],headers=[],consumes=[],produces=[],custom=[]}" onto public java.lang.String com.team.graduate.controller.RouterController.passwordChange(javax.servlet.http.HttpServletRequest)
16:04:25.319 [localhost-startStop-1] INFO  o.s.w.s.m.m.a.RequestMappingHandlerMapping [AbstractHandlerMethodMapping.java:197] - Mapped "{[/router/authentication],methods=[GET],params=[],headers=[],consumes=[],produces=[],custom=[]}" onto public org.springframework.web.servlet.ModelAndView com.team.graduate.controller.RouterController.routeToStuAuth()
16:04:25.320 [localhost-startStop-1] INFO  o.s.w.s.m.m.a.RequestMappingHandlerMapping [AbstractHandlerMethodMapping.java:197] - Mapped "{[/router/single/add],methods=[GET],params=[],headers=[],consumes=[],produces=[],custom=[]}" onto public java.lang.String com.team.graduate.controller.RouterController.singleAdd(javax.servlet.http.HttpServletRequest)
16:04:25.320 [localhost-startStop-1] INFO  o.s.w.s.m.m.a.RequestMappingHandlerMapping [AbstractHandlerMethodMapping.java:197] - Mapped "{[/router/photo/{name}],methods=[],params=[],headers=[],consumes=[],produces=[],custom=[]}" onto public void com.team.graduate.controller.RouterController.photo(javax.servlet.http.HttpServletResponse,javax.servlet.http.HttpServletRequest,java.lang.String) throws java.io.IOException
16:04:25.320 [localhost-startStop-1] INFO  o.s.w.s.m.m.a.RequestMappingHandlerMapping [AbstractHandlerMethodMapping.java:197] - Mapped "{[/router/validateCode],methods=[POST],params=[],headers=[],consumes=[],produces=[],custom=[]}" onto public boolean com.team.graduate.controller.RouterController.validateCode(javax.servlet.http.HttpServletRequest,java.lang.String)
16:04:25.321 [localhost-startStop-1] INFO  o.s.w.s.m.m.a.RequestMappingHandlerMapping [AbstractHandlerMethodMapping.java:197] - Mapped "{[/router/log/index],methods=[],params=[],headers=[],consumes=[],produces=[],custom=[]}" onto public java.lang.String com.team.graduate.controller.RouterController.logQuery(javax.servlet.http.HttpServletRequest)
16:04:25.328 [localhost-startStop-1] INFO  o.s.w.s.m.m.a.RequestMappingHandlerMapping [AbstractHandlerMethodMapping.java:197] - Mapped "{[/stu/search],methods=[POST],params=[],headers=[],consumes=[],produces=[],custom=[]}" onto public org.springframework.web.servlet.ModelAndView com.team.graduate.controller.StuGraduateController.search(com.team.graduate.model.StuGraduateInfo,javax.servlet.http.HttpServletRequest,java.lang.String)
16:04:25.329 [localhost-startStop-1] INFO  o.s.w.s.m.m.a.RequestMappingHandlerMapping [AbstractHandlerMethodMapping.java:197] - Mapped "{[/stu/authentication],methods=[POST],params=[],headers=[],consumes=[],produces=[],custom=[]}" onto public org.springframework.web.servlet.ModelAndView com.team.graduate.controller.StuGraduateController.authentication(com.team.graduate.model.StuGraduateInfo,javax.servlet.http.HttpServletRequest,java.lang.String)
16:04:25.333 [localhost-startStop-1] INFO  o.s.w.s.m.m.a.RequestMappingHandlerMapping [AbstractHandlerMethodMapping.java:197] - Mapped "{[/stu/authentication],methods=[GET],params=[],headers=[],consumes=[],produces=[],custom=[]}" onto public java.lang.String com.team.graduate.controller.StuGraduateController.authenticationGet()
16:04:25.334 [localhost-startStop-1] INFO  o.s.w.s.m.m.a.RequestMappingHandlerMapping [AbstractHandlerMethodMapping.java:197] - Mapped "{[/stu/isStuMajorDegreeCertNumExist],methods=[],params=[],headers=[],consumes=[],produces=[],custom=[]}" onto public boolean com.team.graduate.controller.StuGraduateController.isStuMajorDegreeCertNumExist(java.lang.String)
16:04:25.334 [localhost-startStop-1] INFO  o.s.w.s.m.m.a.RequestMappingHandlerMapping [AbstractHandlerMethodMapping.java:197] - Mapped "{[/stu/isStuNumberExist],methods=[],params=[],headers=[],consumes=[],produces=[],custom=[]}" onto public boolean com.team.graduate.controller.StuGraduateController.isStuNumberExist(java.lang.String)
16:04:25.336 [localhost-startStop-1] INFO  o.s.w.s.m.m.a.RequestMappingHandlerMapping [AbstractHandlerMethodMapping.java:197] - Mapped "{[/stu/isStuGraduationCardNumExist],methods=[],params=[],headers=[],consumes=[],produces=[],custom=[]}" onto public boolean com.team.graduate.controller.StuGraduateController.isStuGraduationCardNumExist(java.lang.String)
16:04:25.337 [localhost-startStop-1] INFO  o.s.w.s.m.m.a.RequestMappingHandlerMapping [AbstractHandlerMethodMapping.java:197] - Mapped "{[/stu/isStuIdentificationNumExist],methods=[],params=[],headers=[],consumes=[],produces=[],custom=[]}" onto public boolean com.team.graduate.controller.StuGraduateController.isStuIdentificationNumExist(java.lang.String)
16:04:25.337 [localhost-startStop-1] INFO  o.s.w.s.m.m.a.RequestMappingHandlerMapping [AbstractHandlerMethodMapping.java:197] - Mapped "{[/stu/search],methods=[GET],params=[],headers=[],consumes=[],produces=[],custom=[]}" onto public java.lang.String com.team.graduate.controller.StuGraduateController.searchGet()
16:04:28.149 [localhost-startStop-1] INFO  o.s.w.s.h.SimpleUrlHandlerMapping [AbstractUrlHandlerMapping.java:315] - Mapped URL path [/static/**] onto handler 'org.springframework.web.servlet.resource.ResourceHttpRequestHandler#0'
16:04:29.181 [localhost-startStop-1] INFO  o.s.web.servlet.DispatcherServlet [FrameworkServlet.java:498] - FrameworkServlet 'springServlet': initialization completed in 6124 ms
