22:18:26.202 [localhost-startStop-1] INFO  o.s.web.context.ContextLoader [ContextLoader.java:285] - Root WebApplicationContext: initialization started
22:18:26.625 [localhost-startStop-1] INFO  o.s.w.c.s.XmlWebApplicationContext [AbstractApplicationContext.java:513] - Refreshing Root WebApplicationContext: startup date [Fri Nov 20 22:18:26 CST 2015]; root of context hierarchy
22:18:26.750 [localhost-startStop-1] INFO  o.s.b.f.xml.XmlBeanDefinitionReader [XmlBeanDefinitionReader.java:316] - Loading XML bean definitions from class path resource [spring/root-context.xml]
22:18:27.291 [localhost-startStop-1] INFO  o.s.c.s.PropertySourcesPlaceholderConfigurer [PropertiesLoaderSupport.java:172] - Loading properties file from class path resource [db/db.properties]
22:18:27.924 [localhost-startStop-1] INFO  o.s.web.context.ContextLoader [ContextLoader.java:325] - Root WebApplicationContext: initialization completed in 1702 ms
22:18:28.169 [localhost-startStop-1] INFO  o.s.web.servlet.DispatcherServlet [FrameworkServlet.java:479] - FrameworkServlet 'springServlet': initialization started
22:18:28.193 [localhost-startStop-1] INFO  o.s.w.c.s.XmlWebApplicationContext [AbstractApplicationContext.java:513] - Refreshing WebApplicationContext for namespace 'springServlet-servlet': startup date [Fri Nov 20 22:18:28 CST 2015]; parent: Root WebApplicationContext
22:18:28.196 [localhost-startStop-1] INFO  o.s.b.f.xml.XmlBeanDefinitionReader [XmlBeanDefinitionReader.java:316] - Loading XML bean definitions from class path resource [spring/servlet-context.xml]
22:18:30.055 [localhost-startStop-1] INFO  o.s.b.f.a.AutowiredAnnotationBeanPostProcessor [AutowiredAnnotationBeanPostProcessor.java:141] - JSR-330 'javax.inject.Inject' annotation found and supported for autowiring
22:18:30.729 [localhost-startStop-1] INFO  o.s.w.s.m.m.a.RequestMappingHandlerMapping [AbstractHandlerMethodMapping.java:197] - Mapped "{[/admin/image/import],methods=[GET],params=[],headers=[],consumes=[],produces=[],custom=[]}" onto public java.lang.String com.team.graduate.controller.AdminController.processImageImportGet()
22:18:30.729 [localhost-startStop-1] INFO  o.s.w.s.m.m.a.RequestMappingHandlerMapping [AbstractHandlerMethodMapping.java:197] - Mapped "{[/admin/single/query],methods=[POST],params=[],headers=[],consumes=[],produces=[],custom=[]}" onto public org.springframework.web.servlet.ModelAndView com.team.graduate.controller.AdminController.queryByStuNumber(java.lang.String,javax.servlet.http.HttpSession,java.lang.String)
22:18:30.730 [localhost-startStop-1] INFO  o.s.w.s.m.m.a.RequestMappingHandlerMapping [AbstractHandlerMethodMapping.java:197] - Mapped "{[/admin/single/query],methods=[GET],params=[],headers=[],consumes=[],produces=[],custom=[]}" onto public java.lang.String com.team.graduate.controller.AdminController.queryByStuNumber(javax.servlet.http.HttpSession)
22:18:30.730 [localhost-startStop-1] INFO  o.s.w.s.m.m.a.RequestMappingHandlerMapping [AbstractHandlerMethodMapping.java:197] - Mapped "{[/admin/download],methods=[GET],params=[],headers=[],consumes=[],produces=[],custom=[]}" onto public java.lang.String com.team.graduate.controller.AdminController.downloadTemplate(javax.servlet.http.HttpServletResponse,javax.servlet.http.HttpSession)
22:18:30.731 [localhost-startStop-1] INFO  o.s.w.s.m.m.a.RequestMappingHandlerMapping [AbstractHandlerMethodMapping.java:197] - Mapped "{[/admin/single/queryById/{id}],methods=[],params=[],headers=[],consumes=[],produces=[],custom=[]}" onto public org.springframework.web.servlet.ModelAndView com.team.graduate.controller.AdminController.queryForUpdate(java.lang.String,javax.servlet.http.HttpSession)
22:18:30.731 [localhost-startStop-1] INFO  o.s.w.s.m.m.a.RequestMappingHandlerMapping [AbstractHandlerMethodMapping.java:197] - Mapped "{[/admin/image/import],methods=[POST],params=[],headers=[],consumes=[],produces=[],custom=[]}" onto public org.springframework.web.servlet.ModelAndView com.team.graduate.controller.AdminController.processImageImport(org.springframework.web.multipart.MultipartFile[],javax.servlet.http.HttpServletRequest)
22:18:30.732 [localhost-startStop-1] INFO  o.s.w.s.m.m.a.RequestMappingHandlerMapping [AbstractHandlerMethodMapping.java:197] - Mapped "{[/admin/import],methods=[POST],params=[],headers=[],consumes=[],produces=[],custom=[]}" onto public org.springframework.web.servlet.ModelAndView com.team.graduate.controller.AdminController.processDataImport(org.springframework.web.multipart.MultipartFile,javax.servlet.http.HttpServletRequest)
22:18:30.732 [localhost-startStop-1] INFO  o.s.w.s.m.m.a.RequestMappingHandlerMapping [AbstractHandlerMethodMapping.java:197] - Mapped "{[/admin/import],methods=[GET],params=[],headers=[],consumes=[],produces=[],custom=[]}" onto public java.lang.String com.team.graduate.controller.AdminController.processDataImport()
22:18:30.733 [localhost-startStop-1] INFO  o.s.w.s.m.m.a.RequestMappingHandlerMapping [AbstractHandlerMethodMapping.java:197] - Mapped "{[/admin/single/update],methods=[GET],params=[],headers=[],consumes=[],produces=[],custom=[]}" onto public java.lang.String com.team.graduate.controller.AdminController.updateInformation(javax.servlet.http.HttpSession)
22:18:30.733 [localhost-startStop-1] INFO  o.s.w.s.m.m.a.RequestMappingHandlerMapping [AbstractHandlerMethodMapping.java:197] - Mapped "{[/admin/single/update],methods=[POST],params=[],headers=[],consumes=[],produces=[],custom=[]}" onto public org.springframework.web.servlet.ModelAndView com.team.graduate.controller.AdminController.updateInformation(com.team.graduate.model.StuGraduateInfo,javax.servlet.http.HttpSession,org.springframework.web.multipart.MultipartFile,java.lang.String)
22:18:30.734 [localhost-startStop-1] INFO  o.s.w.s.m.m.a.RequestMappingHandlerMapping [AbstractHandlerMethodMapping.java:197] - Mapped "{[/admin/single/add],methods=[POST],params=[],headers=[],consumes=[],produces=[],custom=[]}" onto public org.springframework.web.servlet.ModelAndView com.team.graduate.controller.AdminController.singleAdd(com.team.graduate.model.StuGraduateInfo,org.springframework.web.multipart.MultipartFile,javax.servlet.http.HttpSession,java.lang.String)
22:18:30.734 [localhost-startStop-1] INFO  o.s.w.s.m.m.a.RequestMappingHandlerMapping [AbstractHandlerMethodMapping.java:197] - Mapped "{[/admin/login],methods=[POST],params=[],headers=[],consumes=[],produces=[],custom=[]}" onto public org.springframework.web.servlet.ModelAndView com.team.graduate.controller.AdminController.adminLogin(com.team.graduate.model.Admin,javax.servlet.http.HttpSession,java.lang.String)
22:18:30.734 [localhost-startStop-1] INFO  o.s.w.s.m.m.a.RequestMappingHandlerMapping [AbstractHandlerMethodMapping.java:197] - Mapped "{[/admin/logout],methods=[GET],params=[],headers=[],consumes=[],produces=[],custom=[]}" onto public java.lang.String com.team.graduate.controller.AdminController.adminLogout(javax.servlet.http.HttpSession)
22:18:30.735 [localhost-startStop-1] INFO  o.s.w.s.m.m.a.RequestMappingHandlerMapping [AbstractHandlerMethodMapping.java:197] - Mapped "{[/admin/login],methods=[GET],params=[],headers=[],consumes=[],produces=[],custom=[]}" onto public java.lang.String com.team.graduate.controller.AdminController.adminLoginGet(com.team.graduate.model.Admin,javax.servlet.http.HttpSession)
22:18:30.735 [localhost-startStop-1] INFO  o.s.w.s.m.m.a.RequestMappingHandlerMapping [AbstractHandlerMethodMapping.java:197] - Mapped "{[/admin/single/add],methods=[GET],params=[],headers=[],consumes=[],produces=[],custom=[]}" onto public java.lang.String com.team.graduate.controller.AdminController.singleAddGet()
22:18:30.758 [localhost-startStop-1] INFO  o.s.w.s.m.m.a.RequestMappingHandlerMapping [AbstractHandlerMethodMapping.java:197] - Mapped "{[/admin/log/query],methods=[POST],params=[],headers=[],consumes=[],produces=[],custom=[]}" onto public org.springframework.web.servlet.ModelAndView com.team.graduate.controller.AdminController.query4Log(java.lang.String,java.lang.String,javax.servlet.http.HttpSession)
22:18:30.759 [localhost-startStop-1] INFO  o.s.w.s.m.m.a.RequestMappingHandlerMapping [AbstractHandlerMethodMapping.java:197] - Mapped "{[/admin/log/query],methods=[GET],params=[],headers=[],consumes=[],produces=[],custom=[]}" onto public org.springframework.web.servlet.ModelAndView com.team.graduate.controller.AdminController.query4LogGet(javax.servlet.http.HttpSession)
22:18:30.759 [localhost-startStop-1] INFO  o.s.w.s.m.m.a.RequestMappingHandlerMapping [AbstractHandlerMethodMapping.java:197] - Mapped "{[/admin/log/download],methods=[],params=[],headers=[],consumes=[],produces=[],custom=[]}" onto public java.lang.String com.team.graduate.controller.AdminController.downloadLog(java.lang.String,javax.servlet.http.HttpSession,javax.servlet.http.HttpServletResponse)
22:18:30.759 [localhost-startStop-1] INFO  o.s.w.s.m.m.a.RequestMappingHandlerMapping [AbstractHandlerMethodMapping.java:197] - Mapped "{[/admin/log/delete],methods=[],params=[],headers=[],consumes=[],produces=[],custom=[]}" onto public java.lang.String com.team.graduate.controller.AdminController.deleteLog(java.lang.String,javax.servlet.http.HttpSession)
22:18:30.760 [localhost-startStop-1] INFO  o.s.w.s.m.m.a.RequestMappingHandlerMapping [AbstractHandlerMethodMapping.java:197] - Mapped "{[/admin/log/all],methods=[GET],params=[],headers=[],consumes=[],produces=[],custom=[]}" onto public org.springframework.web.servlet.ModelAndView com.team.graduate.controller.AdminController.listAll(javax.servlet.http.HttpSession)
22:18:30.782 [localhost-startStop-1] INFO  o.s.w.s.m.m.a.RequestMappingHandlerMapping [AbstractHandlerMethodMapping.java:197] - Mapped "{[/captchaImage],methods=[],params=[],headers=[],consumes=[],produces=[],custom=[]}" onto public org.springframework.web.servlet.ModelAndView com.team.graduate.controller.common.KaptchaController.createKaptchaImage(javax.servlet.http.HttpServletRequest,javax.servlet.http.HttpServletResponse) throws java.io.IOException
22:18:30.782 [localhost-startStop-1] INFO  o.s.w.s.m.m.a.RequestMappingHandlerMapping [AbstractHandlerMethodMapping.java:197] - Mapped "{[/captchaCheck],methods=[],params=[],headers=[],consumes=[],produces=[],custom=[]}" onto public org.springframework.web.servlet.ModelAndView com.team.graduate.controller.common.KaptchaController.captchaCheckValue(javax.servlet.http.HttpServletRequest)
22:18:30.789 [localhost-startStop-1] INFO  o.s.w.s.m.m.a.RequestMappingHandlerMapping [AbstractHandlerMethodMapping.java:197] - Mapped "{[/log/list],methods=[GET],params=[],headers=[],consumes=[],produces=[],custom=[]}" onto public org.springframework.web.servlet.ModelAndView com.team.graduate.controller.LogController.getAllLog(javax.servlet.http.HttpSession)
22:18:30.790 [localhost-startStop-1] INFO  o.s.w.s.m.m.a.RequestMappingHandlerMapping [AbstractHandlerMethodMapping.java:197] - Mapped "{[/log/export],methods=[GET],params=[],headers=[],consumes=[],produces=[],custom=[]}" onto public org.springframework.web.servlet.ModelAndView com.team.graduate.controller.LogController.exportLogs(javax.servlet.http.HttpSession,javax.servlet.http.HttpServletResponse)
22:18:30.791 [localhost-startStop-1] INFO  o.s.w.s.m.m.a.RequestMappingHandlerMapping [AbstractHandlerMethodMapping.java:197] - Mapped "{[/password/change],methods=[POST],params=[],headers=[],consumes=[],produces=[],custom=[]}" onto public org.springframework.web.servlet.ModelAndView com.team.graduate.controller.PasswordController.changePassword(java.lang.String,java.lang.String,java.lang.String,java.lang.String,javax.servlet.http.HttpSession)
22:18:30.797 [localhost-startStop-1] INFO  o.s.w.s.m.m.a.RequestMappingHandlerMapping [AbstractHandlerMethodMapping.java:197] - Mapped "{[/router/single],methods=[],params=[],headers=[],consumes=[],produces=[],custom=[]}" onto public java.lang.String com.team.graduate.controller.RouterController.single(javax.servlet.http.HttpSession)
22:18:30.799 [localhost-startStop-1] INFO  o.s.w.s.m.m.a.RequestMappingHandlerMapping [AbstractHandlerMethodMapping.java:197] - Mapped "{[/router/image],methods=[],params=[],headers=[],consumes=[],produces=[],custom=[]}" onto public java.lang.String com.team.graduate.controller.RouterController.image(javax.servlet.http.HttpSession)
22:18:30.799 [localhost-startStop-1] INFO  o.s.w.s.m.m.a.RequestMappingHandlerMapping [AbstractHandlerMethodMapping.java:197] - Mapped "{[/router/admin],methods=[],params=[],headers=[],consumes=[],produces=[],custom=[]}" onto public java.lang.String com.team.graduate.controller.RouterController.admin(javax.servlet.http.HttpSession)
22:18:30.800 [localhost-startStop-1] INFO  o.s.w.s.m.m.a.RequestMappingHandlerMapping [AbstractHandlerMethodMapping.java:197] - Mapped "{[/router/search],methods=[GET],params=[],headers=[],consumes=[],produces=[],custom=[]}" onto public java.lang.String com.team.graduate.controller.RouterController.routeToStuSearch()
22:18:30.800 [localhost-startStop-1] INFO  o.s.w.s.m.m.a.RequestMappingHandlerMapping [AbstractHandlerMethodMapping.java:197] - Mapped "{[/router/authentication],methods=[GET],params=[],headers=[],consumes=[],produces=[],custom=[]}" onto public org.springframework.web.servlet.ModelAndView com.team.graduate.controller.RouterController.routeToStuAuth()
22:18:30.800 [localhost-startStop-1] INFO  o.s.w.s.m.m.a.RequestMappingHandlerMapping [AbstractHandlerMethodMapping.java:197] - Mapped "{[/router/password],methods=[GET],params=[],headers=[],consumes=[],produces=[],custom=[]}" onto public java.lang.String com.team.graduate.controller.RouterController.passwordChange(javax.servlet.http.HttpServletRequest)
22:18:30.801 [localhost-startStop-1] INFO  o.s.w.s.m.m.a.RequestMappingHandlerMapping [AbstractHandlerMethodMapping.java:197] - Mapped "{[/router/single/add],methods=[GET],params=[],headers=[],consumes=[],produces=[],custom=[]}" onto public java.lang.String com.team.graduate.controller.RouterController.singleAdd(javax.servlet.http.HttpServletRequest)
22:18:30.801 [localhost-startStop-1] INFO  o.s.w.s.m.m.a.RequestMappingHandlerMapping [AbstractHandlerMethodMapping.java:197] - Mapped "{[/router/validateCode],methods=[POST],params=[],headers=[],consumes=[],produces=[],custom=[]}" onto public boolean com.team.graduate.controller.RouterController.validateCode(javax.servlet.http.HttpServletRequest,java.lang.String)
22:18:30.801 [localhost-startStop-1] INFO  o.s.w.s.m.m.a.RequestMappingHandlerMapping [AbstractHandlerMethodMapping.java:197] - Mapped "{[/router/photo/{name}],methods=[],params=[],headers=[],consumes=[],produces=[],custom=[]}" onto public void com.team.graduate.controller.RouterController.photo(javax.servlet.http.HttpServletResponse,javax.servlet.http.HttpServletRequest,java.lang.String) throws java.io.IOException
22:18:30.802 [localhost-startStop-1] INFO  o.s.w.s.m.m.a.RequestMappingHandlerMapping [AbstractHandlerMethodMapping.java:197] - Mapped "{[/router/log/index],methods=[],params=[],headers=[],consumes=[],produces=[],custom=[]}" onto public java.lang.String com.team.graduate.controller.RouterController.logQuery(javax.servlet.http.HttpServletRequest)
22:18:30.813 [localhost-startStop-1] INFO  o.s.w.s.m.m.a.RequestMappingHandlerMapping [AbstractHandlerMethodMapping.java:197] - Mapped "{[/stu/search],methods=[POST],params=[],headers=[],consumes=[],produces=[],custom=[]}" onto public org.springframework.web.servlet.ModelAndView com.team.graduate.controller.StuGraduateController.search(com.team.graduate.model.StuGraduateInfo,javax.servlet.http.HttpServletRequest,java.lang.String)
22:18:30.814 [localhost-startStop-1] INFO  o.s.w.s.m.m.a.RequestMappingHandlerMapping [AbstractHandlerMethodMapping.java:197] - Mapped "{[/stu/authentication],methods=[POST],params=[],headers=[],consumes=[],produces=[],custom=[]}" onto public org.springframework.web.servlet.ModelAndView com.team.graduate.controller.StuGraduateController.authentication(com.team.graduate.model.StuGraduateInfo,javax.servlet.http.HttpServletRequest,java.lang.String)
22:18:30.814 [localhost-startStop-1] INFO  o.s.w.s.m.m.a.RequestMappingHandlerMapping [AbstractHandlerMethodMapping.java:197] - Mapped "{[/stu/isStuNumberExist],methods=[],params=[],headers=[],consumes=[],produces=[],custom=[]}" onto public boolean com.team.graduate.controller.StuGraduateController.isStuNumberExist(java.lang.String)
22:18:30.814 [localhost-startStop-1] INFO  o.s.w.s.m.m.a.RequestMappingHandlerMapping [AbstractHandlerMethodMapping.java:197] - Mapped "{[/stu/isStuMajorDegreeCertNumExist],methods=[],params=[],headers=[],consumes=[],produces=[],custom=[]}" onto public boolean com.team.graduate.controller.StuGraduateController.isStuMajorDegreeCertNumExist(java.lang.String)
22:18:30.815 [localhost-startStop-1] INFO  o.s.w.s.m.m.a.RequestMappingHandlerMapping [AbstractHandlerMethodMapping.java:197] - Mapped "{[/stu/isStuGraduationCardNumExist],methods=[],params=[],headers=[],consumes=[],produces=[],custom=[]}" onto public boolean com.team.graduate.controller.StuGraduateController.isStuGraduationCardNumExist(java.lang.String)
22:18:30.815 [localhost-startStop-1] INFO  o.s.w.s.m.m.a.RequestMappingHandlerMapping [AbstractHandlerMethodMapping.java:197] - Mapped "{[/stu/isStuIdentificationNumExist],methods=[],params=[],headers=[],consumes=[],produces=[],custom=[]}" onto public boolean com.team.graduate.controller.StuGraduateController.isStuIdentificationNumExist(java.lang.String)
22:18:30.816 [localhost-startStop-1] INFO  o.s.w.s.m.m.a.RequestMappingHandlerMapping [AbstractHandlerMethodMapping.java:197] - Mapped "{[/stu/authentication],methods=[GET],params=[],headers=[],consumes=[],produces=[],custom=[]}" onto public java.lang.String com.team.graduate.controller.StuGraduateController.authenticationGet()
22:18:30.816 [localhost-startStop-1] INFO  o.s.w.s.m.m.a.RequestMappingHandlerMapping [AbstractHandlerMethodMapping.java:197] - Mapped "{[/stu/search],methods=[GET],params=[],headers=[],consumes=[],produces=[],custom=[]}" onto public java.lang.String com.team.graduate.controller.StuGraduateController.searchGet()
22:18:32.758 [localhost-startStop-1] INFO  o.s.w.s.h.SimpleUrlHandlerMapping [AbstractUrlHandlerMapping.java:315] - Mapped URL path [/static/**] onto handler 'org.springframework.web.servlet.resource.ResourceHttpRequestHandler#0'
22:18:33.378 [localhost-startStop-1] INFO  o.s.web.servlet.DispatcherServlet [FrameworkServlet.java:498] - FrameworkServlet 'springServlet': initialization completed in 5209 ms
22:19:06.492 [http-bio-8080-exec-6] WARN  WARN [AbstractHandlerExceptionResolver.java:187] - Handler execution resulted in exception
org.springframework.jdbc.CannotGetJdbcConnectionException: Could not get JDBC Connection; nested exception is com.mysql.jdbc.exceptions.jdbc4.CommunicationsException: Communications link failure

The last packet sent successfully to the server was 0 milliseconds ago. The driver has not received any packets from the server.
	at org.springframework.jdbc.datasource.DataSourceUtils.getConnection(DataSourceUtils.java:80) ~[spring-jdbc-4.0.5.RELEASE.jar:4.0.5.RELEASE]
	at org.springframework.jdbc.core.JdbcTemplate.execute(JdbcTemplate.java:388) ~[spring-jdbc-4.0.5.RELEASE.jar:4.0.5.RELEASE]
	at org.springframework.jdbc.core.JdbcTemplate.query(JdbcTemplate.java:468) ~[spring-jdbc-4.0.5.RELEASE.jar:4.0.5.RELEASE]
	at org.springframework.jdbc.core.JdbcTemplate.query(JdbcTemplate.java:478) ~[spring-jdbc-4.0.5.RELEASE.jar:4.0.5.RELEASE]
	at org.springframework.jdbc.core.JdbcTemplate.queryForList(JdbcTemplate.java:513) ~[spring-jdbc-4.0.5.RELEASE.jar:4.0.5.RELEASE]
	at com.team.graduate.repository.impl.StuGraduateRepositoryImpl.getDiffDate(StuGraduateRepositoryImpl.java:49) ~[classes/:na]
	at com.team.graduate.service.impl.StuGraduateServiceImpl.getAllDate(StuGraduateServiceImpl.java:31) ~[classes/:na]
	at com.team.graduate.controller.RouterController.routeToStuAuth(RouterController.java:60) ~[classes/:na]
	at sun.reflect.NativeMethodAccessorImpl.invoke0(Native Method) ~[na:1.7.0_75]
	at sun.reflect.NativeMethodAccessorImpl.invoke(NativeMethodAccessorImpl.java:57) ~[na:1.7.0_75]
	at sun.reflect.DelegatingMethodAccessorImpl.invoke(DelegatingMethodAccessorImpl.java:43) ~[na:1.7.0_75]
	at java.lang.reflect.Method.invoke(Method.java:606) ~[na:1.7.0_75]
	at org.springframework.web.method.support.InvocableHandlerMethod.invoke(InvocableHandlerMethod.java:215) ~[spring-web-4.0.5.RELEASE.jar:4.0.5.RELEASE]
	at org.springframework.web.method.support.InvocableHandlerMethod.invokeForRequest(InvocableHandlerMethod.java:132) ~[spring-web-4.0.5.RELEASE.jar:4.0.5.RELEASE]
	at org.springframework.web.servlet.mvc.method.annotation.ServletInvocableHandlerMethod.invokeAndHandle(ServletInvocableHandlerMethod.java:104) ~[spring-webmvc-4.0.5.RELEASE.jar:4.0.5.RELEASE]
	at org.springframework.web.servlet.mvc.method.annotation.RequestMappingHandlerAdapter.invokeHandleMethod(RequestMappingHandlerAdapter.java:749) ~[spring-webmvc-4.0.5.RELEASE.jar:4.0.5.RELEASE]
	at org.springframework.web.servlet.mvc.method.annotation.RequestMappingHandlerAdapter.handleInternal(RequestMappingHandlerAdapter.java:689) ~[spring-webmvc-4.0.5.RELEASE.jar:4.0.5.RELEASE]
	at org.springframework.web.servlet.mvc.method.AbstractHandlerMethodAdapter.handle(AbstractHandlerMethodAdapter.java:83) ~[spring-webmvc-4.0.5.RELEASE.jar:4.0.5.RELEASE]
	at org.springframework.web.servlet.DispatcherServlet.doDispatch(DispatcherServlet.java:938) [spring-webmvc-4.0.5.RELEASE.jar:4.0.5.RELEASE]
	at org.springframework.web.servlet.DispatcherServlet.doService(DispatcherServlet.java:870) [spring-webmvc-4.0.5.RELEASE.jar:4.0.5.RELEASE]
	at org.springframework.web.servlet.FrameworkServlet.processRequest(FrameworkServlet.java:961) [spring-webmvc-4.0.5.RELEASE.jar:4.0.5.RELEASE]
	at org.springframework.web.servlet.FrameworkServlet.doGet(FrameworkServlet.java:852) [spring-webmvc-4.0.5.RELEASE.jar:4.0.5.RELEASE]
	at javax.servlet.http.HttpServlet.service(HttpServlet.java:621) [tomcat-embed-core-7.0.30.jar:7.0.30]
	at org.springframework.web.servlet.FrameworkServlet.service(FrameworkServlet.java:837) [spring-webmvc-4.0.5.RELEASE.jar:4.0.5.RELEASE]
	at javax.servlet.http.HttpServlet.service(HttpServlet.java:722) [tomcat-embed-core-7.0.30.jar:7.0.30]
	at org.apache.catalina.core.ApplicationFilterChain.internalDoFilter(ApplicationFilterChain.java:305) [tomcat-embed-core-7.0.30.jar:7.0.30]
	at org.apache.catalina.core.ApplicationFilterChain.doFilter(ApplicationFilterChain.java:210) [tomcat-embed-core-7.0.30.jar:7.0.30]
	at org.springframework.web.filter.CharacterEncodingFilter.doFilterInternal(CharacterEncodingFilter.java:88) [spring-web-4.0.5.RELEASE.jar:4.0.5.RELEASE]
	at org.springframework.web.filter.OncePerRequestFilter.doFilter(OncePerRequestFilter.java:107) [spring-web-4.0.5.RELEASE.jar:4.0.5.RELEASE]
	at org.apache.catalina.core.ApplicationFilterChain.internalDoFilter(ApplicationFilterChain.java:243) [tomcat-embed-core-7.0.30.jar:7.0.30]
	at org.apache.catalina.core.ApplicationFilterChain.doFilter(ApplicationFilterChain.java:210) [tomcat-embed-core-7.0.30.jar:7.0.30]
	at org.apache.catalina.core.StandardWrapperValve.invoke(StandardWrapperValve.java:222) [tomcat-embed-core-7.0.30.jar:7.0.30]
	at org.apache.catalina.core.StandardContextValve.invoke(StandardContextValve.java:123) [tomcat-embed-core-7.0.30.jar:7.0.30]
	at org.apache.catalina.authenticator.AuthenticatorBase.invoke(AuthenticatorBase.java:472) [tomcat-embed-core-7.0.30.jar:7.0.30]
	at org.apache.catalina.core.StandardHostValve.invoke(StandardHostValve.java:168) [tomcat-embed-core-7.0.30.jar:7.0.30]
	at org.apache.catalina.valves.ErrorReportValve.invoke(ErrorReportValve.java:99) [tomcat-embed-core-7.0.30.jar:7.0.30]
	at org.apache.catalina.valves.AccessLogValve.invoke(AccessLogValve.java:929) [tomcat-embed-core-7.0.30.jar:7.0.30]
	at org.apache.catalina.core.StandardEngineValve.invoke(StandardEngineValve.java:118) [tomcat-embed-core-7.0.30.jar:7.0.30]
	at org.apache.catalina.connector.CoyoteAdapter.service(CoyoteAdapter.java:407) [tomcat-embed-core-7.0.30.jar:7.0.30]
	at org.apache.coyote.http11.AbstractHttp11Processor.process(AbstractHttp11Processor.java:1002) [tomcat-embed-core-7.0.30.jar:7.0.30]
	at org.apache.coyote.AbstractProtocol$AbstractConnectionHandler.process(AbstractProtocol.java:585) [tomcat-embed-core-7.0.30.jar:7.0.30]
	at org.apache.tomcat.util.net.JIoEndpoint$SocketProcessor.run(JIoEndpoint.java:312) [tomcat-embed-core-7.0.30.jar:7.0.30]
	at java.util.concurrent.ThreadPoolExecutor.runWorker(ThreadPoolExecutor.java:1145) [na:1.7.0_75]
	at java.util.concurrent.ThreadPoolExecutor$Worker.run(ThreadPoolExecutor.java:615) [na:1.7.0_75]
	at java.lang.Thread.run(Thread.java:745) [na:1.7.0_75]
Caused by: com.mysql.jdbc.exceptions.jdbc4.CommunicationsException: Communications link failure

The last packet sent successfully to the server was 0 milliseconds ago. The driver has not received any packets from the server.
	at sun.reflect.NativeConstructorAccessorImpl.newInstance0(Native Method) ~[na:1.7.0_75]
	at sun.reflect.NativeConstructorAccessorImpl.newInstance(NativeConstructorAccessorImpl.java:57) ~[na:1.7.0_75]
	at sun.reflect.DelegatingConstructorAccessorImpl.newInstance(DelegatingConstructorAccessorImpl.java:45) ~[na:1.7.0_75]
	at java.lang.reflect.Constructor.newInstance(Constructor.java:526) ~[na:1.7.0_75]
	at com.mysql.jdbc.Util.handleNewInstance(Util.java:409) ~[mysql-connector-java-5.1.30.jar:na]
	at com.mysql.jdbc.SQLError.createCommunicationsException(SQLError.java:1127) ~[mysql-connector-java-5.1.30.jar:na]
	at com.mysql.jdbc.MysqlIO.<init>(MysqlIO.java:356) ~[mysql-connector-java-5.1.30.jar:na]
	at com.mysql.jdbc.ConnectionImpl.coreConnect(ConnectionImpl.java:2502) ~[mysql-connector-java-5.1.30.jar:na]
	at com.mysql.jdbc.ConnectionImpl.connectOneTryOnly(ConnectionImpl.java:2539) ~[mysql-connector-java-5.1.30.jar:na]
	at com.mysql.jdbc.ConnectionImpl.createNewIO(ConnectionImpl.java:2321) ~[mysql-connector-java-5.1.30.jar:na]
	at com.mysql.jdbc.ConnectionImpl.<init>(ConnectionImpl.java:832) ~[mysql-connector-java-5.1.30.jar:na]
	at com.mysql.jdbc.JDBC4Connection.<init>(JDBC4Connection.java:46) ~[mysql-connector-java-5.1.30.jar:na]
	at sun.reflect.NativeConstructorAccessorImpl.newInstance0(Native Method) ~[na:1.7.0_75]
	at sun.reflect.NativeConstructorAccessorImpl.newInstance(NativeConstructorAccessorImpl.java:57) ~[na:1.7.0_75]
	at sun.reflect.DelegatingConstructorAccessorImpl.newInstance(DelegatingConstructorAccessorImpl.java:45) ~[na:1.7.0_75]
	at java.lang.reflect.Constructor.newInstance(Constructor.java:526) ~[na:1.7.0_75]
	at com.mysql.jdbc.Util.handleNewInstance(Util.java:409) ~[mysql-connector-java-5.1.30.jar:na]
	at com.mysql.jdbc.ConnectionImpl.getInstance(ConnectionImpl.java:417) ~[mysql-connector-java-5.1.30.jar:na]
	at com.mysql.jdbc.NonRegisteringDriver.connect(NonRegisteringDriver.java:344) ~[mysql-connector-java-5.1.30.jar:na]
	at com.alibaba.druid.filter.FilterChainImpl.connection_connect(FilterChainImpl.java:148) ~[druid-1.0.5.jar:1.0.5]
	at com.alibaba.druid.filter.stat.StatFilter.connection_connect(StatFilter.java:211) ~[druid-1.0.5.jar:1.0.5]
	at com.alibaba.druid.filter.FilterChainImpl.connection_connect(FilterChainImpl.java:142) ~[druid-1.0.5.jar:1.0.5]
	at com.alibaba.druid.pool.DruidAbstractDataSource.createPhysicalConnection(DruidAbstractDataSource.java:1360) ~[druid-1.0.5.jar:1.0.5]
	at com.alibaba.druid.pool.DruidAbstractDataSource.createPhysicalConnection(DruidAbstractDataSource.java:1414) ~[druid-1.0.5.jar:1.0.5]
	at com.alibaba.druid.pool.DruidDataSource.init(DruidDataSource.java:602) ~[druid-1.0.5.jar:1.0.5]
	at com.alibaba.druid.pool.DruidDataSource.getConnection(DruidDataSource.java:876) ~[druid-1.0.5.jar:1.0.5]
	at com.alibaba.druid.pool.DruidDataSource.getConnection(DruidDataSource.java:872) ~[druid-1.0.5.jar:1.0.5]
	at com.alibaba.druid.pool.DruidDataSource.getConnection(DruidDataSource.java:97) ~[druid-1.0.5.jar:1.0.5]
	at org.springframework.jdbc.datasource.DataSourceUtils.doGetConnection(DataSourceUtils.java:111) ~[spring-jdbc-4.0.5.RELEASE.jar:4.0.5.RELEASE]
	at org.springframework.jdbc.datasource.DataSourceUtils.getConnection(DataSourceUtils.java:77) ~[spring-jdbc-4.0.5.RELEASE.jar:4.0.5.RELEASE]
	... 44 common frames omitted
Caused by: java.net.ConnectException: Connection timed out: connect
	at java.net.DualStackPlainSocketImpl.connect0(Native Method) ~[na:1.7.0_75]
	at java.net.DualStackPlainSocketImpl.socketConnect(DualStackPlainSocketImpl.java:79) ~[na:1.7.0_75]
	at java.net.AbstractPlainSocketImpl.doConnect(AbstractPlainSocketImpl.java:339) ~[na:1.7.0_75]
	at java.net.AbstractPlainSocketImpl.connectToAddress(AbstractPlainSocketImpl.java:200) ~[na:1.7.0_75]
	at java.net.AbstractPlainSocketImpl.connect(AbstractPlainSocketImpl.java:182) ~[na:1.7.0_75]
	at java.net.PlainSocketImpl.connect(PlainSocketImpl.java:172) ~[na:1.7.0_75]
	at java.net.SocksSocketImpl.connect(SocksSocketImpl.java:392) ~[na:1.7.0_75]
	at java.net.Socket.connect(Socket.java:579) ~[na:1.7.0_75]
	at java.net.Socket.connect(Socket.java:528) ~[na:1.7.0_75]
	at java.net.Socket.<init>(Socket.java:425) ~[na:1.7.0_75]
	at java.net.Socket.<init>(Socket.java:241) ~[na:1.7.0_75]
	at com.mysql.jdbc.StandardSocketFactory.connect(StandardSocketFactory.java:258) ~[mysql-connector-java-5.1.30.jar:na]
	at com.mysql.jdbc.MysqlIO.<init>(MysqlIO.java:306) ~[mysql-connector-java-5.1.30.jar:na]
	... 67 common frames omitted
22:20:22.421 [localhost-startStop-1] INFO  o.s.web.context.ContextLoader [ContextLoader.java:285] - Root WebApplicationContext: initialization started
22:20:22.600 [localhost-startStop-1] INFO  o.s.w.c.s.XmlWebApplicationContext [AbstractApplicationContext.java:513] - Refreshing Root WebApplicationContext: startup date [Fri Nov 20 22:20:22 CST 2015]; root of context hierarchy
22:20:22.753 [localhost-startStop-1] INFO  o.s.b.f.xml.XmlBeanDefinitionReader [XmlBeanDefinitionReader.java:316] - Loading XML bean definitions from class path resource [spring/root-context.xml]
22:20:23.125 [localhost-startStop-1] INFO  o.s.c.s.PropertySourcesPlaceholderConfigurer [PropertiesLoaderSupport.java:172] - Loading properties file from class path resource [db/db.properties]
22:20:23.493 [localhost-startStop-1] INFO  o.s.web.context.ContextLoader [ContextLoader.java:325] - Root WebApplicationContext: initialization completed in 1067 ms
22:20:23.708 [localhost-startStop-1] INFO  o.s.web.servlet.DispatcherServlet [FrameworkServlet.java:479] - FrameworkServlet 'springServlet': initialization started
22:20:23.719 [localhost-startStop-1] INFO  o.s.w.c.s.XmlWebApplicationContext [AbstractApplicationContext.java:513] - Refreshing WebApplicationContext for namespace 'springServlet-servlet': startup date [Fri Nov 20 22:20:23 CST 2015]; parent: Root WebApplicationContext
22:20:23.721 [localhost-startStop-1] INFO  o.s.b.f.xml.XmlBeanDefinitionReader [XmlBeanDefinitionReader.java:316] - Loading XML bean definitions from class path resource [spring/servlet-context.xml]
22:20:25.179 [localhost-startStop-1] INFO  o.s.b.f.a.AutowiredAnnotationBeanPostProcessor [AutowiredAnnotationBeanPostProcessor.java:141] - JSR-330 'javax.inject.Inject' annotation found and supported for autowiring
22:20:25.710 [localhost-startStop-1] INFO  o.s.w.s.m.m.a.RequestMappingHandlerMapping [AbstractHandlerMethodMapping.java:197] - Mapped "{[/admin/login],methods=[GET],params=[],headers=[],consumes=[],produces=[],custom=[]}" onto public java.lang.String com.team.graduate.controller.AdminController.adminLoginGet(com.team.graduate.model.Admin,javax.servlet.http.HttpSession)
22:20:25.712 [localhost-startStop-1] INFO  o.s.w.s.m.m.a.RequestMappingHandlerMapping [AbstractHandlerMethodMapping.java:197] - Mapped "{[/admin/login],methods=[POST],params=[],headers=[],consumes=[],produces=[],custom=[]}" onto public org.springframework.web.servlet.ModelAndView com.team.graduate.controller.AdminController.adminLogin(com.team.graduate.model.Admin,javax.servlet.http.HttpSession,java.lang.String)
22:20:25.712 [localhost-startStop-1] INFO  o.s.w.s.m.m.a.RequestMappingHandlerMapping [AbstractHandlerMethodMapping.java:197] - Mapped "{[/admin/logout],methods=[GET],params=[],headers=[],consumes=[],produces=[],custom=[]}" onto public java.lang.String com.team.graduate.controller.AdminController.adminLogout(javax.servlet.http.HttpSession)
22:20:25.713 [localhost-startStop-1] INFO  o.s.w.s.m.m.a.RequestMappingHandlerMapping [AbstractHandlerMethodMapping.java:197] - Mapped "{[/admin/single/add],methods=[POST],params=[],headers=[],consumes=[],produces=[],custom=[]}" onto public org.springframework.web.servlet.ModelAndView com.team.graduate.controller.AdminController.singleAdd(com.team.graduate.model.StuGraduateInfo,org.springframework.web.multipart.MultipartFile,javax.servlet.http.HttpSession,java.lang.String)
22:20:25.713 [localhost-startStop-1] INFO  o.s.w.s.m.m.a.RequestMappingHandlerMapping [AbstractHandlerMethodMapping.java:197] - Mapped "{[/admin/log/query],methods=[POST],params=[],headers=[],consumes=[],produces=[],custom=[]}" onto public org.springframework.web.servlet.ModelAndView com.team.graduate.controller.AdminController.query4Log(java.lang.String,java.lang.String,javax.servlet.http.HttpSession)
22:20:25.714 [localhost-startStop-1] INFO  o.s.w.s.m.m.a.RequestMappingHandlerMapping [AbstractHandlerMethodMapping.java:197] - Mapped "{[/admin/log/query],methods=[GET],params=[],headers=[],consumes=[],produces=[],custom=[]}" onto public org.springframework.web.servlet.ModelAndView com.team.graduate.controller.AdminController.query4LogGet(javax.servlet.http.HttpSession)
22:20:25.714 [localhost-startStop-1] INFO  o.s.w.s.m.m.a.RequestMappingHandlerMapping [AbstractHandlerMethodMapping.java:197] - Mapped "{[/admin/log/download],methods=[],params=[],headers=[],consumes=[],produces=[],custom=[]}" onto public java.lang.String com.team.graduate.controller.AdminController.downloadLog(java.lang.String,javax.servlet.http.HttpSession,javax.servlet.http.HttpServletResponse)
22:20:25.715 [localhost-startStop-1] INFO  o.s.w.s.m.m.a.RequestMappingHandlerMapping [AbstractHandlerMethodMapping.java:197] - Mapped "{[/admin/log/all],methods=[GET],params=[],headers=[],consumes=[],produces=[],custom=[]}" onto public org.springframework.web.servlet.ModelAndView com.team.graduate.controller.AdminController.listAll(javax.servlet.http.HttpSession)
22:20:25.715 [localhost-startStop-1] INFO  o.s.w.s.m.m.a.RequestMappingHandlerMapping [AbstractHandlerMethodMapping.java:197] - Mapped "{[/admin/log/delete],methods=[],params=[],headers=[],consumes=[],produces=[],custom=[]}" onto public java.lang.String com.team.graduate.controller.AdminController.deleteLog(java.lang.String,javax.servlet.http.HttpSession)
22:20:25.715 [localhost-startStop-1] INFO  o.s.w.s.m.m.a.RequestMappingHandlerMapping [AbstractHandlerMethodMapping.java:197] - Mapped "{[/admin/single/add],methods=[GET],params=[],headers=[],consumes=[],produces=[],custom=[]}" onto public java.lang.String com.team.graduate.controller.AdminController.singleAddGet()
22:20:25.716 [localhost-startStop-1] INFO  o.s.w.s.m.m.a.RequestMappingHandlerMapping [AbstractHandlerMethodMapping.java:197] - Mapped "{[/admin/import],methods=[POST],params=[],headers=[],consumes=[],produces=[],custom=[]}" onto public org.springframework.web.servlet.ModelAndView com.team.graduate.controller.AdminController.processDataImport(org.springframework.web.multipart.MultipartFile,javax.servlet.http.HttpServletRequest)
22:20:25.716 [localhost-startStop-1] INFO  o.s.w.s.m.m.a.RequestMappingHandlerMapping [AbstractHandlerMethodMapping.java:197] - Mapped "{[/admin/import],methods=[GET],params=[],headers=[],consumes=[],produces=[],custom=[]}" onto public java.lang.String com.team.graduate.controller.AdminController.processDataImport()
22:20:25.716 [localhost-startStop-1] INFO  o.s.w.s.m.m.a.RequestMappingHandlerMapping [AbstractHandlerMethodMapping.java:197] - Mapped "{[/admin/single/queryById/{id}],methods=[],params=[],headers=[],consumes=[],produces=[],custom=[]}" onto public org.springframework.web.servlet.ModelAndView com.team.graduate.controller.AdminController.queryForUpdate(java.lang.String,javax.servlet.http.HttpSession)
22:20:25.722 [localhost-startStop-1] INFO  o.s.w.s.m.m.a.RequestMappingHandlerMapping [AbstractHandlerMethodMapping.java:197] - Mapped "{[/admin/image/import],methods=[POST],params=[],headers=[],consumes=[],produces=[],custom=[]}" onto public org.springframework.web.servlet.ModelAndView com.team.graduate.controller.AdminController.processImageImport(org.springframework.web.multipart.MultipartFile[],javax.servlet.http.HttpServletRequest)
22:20:25.722 [localhost-startStop-1] INFO  o.s.w.s.m.m.a.RequestMappingHandlerMapping [AbstractHandlerMethodMapping.java:197] - Mapped "{[/admin/single/query],methods=[GET],params=[],headers=[],consumes=[],produces=[],custom=[]}" onto public java.lang.String com.team.graduate.controller.AdminController.queryByStuNumber(javax.servlet.http.HttpSession)
22:20:25.723 [localhost-startStop-1] INFO  o.s.w.s.m.m.a.RequestMappingHandlerMapping [AbstractHandlerMethodMapping.java:197] - Mapped "{[/admin/single/query],methods=[POST],params=[],headers=[],consumes=[],produces=[],custom=[]}" onto public org.springframework.web.servlet.ModelAndView com.team.graduate.controller.AdminController.queryByStuNumber(java.lang.String,javax.servlet.http.HttpSession,java.lang.String)
22:20:25.723 [localhost-startStop-1] INFO  o.s.w.s.m.m.a.RequestMappingHandlerMapping [AbstractHandlerMethodMapping.java:197] - Mapped "{[/admin/download],methods=[GET],params=[],headers=[],consumes=[],produces=[],custom=[]}" onto public java.lang.String com.team.graduate.controller.AdminController.downloadTemplate(javax.servlet.http.HttpServletResponse,javax.servlet.http.HttpSession)
22:20:25.723 [localhost-startStop-1] INFO  o.s.w.s.m.m.a.RequestMappingHandlerMapping [AbstractHandlerMethodMapping.java:197] - Mapped "{[/admin/image/import],methods=[GET],params=[],headers=[],consumes=[],produces=[],custom=[]}" onto public java.lang.String com.team.graduate.controller.AdminController.processImageImportGet()
22:20:25.724 [localhost-startStop-1] INFO  o.s.w.s.m.m.a.RequestMappingHandlerMapping [AbstractHandlerMethodMapping.java:197] - Mapped "{[/admin/single/update],methods=[GET],params=[],headers=[],consumes=[],produces=[],custom=[]}" onto public java.lang.String com.team.graduate.controller.AdminController.updateInformation(javax.servlet.http.HttpSession)
22:20:25.724 [localhost-startStop-1] INFO  o.s.w.s.m.m.a.RequestMappingHandlerMapping [AbstractHandlerMethodMapping.java:197] - Mapped "{[/admin/single/update],methods=[POST],params=[],headers=[],consumes=[],produces=[],custom=[]}" onto public org.springframework.web.servlet.ModelAndView com.team.graduate.controller.AdminController.updateInformation(com.team.graduate.model.StuGraduateInfo,javax.servlet.http.HttpSession,org.springframework.web.multipart.MultipartFile,java.lang.String)
22:20:25.727 [localhost-startStop-1] INFO  o.s.w.s.m.m.a.RequestMappingHandlerMapping [AbstractHandlerMethodMapping.java:197] - Mapped "{[/captchaImage],methods=[],params=[],headers=[],consumes=[],produces=[],custom=[]}" onto public org.springframework.web.servlet.ModelAndView com.team.graduate.controller.common.KaptchaController.createKaptchaImage(javax.servlet.http.HttpServletRequest,javax.servlet.http.HttpServletResponse) throws java.io.IOException
22:20:25.728 [localhost-startStop-1] INFO  o.s.w.s.m.m.a.RequestMappingHandlerMapping [AbstractHandlerMethodMapping.java:197] - Mapped "{[/captchaCheck],methods=[],params=[],headers=[],consumes=[],produces=[],custom=[]}" onto public org.springframework.web.servlet.ModelAndView com.team.graduate.controller.common.KaptchaController.captchaCheckValue(javax.servlet.http.HttpServletRequest)
22:20:25.733 [localhost-startStop-1] INFO  o.s.w.s.m.m.a.RequestMappingHandlerMapping [AbstractHandlerMethodMapping.java:197] - Mapped "{[/log/export],methods=[GET],params=[],headers=[],consumes=[],produces=[],custom=[]}" onto public org.springframework.web.servlet.ModelAndView com.team.graduate.controller.LogController.exportLogs(javax.servlet.http.HttpSession,javax.servlet.http.HttpServletResponse)
22:20:25.733 [localhost-startStop-1] INFO  o.s.w.s.m.m.a.RequestMappingHandlerMapping [AbstractHandlerMethodMapping.java:197] - Mapped "{[/log/list],methods=[GET],params=[],headers=[],consumes=[],produces=[],custom=[]}" onto public org.springframework.web.servlet.ModelAndView com.team.graduate.controller.LogController.getAllLog(javax.servlet.http.HttpSession)
22:20:25.735 [localhost-startStop-1] INFO  o.s.w.s.m.m.a.RequestMappingHandlerMapping [AbstractHandlerMethodMapping.java:197] - Mapped "{[/password/change],methods=[POST],params=[],headers=[],consumes=[],produces=[],custom=[]}" onto public org.springframework.web.servlet.ModelAndView com.team.graduate.controller.PasswordController.changePassword(java.lang.String,java.lang.String,java.lang.String,java.lang.String,javax.servlet.http.HttpSession)
22:20:25.740 [localhost-startStop-1] INFO  o.s.w.s.m.m.a.RequestMappingHandlerMapping [AbstractHandlerMethodMapping.java:197] - Mapped "{[/router/single],methods=[],params=[],headers=[],consumes=[],produces=[],custom=[]}" onto public java.lang.String com.team.graduate.controller.RouterController.single(javax.servlet.http.HttpSession)
22:20:25.741 [localhost-startStop-1] INFO  o.s.w.s.m.m.a.RequestMappingHandlerMapping [AbstractHandlerMethodMapping.java:197] - Mapped "{[/router/image],methods=[],params=[],headers=[],consumes=[],produces=[],custom=[]}" onto public java.lang.String com.team.graduate.controller.RouterController.image(javax.servlet.http.HttpSession)
22:20:25.741 [localhost-startStop-1] INFO  o.s.w.s.m.m.a.RequestMappingHandlerMapping [AbstractHandlerMethodMapping.java:197] - Mapped "{[/router/admin],methods=[],params=[],headers=[],consumes=[],produces=[],custom=[]}" onto public java.lang.String com.team.graduate.controller.RouterController.admin(javax.servlet.http.HttpSession)
22:20:25.742 [localhost-startStop-1] INFO  o.s.w.s.m.m.a.RequestMappingHandlerMapping [AbstractHandlerMethodMapping.java:197] - Mapped "{[/router/single/add],methods=[GET],params=[],headers=[],consumes=[],produces=[],custom=[]}" onto public java.lang.String com.team.graduate.controller.RouterController.singleAdd(javax.servlet.http.HttpServletRequest)
22:20:25.742 [localhost-startStop-1] INFO  o.s.w.s.m.m.a.RequestMappingHandlerMapping [AbstractHandlerMethodMapping.java:197] - Mapped "{[/router/validateCode],methods=[POST],params=[],headers=[],consumes=[],produces=[],custom=[]}" onto public boolean com.team.graduate.controller.RouterController.validateCode(javax.servlet.http.HttpServletRequest,java.lang.String)
22:20:25.742 [localhost-startStop-1] INFO  o.s.w.s.m.m.a.RequestMappingHandlerMapping [AbstractHandlerMethodMapping.java:197] - Mapped "{[/router/photo/{name}],methods=[],params=[],headers=[],consumes=[],produces=[],custom=[]}" onto public void com.team.graduate.controller.RouterController.photo(javax.servlet.http.HttpServletResponse,javax.servlet.http.HttpServletRequest,java.lang.String) throws java.io.IOException
22:20:25.743 [localhost-startStop-1] INFO  o.s.w.s.m.m.a.RequestMappingHandlerMapping [AbstractHandlerMethodMapping.java:197] - Mapped "{[/router/log/index],methods=[],params=[],headers=[],consumes=[],produces=[],custom=[]}" onto public java.lang.String com.team.graduate.controller.RouterController.logQuery(javax.servlet.http.HttpServletRequest)
22:20:25.744 [localhost-startStop-1] INFO  o.s.w.s.m.m.a.RequestMappingHandlerMapping [AbstractHandlerMethodMapping.java:197] - Mapped "{[/router/authentication],methods=[GET],params=[],headers=[],consumes=[],produces=[],custom=[]}" onto public org.springframework.web.servlet.ModelAndView com.team.graduate.controller.RouterController.routeToStuAuth()
22:20:25.744 [localhost-startStop-1] INFO  o.s.w.s.m.m.a.RequestMappingHandlerMapping [AbstractHandlerMethodMapping.java:197] - Mapped "{[/router/password],methods=[GET],params=[],headers=[],consumes=[],produces=[],custom=[]}" onto public java.lang.String com.team.graduate.controller.RouterController.passwordChange(javax.servlet.http.HttpServletRequest)
22:20:25.744 [localhost-startStop-1] INFO  o.s.w.s.m.m.a.RequestMappingHandlerMapping [AbstractHandlerMethodMapping.java:197] - Mapped "{[/router/search],methods=[GET],params=[],headers=[],consumes=[],produces=[],custom=[]}" onto public java.lang.String com.team.graduate.controller.RouterController.routeToStuSearch()
22:20:25.748 [localhost-startStop-1] INFO  o.s.w.s.m.m.a.RequestMappingHandlerMapping [AbstractHandlerMethodMapping.java:197] - Mapped "{[/stu/search],methods=[POST],params=[],headers=[],consumes=[],produces=[],custom=[]}" onto public org.springframework.web.servlet.ModelAndView com.team.graduate.controller.StuGraduateController.search(com.team.graduate.model.StuGraduateInfo,javax.servlet.http.HttpServletRequest,java.lang.String)
22:20:25.748 [localhost-startStop-1] INFO  o.s.w.s.m.m.a.RequestMappingHandlerMapping [AbstractHandlerMethodMapping.java:197] - Mapped "{[/stu/authentication],methods=[POST],params=[],headers=[],consumes=[],produces=[],custom=[]}" onto public org.springframework.web.servlet.ModelAndView com.team.graduate.controller.StuGraduateController.authentication(com.team.graduate.model.StuGraduateInfo,javax.servlet.http.HttpServletRequest,java.lang.String)
22:20:25.749 [localhost-startStop-1] INFO  o.s.w.s.m.m.a.RequestMappingHandlerMapping [AbstractHandlerMethodMapping.java:197] - Mapped "{[/stu/search],methods=[GET],params=[],headers=[],consumes=[],produces=[],custom=[]}" onto public java.lang.String com.team.graduate.controller.StuGraduateController.searchGet()
22:20:25.749 [localhost-startStop-1] INFO  o.s.w.s.m.m.a.RequestMappingHandlerMapping [AbstractHandlerMethodMapping.java:197] - Mapped "{[/stu/authentication],methods=[GET],params=[],headers=[],consumes=[],produces=[],custom=[]}" onto public java.lang.String com.team.graduate.controller.StuGraduateController.authenticationGet()
22:20:25.749 [localhost-startStop-1] INFO  o.s.w.s.m.m.a.RequestMappingHandlerMapping [AbstractHandlerMethodMapping.java:197] - Mapped "{[/stu/isStuGraduationCardNumExist],methods=[],params=[],headers=[],consumes=[],produces=[],custom=[]}" onto public boolean com.team.graduate.controller.StuGraduateController.isStuGraduationCardNumExist(java.lang.String)
22:20:25.750 [localhost-startStop-1] INFO  o.s.w.s.m.m.a.RequestMappingHandlerMapping [AbstractHandlerMethodMapping.java:197] - Mapped "{[/stu/isStuMajorDegreeCertNumExist],methods=[],params=[],headers=[],consumes=[],produces=[],custom=[]}" onto public boolean com.team.graduate.controller.StuGraduateController.isStuMajorDegreeCertNumExist(java.lang.String)
22:20:25.750 [localhost-startStop-1] INFO  o.s.w.s.m.m.a.RequestMappingHandlerMapping [AbstractHandlerMethodMapping.java:197] - Mapped "{[/stu/isStuNumberExist],methods=[],params=[],headers=[],consumes=[],produces=[],custom=[]}" onto public boolean com.team.graduate.controller.StuGraduateController.isStuNumberExist(java.lang.String)
22:20:25.750 [localhost-startStop-1] INFO  o.s.w.s.m.m.a.RequestMappingHandlerMapping [AbstractHandlerMethodMapping.java:197] - Mapped "{[/stu/isStuIdentificationNumExist],methods=[],params=[],headers=[],consumes=[],produces=[],custom=[]}" onto public boolean com.team.graduate.controller.StuGraduateController.isStuIdentificationNumExist(java.lang.String)
22:20:27.620 [localhost-startStop-1] INFO  o.s.w.s.h.SimpleUrlHandlerMapping [AbstractUrlHandlerMapping.java:315] - Mapped URL path [/static/**] onto handler 'org.springframework.web.servlet.resource.ResourceHttpRequestHandler#0'
22:20:28.116 [localhost-startStop-1] INFO  o.s.web.servlet.DispatcherServlet [FrameworkServlet.java:498] - FrameworkServlet 'springServlet': initialization completed in 4408 ms
22:21:14.921 [http-bio-8080-exec-5] INFO  c.t.g.c.StuGraduateController [StuGraduateController.java:124] - The student AUTHENTICATION FAILURE, the name is aa and the Degree Number is 1111111111111111 and the Publication Date is 2013-07-20.
22:21:52.717 [localhost-startStop-1] INFO  o.s.web.context.ContextLoader [ContextLoader.java:285] - Root WebApplicationContext: initialization started
22:21:52.963 [localhost-startStop-1] INFO  o.s.w.c.s.XmlWebApplicationContext [AbstractApplicationContext.java:513] - Refreshing Root WebApplicationContext: startup date [Fri Nov 20 22:21:52 CST 2015]; root of context hierarchy
22:21:53.058 [localhost-startStop-1] INFO  o.s.b.f.xml.XmlBeanDefinitionReader [XmlBeanDefinitionReader.java:316] - Loading XML bean definitions from class path resource [spring/root-context.xml]
22:21:53.757 [localhost-startStop-1] INFO  o.s.c.s.PropertySourcesPlaceholderConfigurer [PropertiesLoaderSupport.java:172] - Loading properties file from class path resource [db/db.properties]
22:21:54.063 [localhost-startStop-1] INFO  o.s.web.context.ContextLoader [ContextLoader.java:325] - Root WebApplicationContext: initialization completed in 1339 ms
22:21:54.122 [localhost-startStop-1] INFO  o.s.web.servlet.DispatcherServlet [FrameworkServlet.java:479] - FrameworkServlet 'springServlet': initialization started
22:21:54.128 [localhost-startStop-1] INFO  o.s.w.c.s.XmlWebApplicationContext [AbstractApplicationContext.java:513] - Refreshing WebApplicationContext for namespace 'springServlet-servlet': startup date [Fri Nov 20 22:21:54 CST 2015]; parent: Root WebApplicationContext
22:21:54.130 [localhost-startStop-1] INFO  o.s.b.f.xml.XmlBeanDefinitionReader [XmlBeanDefinitionReader.java:316] - Loading XML bean definitions from class path resource [spring/servlet-context.xml]
22:21:55.173 [localhost-startStop-1] INFO  o.s.b.f.a.AutowiredAnnotationBeanPostProcessor [AutowiredAnnotationBeanPostProcessor.java:141] - JSR-330 'javax.inject.Inject' annotation found and supported for autowiring
22:21:55.654 [localhost-startStop-1] INFO  o.s.w.s.m.m.a.RequestMappingHandlerMapping [AbstractHandlerMethodMapping.java:197] - Mapped "{[/admin/single/queryById/{id}],methods=[],params=[],headers=[],consumes=[],produces=[],custom=[]}" onto public org.springframework.web.servlet.ModelAndView com.team.graduate.controller.AdminController.queryForUpdate(java.lang.String,javax.servlet.http.HttpSession)
22:21:55.655 [localhost-startStop-1] INFO  o.s.w.s.m.m.a.RequestMappingHandlerMapping [AbstractHandlerMethodMapping.java:197] - Mapped "{[/admin/image/import],methods=[POST],params=[],headers=[],consumes=[],produces=[],custom=[]}" onto public org.springframework.web.servlet.ModelAndView com.team.graduate.controller.AdminController.processImageImport(org.springframework.web.multipart.MultipartFile[],javax.servlet.http.HttpServletRequest)
22:21:55.655 [localhost-startStop-1] INFO  o.s.w.s.m.m.a.RequestMappingHandlerMapping [AbstractHandlerMethodMapping.java:197] - Mapped "{[/admin/single/update],methods=[POST],params=[],headers=[],consumes=[],produces=[],custom=[]}" onto public org.springframework.web.servlet.ModelAndView com.team.graduate.controller.AdminController.updateInformation(com.team.graduate.model.StuGraduateInfo,javax.servlet.http.HttpSession,org.springframework.web.multipart.MultipartFile,java.lang.String)
22:21:55.655 [localhost-startStop-1] INFO  o.s.w.s.m.m.a.RequestMappingHandlerMapping [AbstractHandlerMethodMapping.java:197] - Mapped "{[/admin/single/update],methods=[GET],params=[],headers=[],consumes=[],produces=[],custom=[]}" onto public java.lang.String com.team.graduate.controller.AdminController.updateInformation(javax.servlet.http.HttpSession)
22:21:55.656 [localhost-startStop-1] INFO  o.s.w.s.m.m.a.RequestMappingHandlerMapping [AbstractHandlerMethodMapping.java:197] - Mapped "{[/admin/import],methods=[POST],params=[],headers=[],consumes=[],produces=[],custom=[]}" onto public org.springframework.web.servlet.ModelAndView com.team.graduate.controller.AdminController.processDataImport(org.springframework.web.multipart.MultipartFile,javax.servlet.http.HttpServletRequest)
22:21:55.656 [localhost-startStop-1] INFO  o.s.w.s.m.m.a.RequestMappingHandlerMapping [AbstractHandlerMethodMapping.java:197] - Mapped "{[/admin/import],methods=[GET],params=[],headers=[],consumes=[],produces=[],custom=[]}" onto public java.lang.String com.team.graduate.controller.AdminController.processDataImport()
22:21:55.656 [localhost-startStop-1] INFO  o.s.w.s.m.m.a.RequestMappingHandlerMapping [AbstractHandlerMethodMapping.java:197] - Mapped "{[/admin/download],methods=[GET],params=[],headers=[],consumes=[],produces=[],custom=[]}" onto public java.lang.String com.team.graduate.controller.AdminController.downloadTemplate(javax.servlet.http.HttpServletResponse,javax.servlet.http.HttpSession)
22:21:55.657 [localhost-startStop-1] INFO  o.s.w.s.m.m.a.RequestMappingHandlerMapping [AbstractHandlerMethodMapping.java:197] - Mapped "{[/admin/image/import],methods=[GET],params=[],headers=[],consumes=[],produces=[],custom=[]}" onto public java.lang.String com.team.graduate.controller.AdminController.processImageImportGet()
22:21:55.657 [localhost-startStop-1] INFO  o.s.w.s.m.m.a.RequestMappingHandlerMapping [AbstractHandlerMethodMapping.java:197] - Mapped "{[/admin/single/query],methods=[GET],params=[],headers=[],consumes=[],produces=[],custom=[]}" onto public java.lang.String com.team.graduate.controller.AdminController.queryByStuNumber(javax.servlet.http.HttpSession)
22:21:55.658 [localhost-startStop-1] INFO  o.s.w.s.m.m.a.RequestMappingHandlerMapping [AbstractHandlerMethodMapping.java:197] - Mapped "{[/admin/single/query],methods=[POST],params=[],headers=[],consumes=[],produces=[],custom=[]}" onto public org.springframework.web.servlet.ModelAndView com.team.graduate.controller.AdminController.queryByStuNumber(java.lang.String,javax.servlet.http.HttpSession,java.lang.String)
22:21:55.658 [localhost-startStop-1] INFO  o.s.w.s.m.m.a.RequestMappingHandlerMapping [AbstractHandlerMethodMapping.java:197] - Mapped "{[/admin/login],methods=[GET],params=[],headers=[],consumes=[],produces=[],custom=[]}" onto public java.lang.String com.team.graduate.controller.AdminController.adminLoginGet(com.team.graduate.model.Admin,javax.servlet.http.HttpSession)
22:21:55.659 [localhost-startStop-1] INFO  o.s.w.s.m.m.a.RequestMappingHandlerMapping [AbstractHandlerMethodMapping.java:197] - Mapped "{[/admin/login],methods=[POST],params=[],headers=[],consumes=[],produces=[],custom=[]}" onto public org.springframework.web.servlet.ModelAndView com.team.graduate.controller.AdminController.adminLogin(com.team.graduate.model.Admin,javax.servlet.http.HttpSession,java.lang.String)
22:21:55.659 [localhost-startStop-1] INFO  o.s.w.s.m.m.a.RequestMappingHandlerMapping [AbstractHandlerMethodMapping.java:197] - Mapped "{[/admin/log/query],methods=[GET],params=[],headers=[],consumes=[],produces=[],custom=[]}" onto public org.springframework.web.servlet.ModelAndView com.team.graduate.controller.AdminController.query4LogGet(javax.servlet.http.HttpSession)
22:21:55.660 [localhost-startStop-1] INFO  o.s.w.s.m.m.a.RequestMappingHandlerMapping [AbstractHandlerMethodMapping.java:197] - Mapped "{[/admin/log/query],methods=[POST],params=[],headers=[],consumes=[],produces=[],custom=[]}" onto public org.springframework.web.servlet.ModelAndView com.team.graduate.controller.AdminController.query4Log(java.lang.String,java.lang.String,javax.servlet.http.HttpSession)
22:21:55.660 [localhost-startStop-1] INFO  o.s.w.s.m.m.a.RequestMappingHandlerMapping [AbstractHandlerMethodMapping.java:197] - Mapped "{[/admin/log/delete],methods=[],params=[],headers=[],consumes=[],produces=[],custom=[]}" onto public java.lang.String com.team.graduate.controller.AdminController.deleteLog(java.lang.String,javax.servlet.http.HttpSession)
22:21:55.660 [localhost-startStop-1] INFO  o.s.w.s.m.m.a.RequestMappingHandlerMapping [AbstractHandlerMethodMapping.java:197] - Mapped "{[/admin/log/download],methods=[],params=[],headers=[],consumes=[],produces=[],custom=[]}" onto public java.lang.String com.team.graduate.controller.AdminController.downloadLog(java.lang.String,javax.servlet.http.HttpSession,javax.servlet.http.HttpServletResponse)
22:21:55.661 [localhost-startStop-1] INFO  o.s.w.s.m.m.a.RequestMappingHandlerMapping [AbstractHandlerMethodMapping.java:197] - Mapped "{[/admin/single/add],methods=[POST],params=[],headers=[],consumes=[],produces=[],custom=[]}" onto public org.springframework.web.servlet.ModelAndView com.team.graduate.controller.AdminController.singleAdd(com.team.graduate.model.StuGraduateInfo,org.springframework.web.multipart.MultipartFile,javax.servlet.http.HttpSession,java.lang.String)
22:21:55.661 [localhost-startStop-1] INFO  o.s.w.s.m.m.a.RequestMappingHandlerMapping [AbstractHandlerMethodMapping.java:197] - Mapped "{[/admin/single/add],methods=[GET],params=[],headers=[],consumes=[],produces=[],custom=[]}" onto public java.lang.String com.team.graduate.controller.AdminController.singleAddGet()
22:21:55.662 [localhost-startStop-1] INFO  o.s.w.s.m.m.a.RequestMappingHandlerMapping [AbstractHandlerMethodMapping.java:197] - Mapped "{[/admin/logout],methods=[GET],params=[],headers=[],consumes=[],produces=[],custom=[]}" onto public java.lang.String com.team.graduate.controller.AdminController.adminLogout(javax.servlet.http.HttpSession)
22:21:55.662 [localhost-startStop-1] INFO  o.s.w.s.m.m.a.RequestMappingHandlerMapping [AbstractHandlerMethodMapping.java:197] - Mapped "{[/admin/log/all],methods=[GET],params=[],headers=[],consumes=[],produces=[],custom=[]}" onto public org.springframework.web.servlet.ModelAndView com.team.graduate.controller.AdminController.listAll(javax.servlet.http.HttpSession)
22:21:55.666 [localhost-startStop-1] INFO  o.s.w.s.m.m.a.RequestMappingHandlerMapping [AbstractHandlerMethodMapping.java:197] - Mapped "{[/captchaImage],methods=[],params=[],headers=[],consumes=[],produces=[],custom=[]}" onto public org.springframework.web.servlet.ModelAndView com.team.graduate.controller.common.KaptchaController.createKaptchaImage(javax.servlet.http.HttpServletRequest,javax.servlet.http.HttpServletResponse) throws java.io.IOException
22:21:55.666 [localhost-startStop-1] INFO  o.s.w.s.m.m.a.RequestMappingHandlerMapping [AbstractHandlerMethodMapping.java:197] - Mapped "{[/captchaCheck],methods=[],params=[],headers=[],consumes=[],produces=[],custom=[]}" onto public org.springframework.web.servlet.ModelAndView com.team.graduate.controller.common.KaptchaController.captchaCheckValue(javax.servlet.http.HttpServletRequest)
22:21:55.670 [localhost-startStop-1] INFO  o.s.w.s.m.m.a.RequestMappingHandlerMapping [AbstractHandlerMethodMapping.java:197] - Mapped "{[/log/list],methods=[GET],params=[],headers=[],consumes=[],produces=[],custom=[]}" onto public org.springframework.web.servlet.ModelAndView com.team.graduate.controller.LogController.getAllLog(javax.servlet.http.HttpSession)
22:21:55.671 [localhost-startStop-1] INFO  o.s.w.s.m.m.a.RequestMappingHandlerMapping [AbstractHandlerMethodMapping.java:197] - Mapped "{[/log/export],methods=[GET],params=[],headers=[],consumes=[],produces=[],custom=[]}" onto public org.springframework.web.servlet.ModelAndView com.team.graduate.controller.LogController.exportLogs(javax.servlet.http.HttpSession,javax.servlet.http.HttpServletResponse)
22:21:55.673 [localhost-startStop-1] INFO  o.s.w.s.m.m.a.RequestMappingHandlerMapping [AbstractHandlerMethodMapping.java:197] - Mapped "{[/password/change],methods=[POST],params=[],headers=[],consumes=[],produces=[],custom=[]}" onto public org.springframework.web.servlet.ModelAndView com.team.graduate.controller.PasswordController.changePassword(java.lang.String,java.lang.String,java.lang.String,java.lang.String,javax.servlet.http.HttpSession)
22:21:55.679 [localhost-startStop-1] INFO  o.s.w.s.m.m.a.RequestMappingHandlerMapping [AbstractHandlerMethodMapping.java:197] - Mapped "{[/router/single],methods=[],params=[],headers=[],consumes=[],produces=[],custom=[]}" onto public java.lang.String com.team.graduate.controller.RouterController.single(javax.servlet.http.HttpSession)
22:21:55.680 [localhost-startStop-1] INFO  o.s.w.s.m.m.a.RequestMappingHandlerMapping [AbstractHandlerMethodMapping.java:197] - Mapped "{[/router/admin],methods=[],params=[],headers=[],consumes=[],produces=[],custom=[]}" onto public java.lang.String com.team.graduate.controller.RouterController.admin(javax.servlet.http.HttpSession)
22:21:55.681 [localhost-startStop-1] INFO  o.s.w.s.m.m.a.RequestMappingHandlerMapping [AbstractHandlerMethodMapping.java:197] - Mapped "{[/router/image],methods=[],params=[],headers=[],consumes=[],produces=[],custom=[]}" onto public java.lang.String com.team.graduate.controller.RouterController.image(javax.servlet.http.HttpSession)
22:21:55.681 [localhost-startStop-1] INFO  o.s.w.s.m.m.a.RequestMappingHandlerMapping [AbstractHandlerMethodMapping.java:197] - Mapped "{[/router/search],methods=[GET],params=[],headers=[],consumes=[],produces=[],custom=[]}" onto public java.lang.String com.team.graduate.controller.RouterController.routeToStuSearch()
22:21:55.681 [localhost-startStop-1] INFO  o.s.w.s.m.m.a.RequestMappingHandlerMapping [AbstractHandlerMethodMapping.java:197] - Mapped "{[/router/authentication],methods=[GET],params=[],headers=[],consumes=[],produces=[],custom=[]}" onto public org.springframework.web.servlet.ModelAndView com.team.graduate.controller.RouterController.routeToStuAuth()
22:21:55.682 [localhost-startStop-1] INFO  o.s.w.s.m.m.a.RequestMappingHandlerMapping [AbstractHandlerMethodMapping.java:197] - Mapped "{[/router/password],methods=[GET],params=[],headers=[],consumes=[],produces=[],custom=[]}" onto public java.lang.String com.team.graduate.controller.RouterController.passwordChange(javax.servlet.http.HttpServletRequest)
22:21:55.682 [localhost-startStop-1] INFO  o.s.w.s.m.m.a.RequestMappingHandlerMapping [AbstractHandlerMethodMapping.java:197] - Mapped "{[/router/single/add],methods=[GET],params=[],headers=[],consumes=[],produces=[],custom=[]}" onto public java.lang.String com.team.graduate.controller.RouterController.singleAdd(javax.servlet.http.HttpServletRequest)
22:21:55.682 [localhost-startStop-1] INFO  o.s.w.s.m.m.a.RequestMappingHandlerMapping [AbstractHandlerMethodMapping.java:197] - Mapped "{[/router/log/index],methods=[],params=[],headers=[],consumes=[],produces=[],custom=[]}" onto public java.lang.String com.team.graduate.controller.RouterController.logQuery(javax.servlet.http.HttpServletRequest)
22:21:55.683 [localhost-startStop-1] INFO  o.s.w.s.m.m.a.RequestMappingHandlerMapping [AbstractHandlerMethodMapping.java:197] - Mapped "{[/router/validateCode],methods=[POST],params=[],headers=[],consumes=[],produces=[],custom=[]}" onto public boolean com.team.graduate.controller.RouterController.validateCode(javax.servlet.http.HttpServletRequest,java.lang.String)
22:21:55.683 [localhost-startStop-1] INFO  o.s.w.s.m.m.a.RequestMappingHandlerMapping [AbstractHandlerMethodMapping.java:197] - Mapped "{[/router/photo/{name}],methods=[],params=[],headers=[],consumes=[],produces=[],custom=[]}" onto public void com.team.graduate.controller.RouterController.photo(javax.servlet.http.HttpServletResponse,javax.servlet.http.HttpServletRequest,java.lang.String) throws java.io.IOException
22:21:55.692 [localhost-startStop-1] INFO  o.s.w.s.m.m.a.RequestMappingHandlerMapping [AbstractHandlerMethodMapping.java:197] - Mapped "{[/stu/search],methods=[POST],params=[],headers=[],consumes=[],produces=[],custom=[]}" onto public org.springframework.web.servlet.ModelAndView com.team.graduate.controller.StuGraduateController.search(com.team.graduate.model.StuGraduateInfo,javax.servlet.http.HttpServletRequest,java.lang.String)
22:21:55.692 [localhost-startStop-1] INFO  o.s.w.s.m.m.a.RequestMappingHandlerMapping [AbstractHandlerMethodMapping.java:197] - Mapped "{[/stu/authentication],methods=[POST],params=[],headers=[],consumes=[],produces=[],custom=[]}" onto public org.springframework.web.servlet.ModelAndView com.team.graduate.controller.StuGraduateController.authentication(com.team.graduate.model.StuGraduateInfo,javax.servlet.http.HttpServletRequest,java.lang.String)
22:21:55.692 [localhost-startStop-1] INFO  o.s.w.s.m.m.a.RequestMappingHandlerMapping [AbstractHandlerMethodMapping.java:197] - Mapped "{[/stu/isStuGraduationCardNumExist],methods=[],params=[],headers=[],consumes=[],produces=[],custom=[]}" onto public boolean com.team.graduate.controller.StuGraduateController.isStuGraduationCardNumExist(java.lang.String)
22:21:55.693 [localhost-startStop-1] INFO  o.s.w.s.m.m.a.RequestMappingHandlerMapping [AbstractHandlerMethodMapping.java:197] - Mapped "{[/stu/authentication],methods=[GET],params=[],headers=[],consumes=[],produces=[],custom=[]}" onto public java.lang.String com.team.graduate.controller.StuGraduateController.authenticationGet()
22:21:55.693 [localhost-startStop-1] INFO  o.s.w.s.m.m.a.RequestMappingHandlerMapping [AbstractHandlerMethodMapping.java:197] - Mapped "{[/stu/isStuMajorDegreeCertNumExist],methods=[],params=[],headers=[],consumes=[],produces=[],custom=[]}" onto public boolean com.team.graduate.controller.StuGraduateController.isStuMajorDegreeCertNumExist(java.lang.String)
22:21:55.694 [localhost-startStop-1] INFO  o.s.w.s.m.m.a.RequestMappingHandlerMapping [AbstractHandlerMethodMapping.java:197] - Mapped "{[/stu/isStuNumberExist],methods=[],params=[],headers=[],consumes=[],produces=[],custom=[]}" onto public boolean com.team.graduate.controller.StuGraduateController.isStuNumberExist(java.lang.String)
22:21:55.694 [localhost-startStop-1] INFO  o.s.w.s.m.m.a.RequestMappingHandlerMapping [AbstractHandlerMethodMapping.java:197] - Mapped "{[/stu/isStuIdentificationNumExist],methods=[],params=[],headers=[],consumes=[],produces=[],custom=[]}" onto public boolean com.team.graduate.controller.StuGraduateController.isStuIdentificationNumExist(java.lang.String)
22:21:55.694 [localhost-startStop-1] INFO  o.s.w.s.m.m.a.RequestMappingHandlerMapping [AbstractHandlerMethodMapping.java:197] - Mapped "{[/stu/search],methods=[GET],params=[],headers=[],consumes=[],produces=[],custom=[]}" onto public java.lang.String com.team.graduate.controller.StuGraduateController.searchGet()
22:21:57.329 [localhost-startStop-1] INFO  o.s.w.s.h.SimpleUrlHandlerMapping [AbstractUrlHandlerMapping.java:315] - Mapped URL path [/static/**] onto handler 'org.springframework.web.servlet.resource.ResourceHttpRequestHandler#0'
22:21:57.770 [localhost-startStop-1] INFO  o.s.web.servlet.DispatcherServlet [FrameworkServlet.java:498] - FrameworkServlet 'springServlet': initialization completed in 3646 ms
22:23:14.984 [http-bio-8080-exec-2] INFO  c.t.g.c.StuGraduateController [StuGraduateController.java:124] - The student AUTHENTICATION FAILURE, the name is aaa and the Degree Number is 1111111111111111 and the Publication Date is 2013-07-20.
22:24:36.654 [localhost-startStop-1] INFO  o.s.web.context.ContextLoader [ContextLoader.java:285] - Root WebApplicationContext: initialization started
22:24:36.931 [localhost-startStop-1] INFO  o.s.w.c.s.XmlWebApplicationContext [AbstractApplicationContext.java:513] - Refreshing Root WebApplicationContext: startup date [Fri Nov 20 22:24:36 CST 2015]; root of context hierarchy
22:24:37.018 [localhost-startStop-1] INFO  o.s.b.f.xml.XmlBeanDefinitionReader [XmlBeanDefinitionReader.java:316] - Loading XML bean definitions from class path resource [spring/root-context.xml]
22:24:37.446 [localhost-startStop-1] INFO  o.s.c.s.PropertySourcesPlaceholderConfigurer [PropertiesLoaderSupport.java:172] - Loading properties file from class path resource [db/db.properties]
22:24:37.916 [localhost-startStop-1] INFO  o.s.web.context.ContextLoader [ContextLoader.java:325] - Root WebApplicationContext: initialization completed in 1255 ms
22:24:37.965 [localhost-startStop-1] INFO  o.s.web.servlet.DispatcherServlet [FrameworkServlet.java:479] - FrameworkServlet 'springServlet': initialization started
22:24:37.971 [localhost-startStop-1] INFO  o.s.w.c.s.XmlWebApplicationContext [AbstractApplicationContext.java:513] - Refreshing WebApplicationContext for namespace 'springServlet-servlet': startup date [Fri Nov 20 22:24:37 CST 2015]; parent: Root WebApplicationContext
22:24:37.973 [localhost-startStop-1] INFO  o.s.b.f.xml.XmlBeanDefinitionReader [XmlBeanDefinitionReader.java:316] - Loading XML bean definitions from class path resource [spring/servlet-context.xml]
22:24:39.052 [localhost-startStop-1] INFO  o.s.b.f.a.AutowiredAnnotationBeanPostProcessor [AutowiredAnnotationBeanPostProcessor.java:141] - JSR-330 'javax.inject.Inject' annotation found and supported for autowiring
22:24:39.432 [localhost-startStop-1] INFO  o.s.w.s.m.m.a.RequestMappingHandlerMapping [AbstractHandlerMethodMapping.java:197] - Mapped "{[/admin/login],methods=[POST],params=[],headers=[],consumes=[],produces=[],custom=[]}" onto public org.springframework.web.servlet.ModelAndView com.team.graduate.controller.AdminController.adminLogin(com.team.graduate.model.Admin,javax.servlet.http.HttpSession,java.lang.String)
22:24:39.433 [localhost-startStop-1] INFO  o.s.w.s.m.m.a.RequestMappingHandlerMapping [AbstractHandlerMethodMapping.java:197] - Mapped "{[/admin/login],methods=[GET],params=[],headers=[],consumes=[],produces=[],custom=[]}" onto public java.lang.String com.team.graduate.controller.AdminController.adminLoginGet(com.team.graduate.model.Admin,javax.servlet.http.HttpSession)
22:24:39.433 [localhost-startStop-1] INFO  o.s.w.s.m.m.a.RequestMappingHandlerMapping [AbstractHandlerMethodMapping.java:197] - Mapped "{[/admin/log/query],methods=[POST],params=[],headers=[],consumes=[],produces=[],custom=[]}" onto public org.springframework.web.servlet.ModelAndView com.team.graduate.controller.AdminController.query4Log(java.lang.String,java.lang.String,javax.servlet.http.HttpSession)
22:24:39.434 [localhost-startStop-1] INFO  o.s.w.s.m.m.a.RequestMappingHandlerMapping [AbstractHandlerMethodMapping.java:197] - Mapped "{[/admin/single/add],methods=[GET],params=[],headers=[],consumes=[],produces=[],custom=[]}" onto public java.lang.String com.team.graduate.controller.AdminController.singleAddGet()
22:24:39.434 [localhost-startStop-1] INFO  o.s.w.s.m.m.a.RequestMappingHandlerMapping [AbstractHandlerMethodMapping.java:197] - Mapped "{[/admin/log/download],methods=[],params=[],headers=[],consumes=[],produces=[],custom=[]}" onto public java.lang.String com.team.graduate.controller.AdminController.downloadLog(java.lang.String,javax.servlet.http.HttpSession,javax.servlet.http.HttpServletResponse)
22:24:39.434 [localhost-startStop-1] INFO  o.s.w.s.m.m.a.RequestMappingHandlerMapping [AbstractHandlerMethodMapping.java:197] - Mapped "{[/admin/single/add],methods=[POST],params=[],headers=[],consumes=[],produces=[],custom=[]}" onto public org.springframework.web.servlet.ModelAndView com.team.graduate.controller.AdminController.singleAdd(com.team.graduate.model.StuGraduateInfo,org.springframework.web.multipart.MultipartFile,javax.servlet.http.HttpSession,java.lang.String)
22:24:39.435 [localhost-startStop-1] INFO  o.s.w.s.m.m.a.RequestMappingHandlerMapping [AbstractHandlerMethodMapping.java:197] - Mapped "{[/admin/log/all],methods=[GET],params=[],headers=[],consumes=[],produces=[],custom=[]}" onto public org.springframework.web.servlet.ModelAndView com.team.graduate.controller.AdminController.listAll(javax.servlet.http.HttpSession)
22:24:39.435 [localhost-startStop-1] INFO  o.s.w.s.m.m.a.RequestMappingHandlerMapping [AbstractHandlerMethodMapping.java:197] - Mapped "{[/admin/logout],methods=[GET],params=[],headers=[],consumes=[],produces=[],custom=[]}" onto public java.lang.String com.team.graduate.controller.AdminController.adminLogout(javax.servlet.http.HttpSession)
22:24:39.436 [localhost-startStop-1] INFO  o.s.w.s.m.m.a.RequestMappingHandlerMapping [AbstractHandlerMethodMapping.java:197] - Mapped "{[/admin/log/delete],methods=[],params=[],headers=[],consumes=[],produces=[],custom=[]}" onto public java.lang.String com.team.graduate.controller.AdminController.deleteLog(java.lang.String,javax.servlet.http.HttpSession)
22:24:39.437 [localhost-startStop-1] INFO  o.s.w.s.m.m.a.RequestMappingHandlerMapping [AbstractHandlerMethodMapping.java:197] - Mapped "{[/admin/log/query],methods=[GET],params=[],headers=[],consumes=[],produces=[],custom=[]}" onto public org.springframework.web.servlet.ModelAndView com.team.graduate.controller.AdminController.query4LogGet(javax.servlet.http.HttpSession)
22:24:39.437 [localhost-startStop-1] INFO  o.s.w.s.m.m.a.RequestMappingHandlerMapping [AbstractHandlerMethodMapping.java:197] - Mapped "{[/admin/single/update],methods=[GET],params=[],headers=[],consumes=[],produces=[],custom=[]}" onto public java.lang.String com.team.graduate.controller.AdminController.updateInformation(javax.servlet.http.HttpSession)
22:24:39.437 [localhost-startStop-1] INFO  o.s.w.s.m.m.a.RequestMappingHandlerMapping [AbstractHandlerMethodMapping.java:197] - Mapped "{[/admin/single/update],methods=[POST],params=[],headers=[],consumes=[],produces=[],custom=[]}" onto public org.springframework.web.servlet.ModelAndView com.team.graduate.controller.AdminController.updateInformation(com.team.graduate.model.StuGraduateInfo,javax.servlet.http.HttpSession,org.springframework.web.multipart.MultipartFile,java.lang.String)
22:24:39.438 [localhost-startStop-1] INFO  o.s.w.s.m.m.a.RequestMappingHandlerMapping [AbstractHandlerMethodMapping.java:197] - Mapped "{[/admin/single/query],methods=[POST],params=[],headers=[],consumes=[],produces=[],custom=[]}" onto public org.springframework.web.servlet.ModelAndView com.team.graduate.controller.AdminController.queryByStuNumber(java.lang.String,javax.servlet.http.HttpSession,java.lang.String)
22:24:39.438 [localhost-startStop-1] INFO  o.s.w.s.m.m.a.RequestMappingHandlerMapping [AbstractHandlerMethodMapping.java:197] - Mapped "{[/admin/single/query],methods=[GET],params=[],headers=[],consumes=[],produces=[],custom=[]}" onto public java.lang.String com.team.graduate.controller.AdminController.queryByStuNumber(javax.servlet.http.HttpSession)
22:24:39.439 [localhost-startStop-1] INFO  o.s.w.s.m.m.a.RequestMappingHandlerMapping [AbstractHandlerMethodMapping.java:197] - Mapped "{[/admin/download],methods=[GET],params=[],headers=[],consumes=[],produces=[],custom=[]}" onto public java.lang.String com.team.graduate.controller.AdminController.downloadTemplate(javax.servlet.http.HttpServletResponse,javax.servlet.http.HttpSession)
22:24:39.439 [localhost-startStop-1] INFO  o.s.w.s.m.m.a.RequestMappingHandlerMapping [AbstractHandlerMethodMapping.java:197] - Mapped "{[/admin/image/import],methods=[POST],params=[],headers=[],consumes=[],produces=[],custom=[]}" onto public org.springframework.web.servlet.ModelAndView com.team.graduate.controller.AdminController.processImageImport(org.springframework.web.multipart.MultipartFile[],javax.servlet.http.HttpServletRequest)
22:24:39.440 [localhost-startStop-1] INFO  o.s.w.s.m.m.a.RequestMappingHandlerMapping [AbstractHandlerMethodMapping.java:197] - Mapped "{[/admin/image/import],methods=[GET],params=[],headers=[],consumes=[],produces=[],custom=[]}" onto public java.lang.String com.team.graduate.controller.AdminController.processImageImportGet()
22:24:39.440 [localhost-startStop-1] INFO  o.s.w.s.m.m.a.RequestMappingHandlerMapping [AbstractHandlerMethodMapping.java:197] - Mapped "{[/admin/single/queryById/{id}],methods=[],params=[],headers=[],consumes=[],produces=[],custom=[]}" onto public org.springframework.web.servlet.ModelAndView com.team.graduate.controller.AdminController.queryForUpdate(java.lang.String,javax.servlet.http.HttpSession)
22:24:39.440 [localhost-startStop-1] INFO  o.s.w.s.m.m.a.RequestMappingHandlerMapping [AbstractHandlerMethodMapping.java:197] - Mapped "{[/admin/import],methods=[POST],params=[],headers=[],consumes=[],produces=[],custom=[]}" onto public org.springframework.web.servlet.ModelAndView com.team.graduate.controller.AdminController.processDataImport(org.springframework.web.multipart.MultipartFile,javax.servlet.http.HttpServletRequest)
22:24:39.441 [localhost-startStop-1] INFO  o.s.w.s.m.m.a.RequestMappingHandlerMapping [AbstractHandlerMethodMapping.java:197] - Mapped "{[/admin/import],methods=[GET],params=[],headers=[],consumes=[],produces=[],custom=[]}" onto public java.lang.String com.team.graduate.controller.AdminController.processDataImport()
22:24:39.444 [localhost-startStop-1] INFO  o.s.w.s.m.m.a.RequestMappingHandlerMapping [AbstractHandlerMethodMapping.java:197] - Mapped "{[/captchaCheck],methods=[],params=[],headers=[],consumes=[],produces=[],custom=[]}" onto public org.springframework.web.servlet.ModelAndView com.team.graduate.controller.common.KaptchaController.captchaCheckValue(javax.servlet.http.HttpServletRequest)
22:24:39.445 [localhost-startStop-1] INFO  o.s.w.s.m.m.a.RequestMappingHandlerMapping [AbstractHandlerMethodMapping.java:197] - Mapped "{[/captchaImage],methods=[],params=[],headers=[],consumes=[],produces=[],custom=[]}" onto public org.springframework.web.servlet.ModelAndView com.team.graduate.controller.common.KaptchaController.createKaptchaImage(javax.servlet.http.HttpServletRequest,javax.servlet.http.HttpServletResponse) throws java.io.IOException
22:24:39.449 [localhost-startStop-1] INFO  o.s.w.s.m.m.a.RequestMappingHandlerMapping [AbstractHandlerMethodMapping.java:197] - Mapped "{[/log/export],methods=[GET],params=[],headers=[],consumes=[],produces=[],custom=[]}" onto public org.springframework.web.servlet.ModelAndView com.team.graduate.controller.LogController.exportLogs(javax.servlet.http.HttpSession,javax.servlet.http.HttpServletResponse)
22:24:39.450 [localhost-startStop-1] INFO  o.s.w.s.m.m.a.RequestMappingHandlerMapping [AbstractHandlerMethodMapping.java:197] - Mapped "{[/log/list],methods=[GET],params=[],headers=[],consumes=[],produces=[],custom=[]}" onto public org.springframework.web.servlet.ModelAndView com.team.graduate.controller.LogController.getAllLog(javax.servlet.http.HttpSession)
22:24:39.451 [localhost-startStop-1] INFO  o.s.w.s.m.m.a.RequestMappingHandlerMapping [AbstractHandlerMethodMapping.java:197] - Mapped "{[/password/change],methods=[POST],params=[],headers=[],consumes=[],produces=[],custom=[]}" onto public org.springframework.web.servlet.ModelAndView com.team.graduate.controller.PasswordController.changePassword(java.lang.String,java.lang.String,java.lang.String,java.lang.String,javax.servlet.http.HttpSession)
22:24:39.462 [localhost-startStop-1] INFO  o.s.w.s.m.m.a.RequestMappingHandlerMapping [AbstractHandlerMethodMapping.java:197] - Mapped "{[/router/single],methods=[],params=[],headers=[],consumes=[],produces=[],custom=[]}" onto public java.lang.String com.team.graduate.controller.RouterController.single(javax.servlet.http.HttpSession)
22:24:39.462 [localhost-startStop-1] INFO  o.s.w.s.m.m.a.RequestMappingHandlerMapping [AbstractHandlerMethodMapping.java:197] - Mapped "{[/router/image],methods=[],params=[],headers=[],consumes=[],produces=[],custom=[]}" onto public java.lang.String com.team.graduate.controller.RouterController.image(javax.servlet.http.HttpSession)
22:24:39.463 [localhost-startStop-1] INFO  o.s.w.s.m.m.a.RequestMappingHandlerMapping [AbstractHandlerMethodMapping.java:197] - Mapped "{[/router/admin],methods=[],params=[],headers=[],consumes=[],produces=[],custom=[]}" onto public java.lang.String com.team.graduate.controller.RouterController.admin(javax.servlet.http.HttpSession)
22:24:39.463 [localhost-startStop-1] INFO  o.s.w.s.m.m.a.RequestMappingHandlerMapping [AbstractHandlerMethodMapping.java:197] - Mapped "{[/router/single/add],methods=[GET],params=[],headers=[],consumes=[],produces=[],custom=[]}" onto public java.lang.String com.team.graduate.controller.RouterController.singleAdd(javax.servlet.http.HttpServletRequest)
22:24:39.463 [localhost-startStop-1] INFO  o.s.w.s.m.m.a.RequestMappingHandlerMapping [AbstractHandlerMethodMapping.java:197] - Mapped "{[/router/log/index],methods=[],params=[],headers=[],consumes=[],produces=[],custom=[]}" onto public java.lang.String com.team.graduate.controller.RouterController.logQuery(javax.servlet.http.HttpServletRequest)
22:24:39.464 [localhost-startStop-1] INFO  o.s.w.s.m.m.a.RequestMappingHandlerMapping [AbstractHandlerMethodMapping.java:197] - Mapped "{[/router/photo/{name}],methods=[],params=[],headers=[],consumes=[],produces=[],custom=[]}" onto public void com.team.graduate.controller.RouterController.photo(javax.servlet.http.HttpServletResponse,javax.servlet.http.HttpServletRequest,java.lang.String) throws java.io.IOException
22:24:39.465 [localhost-startStop-1] INFO  o.s.w.s.m.m.a.RequestMappingHandlerMapping [AbstractHandlerMethodMapping.java:197] - Mapped "{[/router/validateCode],methods=[POST],params=[],headers=[],consumes=[],produces=[],custom=[]}" onto public boolean com.team.graduate.controller.RouterController.validateCode(javax.servlet.http.HttpServletRequest,java.lang.String)
22:24:39.465 [localhost-startStop-1] INFO  o.s.w.s.m.m.a.RequestMappingHandlerMapping [AbstractHandlerMethodMapping.java:197] - Mapped "{[/router/search],methods=[GET],params=[],headers=[],consumes=[],produces=[],custom=[]}" onto public java.lang.String com.team.graduate.controller.RouterController.routeToStuSearch()
22:24:39.466 [localhost-startStop-1] INFO  o.s.w.s.m.m.a.RequestMappingHandlerMapping [AbstractHandlerMethodMapping.java:197] - Mapped "{[/router/authentication],methods=[GET],params=[],headers=[],consumes=[],produces=[],custom=[]}" onto public org.springframework.web.servlet.ModelAndView com.team.graduate.controller.RouterController.routeToStuAuth()
22:24:39.466 [localhost-startStop-1] INFO  o.s.w.s.m.m.a.RequestMappingHandlerMapping [AbstractHandlerMethodMapping.java:197] - Mapped "{[/router/password],methods=[GET],params=[],headers=[],consumes=[],produces=[],custom=[]}" onto public java.lang.String com.team.graduate.controller.RouterController.passwordChange(javax.servlet.http.HttpServletRequest)
22:24:39.475 [localhost-startStop-1] INFO  o.s.w.s.m.m.a.RequestMappingHandlerMapping [AbstractHandlerMethodMapping.java:197] - Mapped "{[/stu/search],methods=[POST],params=[],headers=[],consumes=[],produces=[],custom=[]}" onto public org.springframework.web.servlet.ModelAndView com.team.graduate.controller.StuGraduateController.search(com.team.graduate.model.StuGraduateInfo,javax.servlet.http.HttpServletRequest,java.lang.String)
22:24:39.475 [localhost-startStop-1] INFO  o.s.w.s.m.m.a.RequestMappingHandlerMapping [AbstractHandlerMethodMapping.java:197] - Mapped "{[/stu/authentication],methods=[POST],params=[],headers=[],consumes=[],produces=[],custom=[]}" onto public org.springframework.web.servlet.ModelAndView com.team.graduate.controller.StuGraduateController.authentication(com.team.graduate.model.StuGraduateInfo,javax.servlet.http.HttpServletRequest,java.lang.String)
22:24:39.476 [localhost-startStop-1] INFO  o.s.w.s.m.m.a.RequestMappingHandlerMapping [AbstractHandlerMethodMapping.java:197] - Mapped "{[/stu/search],methods=[GET],params=[],headers=[],consumes=[],produces=[],custom=[]}" onto public java.lang.String com.team.graduate.controller.StuGraduateController.searchGet()
22:24:39.476 [localhost-startStop-1] INFO  o.s.w.s.m.m.a.RequestMappingHandlerMapping [AbstractHandlerMethodMapping.java:197] - Mapped "{[/stu/isStuNumberExist],methods=[],params=[],headers=[],consumes=[],produces=[],custom=[]}" onto public boolean com.team.graduate.controller.StuGraduateController.isStuNumberExist(java.lang.String)
22:24:39.476 [localhost-startStop-1] INFO  o.s.w.s.m.m.a.RequestMappingHandlerMapping [AbstractHandlerMethodMapping.java:197] - Mapped "{[/stu/authentication],methods=[GET],params=[],headers=[],consumes=[],produces=[],custom=[]}" onto public java.lang.String com.team.graduate.controller.StuGraduateController.authenticationGet()
22:24:39.477 [localhost-startStop-1] INFO  o.s.w.s.m.m.a.RequestMappingHandlerMapping [AbstractHandlerMethodMapping.java:197] - Mapped "{[/stu/isStuIdentificationNumExist],methods=[],params=[],headers=[],consumes=[],produces=[],custom=[]}" onto public boolean com.team.graduate.controller.StuGraduateController.isStuIdentificationNumExist(java.lang.String)
22:24:39.477 [localhost-startStop-1] INFO  o.s.w.s.m.m.a.RequestMappingHandlerMapping [AbstractHandlerMethodMapping.java:197] - Mapped "{[/stu/isStuGraduationCardNumExist],methods=[],params=[],headers=[],consumes=[],produces=[],custom=[]}" onto public boolean com.team.graduate.controller.StuGraduateController.isStuGraduationCardNumExist(java.lang.String)
22:24:39.477 [localhost-startStop-1] INFO  o.s.w.s.m.m.a.RequestMappingHandlerMapping [AbstractHandlerMethodMapping.java:197] - Mapped "{[/stu/isStuMajorDegreeCertNumExist],methods=[],params=[],headers=[],consumes=[],produces=[],custom=[]}" onto public boolean com.team.graduate.controller.StuGraduateController.isStuMajorDegreeCertNumExist(java.lang.String)
22:24:40.894 [localhost-startStop-1] INFO  o.s.w.s.h.SimpleUrlHandlerMapping [AbstractUrlHandlerMapping.java:315] - Mapped URL path [/static/**] onto handler 'org.springframework.web.servlet.resource.ResourceHttpRequestHandler#0'
22:24:41.359 [localhost-startStop-1] INFO  o.s.web.servlet.DispatcherServlet [FrameworkServlet.java:498] - FrameworkServlet 'springServlet': initialization completed in 3394 ms
