14:42:56.086 [localhost-startStop-1] INFO  o.s.web.context.ContextLoader [ContextLoader.java:285] Root WebApplicationContext: initialization started
14:42:56.484 [localhost-startStop-1] INFO  o.s.w.c.s.XmlWebApplicationContext [AbstractApplicationContext.java:513] Refreshing Root WebApplicationContext: startup date [Sat May 30 14:42:56 CST 2015]; root of context hierarchy
14:42:56.579 [localhost-startStop-1] INFO  o.s.b.f.xml.XmlBeanDefinitionReader [XmlBeanDefinitionReader.java:316] Loading XML bean definitions from class path resource [spring/root-context.xml]
14:42:56.996 [localhost-startStop-1] INFO  o.s.c.s.PropertySourcesPlaceholderConfigurer [PropertiesLoaderSupport.java:172] Loading properties file from class path resource [db/db.properties]
14:42:57.246 [localhost-startStop-1] INFO  o.s.web.context.ContextLoader [ContextLoader.java:325] Root WebApplicationContext: initialization completed in 1153 ms
14:42:57.298 [localhost-startStop-1] INFO  o.s.web.servlet.DispatcherServlet [FrameworkServlet.java:479] FrameworkServlet 'springServlet': initialization started
14:42:57.307 [localhost-startStop-1] INFO  o.s.w.c.s.XmlWebApplicationContext [AbstractApplicationContext.java:513] Refreshing WebApplicationContext for namespace 'springServlet-servlet': startup date [Sat May 30 14:42:57 CST 2015]; parent: Root WebApplicationContext
14:42:57.310 [localhost-startStop-1] INFO  o.s.b.f.xml.XmlBeanDefinitionReader [XmlBeanDefinitionReader.java:316] Loading XML bean definitions from class path resource [spring/servlet-context.xml]
14:42:58.375 [localhost-startStop-1] INFO  o.s.b.f.a.AutowiredAnnotationBeanPostProcessor [AutowiredAnnotationBeanPostProcessor.java:141] JSR-330 'javax.inject.Inject' annotation found and supported for autowiring
14:42:58.874 [localhost-startStop-1] INFO  o.s.w.s.m.m.a.RequestMappingHandlerMapping [AbstractHandlerMethodMapping.java:197] Mapped "{[/admin/login],methods=[],params=[],headers=[],consumes=[],produces=[],custom=[]}" onto public java.lang.String com.team.graduate.controller.AdminLoginController.login()
14:42:58.875 [localhost-startStop-1] INFO  o.s.w.s.m.m.a.RequestMappingHandlerMapping [AbstractHandlerMethodMapping.java:197] Mapped "{[/admin/log],methods=[],params=[],headers=[],consumes=[],produces=[],custom=[]}" onto public org.springframework.web.servlet.ModelAndView com.team.graduate.controller.AdminLoginController.adminCheck(com.team.graduate.model.Admin)
14:42:58.877 [localhost-startStop-1] INFO  o.s.w.s.m.m.a.RequestMappingHandlerMapping [AbstractHandlerMethodMapping.java:197] Mapped "{[/admin/page],methods=[],params=[],headers=[],consumes=[],produces=[],custom=[]}" onto public java.util.Map<java.lang.String, org.springframework.data.domain.Page<com.team.graduate.model.Log>> com.team.graduate.controller.AdminLoginController.adminToGetUserResultWithPage(org.springframework.data.domain.Pageable)
14:42:58.879 [localhost-startStop-1] INFO  o.s.w.s.m.m.a.RequestMappingHandlerMapping [AbstractHandlerMethodMapping.java:197] Mapped "{[/code],methods=[],params=[],headers=[],consumes=[],produces=[],custom=[]}" onto public void com.team.graduate.controller.AuthCodeController.returnAuthCode(javax.servlet.http.HttpServletResponse,javax.servlet.http.HttpServletRequest)
14:42:58.889 [localhost-startStop-1] INFO  o.s.w.s.m.m.a.RequestMappingHandlerMapping [AbstractHandlerMethodMapping.java:197] Mapped "{[/captchaImage],methods=[],params=[],headers=[],consumes=[],produces=[],custom=[]}" onto public org.springframework.web.servlet.ModelAndView com.team.graduate.controller.common.KaptchaController.createKaptchaImage(javax.servlet.http.HttpServletRequest,javax.servlet.http.HttpServletResponse) throws java.io.IOException
14:42:58.890 [localhost-startStop-1] INFO  o.s.w.s.m.m.a.RequestMappingHandlerMapping [AbstractHandlerMethodMapping.java:197] Mapped "{[/captchaCheck],methods=[],params=[],headers=[],consumes=[],produces=[],custom=[]}" onto public org.springframework.web.servlet.ModelAndView com.team.graduate.controller.common.KaptchaController.captchaCheckValue(javax.servlet.http.HttpServletRequest)
14:42:58.892 [localhost-startStop-1] INFO  o.s.w.s.m.m.a.RequestMappingHandlerMapping [AbstractHandlerMethodMapping.java:197] Mapped "{[/admin/fileUp],methods=[],params=[],headers=[],consumes=[],produces=[],custom=[]}" onto public org.springframework.web.servlet.ModelAndView com.team.graduate.controller.FileController.fileUpload(javax.servlet.http.HttpServletRequest,javax.servlet.http.HttpServletResponse)
14:42:58.893 [localhost-startStop-1] INFO  o.s.w.s.m.m.a.RequestMappingHandlerMapping [AbstractHandlerMethodMapping.java:197] Mapped "{[/admin/fileDown],methods=[],params=[],headers=[],consumes=[],produces=[],custom=[]}" onto public org.springframework.web.servlet.ModelAndView com.team.graduate.controller.FileController.fileDownload(javax.servlet.http.HttpServletRequest,javax.servlet.http.HttpServletResponse) throws javax.servlet.ServletException,java.io.IOException
14:42:58.895 [localhost-startStop-1] INFO  o.s.w.s.m.m.a.RequestMappingHandlerMapping [AbstractHandlerMethodMapping.java:197] Mapped "{[/home/select],methods=[],params=[],headers=[],consumes=[],produces=[],custom=[]}" onto public java.lang.String com.team.graduate.controller.HomeController.redirectErrorPage()
14:42:58.896 [localhost-startStop-1] INFO  o.s.w.s.m.m.a.RequestMappingHandlerMapping [AbstractHandlerMethodMapping.java:197] Mapped "{[/home/auth],methods=[],params=[],headers=[],consumes=[],produces=[],custom=[]}" onto public java.lang.String com.team.graduate.controller.HomeController.redirectAuthErrorPage()
14:42:58.898 [localhost-startStop-1] INFO  o.s.w.s.m.m.a.RequestMappingHandlerMapping [AbstractHandlerMethodMapping.java:197] Mapped "{[/route/error],methods=[],params=[],headers=[],consumes=[],produces=[],custom=[]}" onto public java.lang.String com.team.graduate.controller.RouteController.redirectErrorPage()
14:42:58.898 [localhost-startStop-1] INFO  o.s.w.s.m.m.a.RequestMappingHandlerMapping [AbstractHandlerMethodMapping.java:197] Mapped "{[/route/errorAuth],methods=[],params=[],headers=[],consumes=[],produces=[],custom=[]}" onto public java.lang.String com.team.graduate.controller.RouteController.redirectAuthErrorPage()
14:42:58.901 [localhost-startStop-1] INFO  o.s.w.s.m.m.a.RequestMappingHandlerMapping [AbstractHandlerMethodMapping.java:197] Mapped "{[/router/validateCode],methods=[POST],params=[],headers=[],consumes=[],produces=[],custom=[]}" onto public boolean com.team.graduate.controller.RouterController.validateCode(javax.servlet.http.HttpServletRequest,java.lang.String)
14:42:58.902 [localhost-startStop-1] INFO  o.s.w.s.m.m.a.RequestMappingHandlerMapping [AbstractHandlerMethodMapping.java:197] Mapped "{[/router/photo/{name}],methods=[],params=[],headers=[],consumes=[],produces=[],custom=[]}" onto public void com.team.graduate.controller.RouterController.photo(javax.servlet.http.HttpServletResponse,javax.servlet.http.HttpServletRequest,java.lang.String) throws java.io.IOException
14:42:58.902 [localhost-startStop-1] INFO  o.s.w.s.m.m.a.RequestMappingHandlerMapping [AbstractHandlerMethodMapping.java:197] Mapped "{[/router/search],methods=[GET],params=[],headers=[],consumes=[],produces=[],custom=[]}" onto public java.lang.String com.team.graduate.controller.RouterController.routeToStuSearch()
14:42:58.903 [localhost-startStop-1] INFO  o.s.w.s.m.m.a.RequestMappingHandlerMapping [AbstractHandlerMethodMapping.java:197] Mapped "{[/router/authentication],methods=[GET],params=[],headers=[],consumes=[],produces=[],custom=[]}" onto public java.lang.String com.team.graduate.controller.RouterController.routeToStuAuth()
14:42:58.906 [localhost-startStop-1] INFO  o.s.w.s.m.m.a.RequestMappingHandlerMapping [AbstractHandlerMethodMapping.java:197] Mapped "{[/stu/search],methods=[POST],params=[],headers=[],consumes=[],produces=[],custom=[]}" onto public org.springframework.web.servlet.ModelAndView com.team.graduate.controller.StuGraduateController.search(com.team.graduate.model.StuGraduateInfo,javax.servlet.http.HttpServletRequest,java.lang.String)
14:42:58.907 [localhost-startStop-1] INFO  o.s.w.s.m.m.a.RequestMappingHandlerMapping [AbstractHandlerMethodMapping.java:197] Mapped "{[/stu/authentication],methods=[POST],params=[],headers=[],consumes=[],produces=[],custom=[]}" onto public org.springframework.web.servlet.ModelAndView com.team.graduate.controller.StuGraduateController.authentication(com.team.graduate.model.StuGraduateInfo,javax.servlet.http.HttpServletRequest,java.lang.String)
14:42:58.907 [localhost-startStop-1] INFO  o.s.w.s.m.m.a.RequestMappingHandlerMapping [AbstractHandlerMethodMapping.java:197] Mapped "{[/stu/search],methods=[GET],params=[],headers=[],consumes=[],produces=[],custom=[]}" onto public java.lang.String com.team.graduate.controller.StuGraduateController.searchGet()
14:42:58.908 [localhost-startStop-1] INFO  o.s.w.s.m.m.a.RequestMappingHandlerMapping [AbstractHandlerMethodMapping.java:197] Mapped "{[/stu/authentication],methods=[GET],params=[],headers=[],consumes=[],produces=[],custom=[]}" onto public java.lang.String com.team.graduate.controller.StuGraduateController.authenticationGet()
14:43:00.278 [localhost-startStop-1] INFO  o.s.w.s.h.SimpleUrlHandlerMapping [AbstractUrlHandlerMapping.java:315] Mapped URL path [/static/**] onto handler 'org.springframework.web.servlet.resource.ResourceHttpRequestHandler#0'
14:43:00.649 [localhost-startStop-1] INFO  o.s.web.servlet.DispatcherServlet [FrameworkServlet.java:498] FrameworkServlet 'springServlet': initialization completed in 3350 ms
14:44:02.476 [http-bio-8080-exec-9] WARN  WARN [AbstractHandlerExceptionResolver.java:187] Handler execution resulted in exception
java.lang.NullPointerException: null
	at org.apache.commons.io.IOUtils.copyLarge(IOUtils.java:1792) ~[commons-io-2.4.jar:2.4]
	at org.apache.commons.io.IOUtils.copyLarge(IOUtils.java:1769) ~[commons-io-2.4.jar:2.4]
	at org.apache.commons.io.IOUtils.copy(IOUtils.java:1744) ~[commons-io-2.4.jar:2.4]
	at com.team.graduate.controller.RouterController.photo(RouterController.java:59) ~[classes/:na]
	at sun.reflect.NativeMethodAccessorImpl.invoke0(Native Method) ~[na:1.7.0_75]
	at sun.reflect.NativeMethodAccessorImpl.invoke(NativeMethodAccessorImpl.java:57) ~[na:1.7.0_75]
	at sun.reflect.DelegatingMethodAccessorImpl.invoke(DelegatingMethodAccessorImpl.java:43) ~[na:1.7.0_75]
	at java.lang.reflect.Method.invoke(Method.java:606) ~[na:1.7.0_75]
	at org.springframework.web.method.support.InvocableHandlerMethod.invoke(InvocableHandlerMethod.java:215) ~[spring-web-4.0.5.RELEASE.jar:4.0.5.RELEASE]
	at org.springframework.web.method.support.InvocableHandlerMethod.invokeForRequest(InvocableHandlerMethod.java:132) ~[spring-web-4.0.5.RELEASE.jar:4.0.5.RELEASE]
	at org.springframework.web.servlet.mvc.method.annotation.ServletInvocableHandlerMethod.invokeAndHandle(ServletInvocableHandlerMethod.java:104) ~[spring-webmvc-4.0.5.RELEASE.jar:4.0.5.RELEASE]
	at org.springframework.web.servlet.mvc.method.annotation.RequestMappingHandlerAdapter.invokeHandleMethod(RequestMappingHandlerAdapter.java:749) ~[spring-webmvc-4.0.5.RELEASE.jar:4.0.5.RELEASE]
	at org.springframework.web.servlet.mvc.method.annotation.RequestMappingHandlerAdapter.handleInternal(RequestMappingHandlerAdapter.java:689) ~[spring-webmvc-4.0.5.RELEASE.jar:4.0.5.RELEASE]
	at org.springframework.web.servlet.mvc.method.AbstractHandlerMethodAdapter.handle(AbstractHandlerMethodAdapter.java:83) ~[spring-webmvc-4.0.5.RELEASE.jar:4.0.5.RELEASE]
	at org.springframework.web.servlet.DispatcherServlet.doDispatch(DispatcherServlet.java:938) [spring-webmvc-4.0.5.RELEASE.jar:4.0.5.RELEASE]
	at org.springframework.web.servlet.DispatcherServlet.doService(DispatcherServlet.java:870) [spring-webmvc-4.0.5.RELEASE.jar:4.0.5.RELEASE]
	at org.springframework.web.servlet.FrameworkServlet.processRequest(FrameworkServlet.java:961) [spring-webmvc-4.0.5.RELEASE.jar:4.0.5.RELEASE]
	at org.springframework.web.servlet.FrameworkServlet.doGet(FrameworkServlet.java:852) [spring-webmvc-4.0.5.RELEASE.jar:4.0.5.RELEASE]
	at javax.servlet.http.HttpServlet.service(HttpServlet.java:621) [tomcat-embed-core-7.0.30.jar:7.0.30]
	at org.springframework.web.servlet.FrameworkServlet.service(FrameworkServlet.java:837) [spring-webmvc-4.0.5.RELEASE.jar:4.0.5.RELEASE]
	at javax.servlet.http.HttpServlet.service(HttpServlet.java:722) [tomcat-embed-core-7.0.30.jar:7.0.30]
	at org.apache.catalina.core.ApplicationFilterChain.internalDoFilter(ApplicationFilterChain.java:305) [tomcat-embed-core-7.0.30.jar:7.0.30]
	at org.apache.catalina.core.ApplicationFilterChain.doFilter(ApplicationFilterChain.java:210) [tomcat-embed-core-7.0.30.jar:7.0.30]
	at org.springframework.web.filter.CharacterEncodingFilter.doFilterInternal(CharacterEncodingFilter.java:88) [spring-web-4.0.5.RELEASE.jar:4.0.5.RELEASE]
	at org.springframework.web.filter.OncePerRequestFilter.doFilter(OncePerRequestFilter.java:107) [spring-web-4.0.5.RELEASE.jar:4.0.5.RELEASE]
	at org.apache.catalina.core.ApplicationFilterChain.internalDoFilter(ApplicationFilterChain.java:243) [tomcat-embed-core-7.0.30.jar:7.0.30]
	at org.apache.catalina.core.ApplicationFilterChain.doFilter(ApplicationFilterChain.java:210) [tomcat-embed-core-7.0.30.jar:7.0.30]
	at org.apache.catalina.core.StandardWrapperValve.invoke(StandardWrapperValve.java:222) [tomcat-embed-core-7.0.30.jar:7.0.30]
	at org.apache.catalina.core.StandardContextValve.invoke(StandardContextValve.java:123) [tomcat-embed-core-7.0.30.jar:7.0.30]
	at org.apache.catalina.authenticator.AuthenticatorBase.invoke(AuthenticatorBase.java:472) [tomcat-embed-core-7.0.30.jar:7.0.30]
	at org.apache.catalina.core.StandardHostValve.invoke(StandardHostValve.java:168) [tomcat-embed-core-7.0.30.jar:7.0.30]
	at org.apache.catalina.valves.ErrorReportValve.invoke(ErrorReportValve.java:99) [tomcat-embed-core-7.0.30.jar:7.0.30]
	at org.apache.catalina.valves.AccessLogValve.invoke(AccessLogValve.java:929) [tomcat-embed-core-7.0.30.jar:7.0.30]
	at org.apache.catalina.core.StandardEngineValve.invoke(StandardEngineValve.java:118) [tomcat-embed-core-7.0.30.jar:7.0.30]
	at org.apache.catalina.connector.CoyoteAdapter.service(CoyoteAdapter.java:407) [tomcat-embed-core-7.0.30.jar:7.0.30]
	at org.apache.coyote.http11.AbstractHttp11Processor.process(AbstractHttp11Processor.java:1002) [tomcat-embed-core-7.0.30.jar:7.0.30]
	at org.apache.coyote.AbstractProtocol$AbstractConnectionHandler.process(AbstractProtocol.java:585) [tomcat-embed-core-7.0.30.jar:7.0.30]
	at org.apache.tomcat.util.net.JIoEndpoint$SocketProcessor.run(JIoEndpoint.java:312) [tomcat-embed-core-7.0.30.jar:7.0.30]
	at java.util.concurrent.ThreadPoolExecutor.runWorker(ThreadPoolExecutor.java:1145) [na:1.7.0_75]
	at java.util.concurrent.ThreadPoolExecutor$Worker.run(ThreadPoolExecutor.java:615) [na:1.7.0_75]
	at java.lang.Thread.run(Thread.java:745) [na:1.7.0_75]
14:45:20.730 [localhost-startStop-1] INFO  o.s.web.context.ContextLoader [ContextLoader.java:285] Root WebApplicationContext: initialization started
14:45:20.947 [localhost-startStop-1] INFO  o.s.w.c.s.XmlWebApplicationContext [AbstractApplicationContext.java:513] Refreshing Root WebApplicationContext: startup date [Sat May 30 14:45:20 CST 2015]; root of context hierarchy
14:45:20.998 [localhost-startStop-1] INFO  o.s.b.f.xml.XmlBeanDefinitionReader [XmlBeanDefinitionReader.java:316] Loading XML bean definitions from class path resource [spring/root-context.xml]
14:45:21.422 [localhost-startStop-1] INFO  o.s.c.s.PropertySourcesPlaceholderConfigurer [PropertiesLoaderSupport.java:172] Loading properties file from class path resource [db/db.properties]
14:45:21.694 [localhost-startStop-1] INFO  o.s.web.context.ContextLoader [ContextLoader.java:325] Root WebApplicationContext: initialization completed in 956 ms
14:45:21.739 [localhost-startStop-1] INFO  o.s.web.servlet.DispatcherServlet [FrameworkServlet.java:479] FrameworkServlet 'springServlet': initialization started
14:45:21.744 [localhost-startStop-1] INFO  o.s.w.c.s.XmlWebApplicationContext [AbstractApplicationContext.java:513] Refreshing WebApplicationContext for namespace 'springServlet-servlet': startup date [Sat May 30 14:45:21 CST 2015]; parent: Root WebApplicationContext
14:45:21.746 [localhost-startStop-1] INFO  o.s.b.f.xml.XmlBeanDefinitionReader [XmlBeanDefinitionReader.java:316] Loading XML bean definitions from class path resource [spring/servlet-context.xml]
14:45:22.805 [localhost-startStop-1] INFO  o.s.b.f.a.AutowiredAnnotationBeanPostProcessor [AutowiredAnnotationBeanPostProcessor.java:141] JSR-330 'javax.inject.Inject' annotation found and supported for autowiring
14:45:23.140 [localhost-startStop-1] INFO  o.s.w.s.m.m.a.RequestMappingHandlerMapping [AbstractHandlerMethodMapping.java:197] Mapped "{[/admin/page],methods=[],params=[],headers=[],consumes=[],produces=[],custom=[]}" onto public java.util.Map<java.lang.String, org.springframework.data.domain.Page<com.team.graduate.model.Log>> com.team.graduate.controller.AdminLoginController.adminToGetUserResultWithPage(org.springframework.data.domain.Pageable)
14:45:23.141 [localhost-startStop-1] INFO  o.s.w.s.m.m.a.RequestMappingHandlerMapping [AbstractHandlerMethodMapping.java:197] Mapped "{[/admin/login],methods=[],params=[],headers=[],consumes=[],produces=[],custom=[]}" onto public java.lang.String com.team.graduate.controller.AdminLoginController.login()
14:45:23.142 [localhost-startStop-1] INFO  o.s.w.s.m.m.a.RequestMappingHandlerMapping [AbstractHandlerMethodMapping.java:197] Mapped "{[/admin/log],methods=[],params=[],headers=[],consumes=[],produces=[],custom=[]}" onto public org.springframework.web.servlet.ModelAndView com.team.graduate.controller.AdminLoginController.adminCheck(com.team.graduate.model.Admin)
14:45:23.144 [localhost-startStop-1] INFO  o.s.w.s.m.m.a.RequestMappingHandlerMapping [AbstractHandlerMethodMapping.java:197] Mapped "{[/code],methods=[],params=[],headers=[],consumes=[],produces=[],custom=[]}" onto public void com.team.graduate.controller.AuthCodeController.returnAuthCode(javax.servlet.http.HttpServletResponse,javax.servlet.http.HttpServletRequest)
14:45:23.147 [localhost-startStop-1] INFO  o.s.w.s.m.m.a.RequestMappingHandlerMapping [AbstractHandlerMethodMapping.java:197] Mapped "{[/captchaImage],methods=[],params=[],headers=[],consumes=[],produces=[],custom=[]}" onto public org.springframework.web.servlet.ModelAndView com.team.graduate.controller.common.KaptchaController.createKaptchaImage(javax.servlet.http.HttpServletRequest,javax.servlet.http.HttpServletResponse) throws java.io.IOException
14:45:23.148 [localhost-startStop-1] INFO  o.s.w.s.m.m.a.RequestMappingHandlerMapping [AbstractHandlerMethodMapping.java:197] Mapped "{[/captchaCheck],methods=[],params=[],headers=[],consumes=[],produces=[],custom=[]}" onto public org.springframework.web.servlet.ModelAndView com.team.graduate.controller.common.KaptchaController.captchaCheckValue(javax.servlet.http.HttpServletRequest)
14:45:23.150 [localhost-startStop-1] INFO  o.s.w.s.m.m.a.RequestMappingHandlerMapping [AbstractHandlerMethodMapping.java:197] Mapped "{[/admin/fileUp],methods=[],params=[],headers=[],consumes=[],produces=[],custom=[]}" onto public org.springframework.web.servlet.ModelAndView com.team.graduate.controller.FileController.fileUpload(javax.servlet.http.HttpServletRequest,javax.servlet.http.HttpServletResponse)
14:45:23.150 [localhost-startStop-1] INFO  o.s.w.s.m.m.a.RequestMappingHandlerMapping [AbstractHandlerMethodMapping.java:197] Mapped "{[/admin/fileDown],methods=[],params=[],headers=[],consumes=[],produces=[],custom=[]}" onto public org.springframework.web.servlet.ModelAndView com.team.graduate.controller.FileController.fileDownload(javax.servlet.http.HttpServletRequest,javax.servlet.http.HttpServletResponse) throws javax.servlet.ServletException,java.io.IOException
14:45:23.151 [localhost-startStop-1] INFO  o.s.w.s.m.m.a.RequestMappingHandlerMapping [AbstractHandlerMethodMapping.java:197] Mapped "{[/home/auth],methods=[],params=[],headers=[],consumes=[],produces=[],custom=[]}" onto public java.lang.String com.team.graduate.controller.HomeController.redirectAuthErrorPage()
14:45:23.152 [localhost-startStop-1] INFO  o.s.w.s.m.m.a.RequestMappingHandlerMapping [AbstractHandlerMethodMapping.java:197] Mapped "{[/home/select],methods=[],params=[],headers=[],consumes=[],produces=[],custom=[]}" onto public java.lang.String com.team.graduate.controller.HomeController.redirectErrorPage()
14:45:23.154 [localhost-startStop-1] INFO  o.s.w.s.m.m.a.RequestMappingHandlerMapping [AbstractHandlerMethodMapping.java:197] Mapped "{[/route/errorAuth],methods=[],params=[],headers=[],consumes=[],produces=[],custom=[]}" onto public java.lang.String com.team.graduate.controller.RouteController.redirectAuthErrorPage()
14:45:23.154 [localhost-startStop-1] INFO  o.s.w.s.m.m.a.RequestMappingHandlerMapping [AbstractHandlerMethodMapping.java:197] Mapped "{[/route/error],methods=[],params=[],headers=[],consumes=[],produces=[],custom=[]}" onto public java.lang.String com.team.graduate.controller.RouteController.redirectErrorPage()
14:45:23.156 [localhost-startStop-1] INFO  o.s.w.s.m.m.a.RequestMappingHandlerMapping [AbstractHandlerMethodMapping.java:197] Mapped "{[/router/authentication],methods=[GET],params=[],headers=[],consumes=[],produces=[],custom=[]}" onto public java.lang.String com.team.graduate.controller.RouterController.routeToStuAuth()
14:45:23.157 [localhost-startStop-1] INFO  o.s.w.s.m.m.a.RequestMappingHandlerMapping [AbstractHandlerMethodMapping.java:197] Mapped "{[/router/search],methods=[GET],params=[],headers=[],consumes=[],produces=[],custom=[]}" onto public java.lang.String com.team.graduate.controller.RouterController.routeToStuSearch()
14:45:23.158 [localhost-startStop-1] INFO  o.s.w.s.m.m.a.RequestMappingHandlerMapping [AbstractHandlerMethodMapping.java:197] Mapped "{[/router/photo/{name}],methods=[],params=[],headers=[],consumes=[],produces=[],custom=[]}" onto public void com.team.graduate.controller.RouterController.photo(javax.servlet.http.HttpServletResponse,javax.servlet.http.HttpServletRequest,java.lang.String) throws java.io.IOException
14:45:23.158 [localhost-startStop-1] INFO  o.s.w.s.m.m.a.RequestMappingHandlerMapping [AbstractHandlerMethodMapping.java:197] Mapped "{[/router/validateCode],methods=[POST],params=[],headers=[],consumes=[],produces=[],custom=[]}" onto public boolean com.team.graduate.controller.RouterController.validateCode(javax.servlet.http.HttpServletRequest,java.lang.String)
14:45:23.161 [localhost-startStop-1] INFO  o.s.w.s.m.m.a.RequestMappingHandlerMapping [AbstractHandlerMethodMapping.java:197] Mapped "{[/stu/search],methods=[POST],params=[],headers=[],consumes=[],produces=[],custom=[]}" onto public org.springframework.web.servlet.ModelAndView com.team.graduate.controller.StuGraduateController.search(com.team.graduate.model.StuGraduateInfo,javax.servlet.http.HttpServletRequest,java.lang.String)
14:45:23.162 [localhost-startStop-1] INFO  o.s.w.s.m.m.a.RequestMappingHandlerMapping [AbstractHandlerMethodMapping.java:197] Mapped "{[/stu/authentication],methods=[POST],params=[],headers=[],consumes=[],produces=[],custom=[]}" onto public org.springframework.web.servlet.ModelAndView com.team.graduate.controller.StuGraduateController.authentication(com.team.graduate.model.StuGraduateInfo,javax.servlet.http.HttpServletRequest,java.lang.String)
14:45:23.162 [localhost-startStop-1] INFO  o.s.w.s.m.m.a.RequestMappingHandlerMapping [AbstractHandlerMethodMapping.java:197] Mapped "{[/stu/authentication],methods=[GET],params=[],headers=[],consumes=[],produces=[],custom=[]}" onto public java.lang.String com.team.graduate.controller.StuGraduateController.authenticationGet()
14:45:23.162 [localhost-startStop-1] INFO  o.s.w.s.m.m.a.RequestMappingHandlerMapping [AbstractHandlerMethodMapping.java:197] Mapped "{[/stu/search],methods=[GET],params=[],headers=[],consumes=[],produces=[],custom=[]}" onto public java.lang.String com.team.graduate.controller.StuGraduateController.searchGet()
14:45:24.433 [localhost-startStop-1] INFO  o.s.w.s.h.SimpleUrlHandlerMapping [AbstractUrlHandlerMapping.java:315] Mapped URL path [/static/**] onto handler 'org.springframework.web.servlet.resource.ResourceHttpRequestHandler#0'
14:45:24.726 [localhost-startStop-1] INFO  o.s.web.servlet.DispatcherServlet [FrameworkServlet.java:498] FrameworkServlet 'springServlet': initialization completed in 2986 ms
14:45:41.662 [http-bio-8080-exec-1] WARN  WARN [AbstractHandlerExceptionResolver.java:187] Handler execution resulted in exception
java.lang.NullPointerException: null
	at com.team.graduate.controller.RouterController.validateCode(RouterController.java:46) ~[classes/:na]
	at sun.reflect.NativeMethodAccessorImpl.invoke0(Native Method) ~[na:1.7.0_75]
	at sun.reflect.NativeMethodAccessorImpl.invoke(NativeMethodAccessorImpl.java:57) ~[na:1.7.0_75]
	at sun.reflect.DelegatingMethodAccessorImpl.invoke(DelegatingMethodAccessorImpl.java:43) ~[na:1.7.0_75]
	at java.lang.reflect.Method.invoke(Method.java:606) ~[na:1.7.0_75]
	at org.springframework.web.method.support.InvocableHandlerMethod.invoke(InvocableHandlerMethod.java:215) ~[spring-web-4.0.5.RELEASE.jar:4.0.5.RELEASE]
	at org.springframework.web.method.support.InvocableHandlerMethod.invokeForRequest(InvocableHandlerMethod.java:132) ~[spring-web-4.0.5.RELEASE.jar:4.0.5.RELEASE]
	at org.springframework.web.servlet.mvc.method.annotation.ServletInvocableHandlerMethod.invokeAndHandle(ServletInvocableHandlerMethod.java:104) ~[spring-webmvc-4.0.5.RELEASE.jar:4.0.5.RELEASE]
	at org.springframework.web.servlet.mvc.method.annotation.RequestMappingHandlerAdapter.invokeHandleMethod(RequestMappingHandlerAdapter.java:749) ~[spring-webmvc-4.0.5.RELEASE.jar:4.0.5.RELEASE]
	at org.springframework.web.servlet.mvc.method.annotation.RequestMappingHandlerAdapter.handleInternal(RequestMappingHandlerAdapter.java:689) ~[spring-webmvc-4.0.5.RELEASE.jar:4.0.5.RELEASE]
	at org.springframework.web.servlet.mvc.method.AbstractHandlerMethodAdapter.handle(AbstractHandlerMethodAdapter.java:83) ~[spring-webmvc-4.0.5.RELEASE.jar:4.0.5.RELEASE]
	at org.springframework.web.servlet.DispatcherServlet.doDispatch(DispatcherServlet.java:938) [spring-webmvc-4.0.5.RELEASE.jar:4.0.5.RELEASE]
	at org.springframework.web.servlet.DispatcherServlet.doService(DispatcherServlet.java:870) [spring-webmvc-4.0.5.RELEASE.jar:4.0.5.RELEASE]
	at org.springframework.web.servlet.FrameworkServlet.processRequest(FrameworkServlet.java:961) [spring-webmvc-4.0.5.RELEASE.jar:4.0.5.RELEASE]
	at org.springframework.web.servlet.FrameworkServlet.doPost(FrameworkServlet.java:863) [spring-webmvc-4.0.5.RELEASE.jar:4.0.5.RELEASE]
	at javax.servlet.http.HttpServlet.service(HttpServlet.java:641) [tomcat-embed-core-7.0.30.jar:7.0.30]
	at org.springframework.web.servlet.FrameworkServlet.service(FrameworkServlet.java:837) [spring-webmvc-4.0.5.RELEASE.jar:4.0.5.RELEASE]
	at javax.servlet.http.HttpServlet.service(HttpServlet.java:722) [tomcat-embed-core-7.0.30.jar:7.0.30]
	at org.apache.catalina.core.ApplicationFilterChain.internalDoFilter(ApplicationFilterChain.java:305) [tomcat-embed-core-7.0.30.jar:7.0.30]
	at org.apache.catalina.core.ApplicationFilterChain.doFilter(ApplicationFilterChain.java:210) [tomcat-embed-core-7.0.30.jar:7.0.30]
	at org.springframework.web.filter.CharacterEncodingFilter.doFilterInternal(CharacterEncodingFilter.java:88) [spring-web-4.0.5.RELEASE.jar:4.0.5.RELEASE]
	at org.springframework.web.filter.OncePerRequestFilter.doFilter(OncePerRequestFilter.java:107) [spring-web-4.0.5.RELEASE.jar:4.0.5.RELEASE]
	at org.apache.catalina.core.ApplicationFilterChain.internalDoFilter(ApplicationFilterChain.java:243) [tomcat-embed-core-7.0.30.jar:7.0.30]
	at org.apache.catalina.core.ApplicationFilterChain.doFilter(ApplicationFilterChain.java:210) [tomcat-embed-core-7.0.30.jar:7.0.30]
	at org.apache.catalina.core.StandardWrapperValve.invoke(StandardWrapperValve.java:222) [tomcat-embed-core-7.0.30.jar:7.0.30]
	at org.apache.catalina.core.StandardContextValve.invoke(StandardContextValve.java:123) [tomcat-embed-core-7.0.30.jar:7.0.30]
	at org.apache.catalina.authenticator.AuthenticatorBase.invoke(AuthenticatorBase.java:472) [tomcat-embed-core-7.0.30.jar:7.0.30]
	at org.apache.catalina.core.StandardHostValve.invoke(StandardHostValve.java:168) [tomcat-embed-core-7.0.30.jar:7.0.30]
	at org.apache.catalina.valves.ErrorReportValve.invoke(ErrorReportValve.java:99) [tomcat-embed-core-7.0.30.jar:7.0.30]
	at org.apache.catalina.valves.AccessLogValve.invoke(AccessLogValve.java:929) [tomcat-embed-core-7.0.30.jar:7.0.30]
	at org.apache.catalina.core.StandardEngineValve.invoke(StandardEngineValve.java:118) [tomcat-embed-core-7.0.30.jar:7.0.30]
	at org.apache.catalina.connector.CoyoteAdapter.service(CoyoteAdapter.java:407) [tomcat-embed-core-7.0.30.jar:7.0.30]
	at org.apache.coyote.http11.AbstractHttp11Processor.process(AbstractHttp11Processor.java:1002) [tomcat-embed-core-7.0.30.jar:7.0.30]
	at org.apache.coyote.AbstractProtocol$AbstractConnectionHandler.process(AbstractProtocol.java:585) [tomcat-embed-core-7.0.30.jar:7.0.30]
	at org.apache.tomcat.util.net.JIoEndpoint$SocketProcessor.run(JIoEndpoint.java:310) [tomcat-embed-core-7.0.30.jar:7.0.30]
	at java.util.concurrent.ThreadPoolExecutor.runWorker(ThreadPoolExecutor.java:1145) [na:1.7.0_75]
	at java.util.concurrent.ThreadPoolExecutor$Worker.run(ThreadPoolExecutor.java:615) [na:1.7.0_75]
	at java.lang.Thread.run(Thread.java:745) [na:1.7.0_75]
14:45:52.977 [http-bio-8080-exec-9] WARN  WARN [AbstractHandlerExceptionResolver.java:187] Handler execution resulted in exception
java.lang.NullPointerException: null
	at org.apache.commons.io.IOUtils.copyLarge(IOUtils.java:1792) ~[commons-io-2.4.jar:2.4]
	at org.apache.commons.io.IOUtils.copyLarge(IOUtils.java:1769) ~[commons-io-2.4.jar:2.4]
	at org.apache.commons.io.IOUtils.copy(IOUtils.java:1744) ~[commons-io-2.4.jar:2.4]
	at com.team.graduate.controller.RouterController.photo(RouterController.java:59) ~[classes/:na]
	at sun.reflect.NativeMethodAccessorImpl.invoke0(Native Method) ~[na:1.7.0_75]
	at sun.reflect.NativeMethodAccessorImpl.invoke(NativeMethodAccessorImpl.java:57) ~[na:1.7.0_75]
	at sun.reflect.DelegatingMethodAccessorImpl.invoke(DelegatingMethodAccessorImpl.java:43) ~[na:1.7.0_75]
	at java.lang.reflect.Method.invoke(Method.java:606) ~[na:1.7.0_75]
	at org.springframework.web.method.support.InvocableHandlerMethod.invoke(InvocableHandlerMethod.java:215) ~[spring-web-4.0.5.RELEASE.jar:4.0.5.RELEASE]
	at org.springframework.web.method.support.InvocableHandlerMethod.invokeForRequest(InvocableHandlerMethod.java:132) ~[spring-web-4.0.5.RELEASE.jar:4.0.5.RELEASE]
	at org.springframework.web.servlet.mvc.method.annotation.ServletInvocableHandlerMethod.invokeAndHandle(ServletInvocableHandlerMethod.java:104) ~[spring-webmvc-4.0.5.RELEASE.jar:4.0.5.RELEASE]
	at org.springframework.web.servlet.mvc.method.annotation.RequestMappingHandlerAdapter.invokeHandleMethod(RequestMappingHandlerAdapter.java:749) ~[spring-webmvc-4.0.5.RELEASE.jar:4.0.5.RELEASE]
	at org.springframework.web.servlet.mvc.method.annotation.RequestMappingHandlerAdapter.handleInternal(RequestMappingHandlerAdapter.java:689) ~[spring-webmvc-4.0.5.RELEASE.jar:4.0.5.RELEASE]
	at org.springframework.web.servlet.mvc.method.AbstractHandlerMethodAdapter.handle(AbstractHandlerMethodAdapter.java:83) ~[spring-webmvc-4.0.5.RELEASE.jar:4.0.5.RELEASE]
	at org.springframework.web.servlet.DispatcherServlet.doDispatch(DispatcherServlet.java:938) [spring-webmvc-4.0.5.RELEASE.jar:4.0.5.RELEASE]
	at org.springframework.web.servlet.DispatcherServlet.doService(DispatcherServlet.java:870) [spring-webmvc-4.0.5.RELEASE.jar:4.0.5.RELEASE]
	at org.springframework.web.servlet.FrameworkServlet.processRequest(FrameworkServlet.java:961) [spring-webmvc-4.0.5.RELEASE.jar:4.0.5.RELEASE]
	at org.springframework.web.servlet.FrameworkServlet.doGet(FrameworkServlet.java:852) [spring-webmvc-4.0.5.RELEASE.jar:4.0.5.RELEASE]
	at javax.servlet.http.HttpServlet.service(HttpServlet.java:621) [tomcat-embed-core-7.0.30.jar:7.0.30]
	at org.springframework.web.servlet.FrameworkServlet.service(FrameworkServlet.java:837) [spring-webmvc-4.0.5.RELEASE.jar:4.0.5.RELEASE]
	at javax.servlet.http.HttpServlet.service(HttpServlet.java:722) [tomcat-embed-core-7.0.30.jar:7.0.30]
	at org.apache.catalina.core.ApplicationFilterChain.internalDoFilter(ApplicationFilterChain.java:305) [tomcat-embed-core-7.0.30.jar:7.0.30]
	at org.apache.catalina.core.ApplicationFilterChain.doFilter(ApplicationFilterChain.java:210) [tomcat-embed-core-7.0.30.jar:7.0.30]
	at org.springframework.web.filter.CharacterEncodingFilter.doFilterInternal(CharacterEncodingFilter.java:88) [spring-web-4.0.5.RELEASE.jar:4.0.5.RELEASE]
	at org.springframework.web.filter.OncePerRequestFilter.doFilter(OncePerRequestFilter.java:107) [spring-web-4.0.5.RELEASE.jar:4.0.5.RELEASE]
	at org.apache.catalina.core.ApplicationFilterChain.internalDoFilter(ApplicationFilterChain.java:243) [tomcat-embed-core-7.0.30.jar:7.0.30]
	at org.apache.catalina.core.ApplicationFilterChain.doFilter(ApplicationFilterChain.java:210) [tomcat-embed-core-7.0.30.jar:7.0.30]
	at org.apache.catalina.core.StandardWrapperValve.invoke(StandardWrapperValve.java:222) [tomcat-embed-core-7.0.30.jar:7.0.30]
	at org.apache.catalina.core.StandardContextValve.invoke(StandardContextValve.java:123) [tomcat-embed-core-7.0.30.jar:7.0.30]
	at org.apache.catalina.authenticator.AuthenticatorBase.invoke(AuthenticatorBase.java:472) [tomcat-embed-core-7.0.30.jar:7.0.30]
	at org.apache.catalina.core.StandardHostValve.invoke(StandardHostValve.java:168) [tomcat-embed-core-7.0.30.jar:7.0.30]
	at org.apache.catalina.valves.ErrorReportValve.invoke(ErrorReportValve.java:99) [tomcat-embed-core-7.0.30.jar:7.0.30]
	at org.apache.catalina.valves.AccessLogValve.invoke(AccessLogValve.java:929) [tomcat-embed-core-7.0.30.jar:7.0.30]
	at org.apache.catalina.core.StandardEngineValve.invoke(StandardEngineValve.java:118) [tomcat-embed-core-7.0.30.jar:7.0.30]
	at org.apache.catalina.connector.CoyoteAdapter.service(CoyoteAdapter.java:407) [tomcat-embed-core-7.0.30.jar:7.0.30]
	at org.apache.coyote.http11.AbstractHttp11Processor.process(AbstractHttp11Processor.java:1002) [tomcat-embed-core-7.0.30.jar:7.0.30]
	at org.apache.coyote.AbstractProtocol$AbstractConnectionHandler.process(AbstractProtocol.java:585) [tomcat-embed-core-7.0.30.jar:7.0.30]
	at org.apache.tomcat.util.net.JIoEndpoint$SocketProcessor.run(JIoEndpoint.java:312) [tomcat-embed-core-7.0.30.jar:7.0.30]
	at java.util.concurrent.ThreadPoolExecutor.runWorker(ThreadPoolExecutor.java:1145) [na:1.7.0_75]
	at java.util.concurrent.ThreadPoolExecutor$Worker.run(ThreadPoolExecutor.java:615) [na:1.7.0_75]
	at java.lang.Thread.run(Thread.java:745) [na:1.7.0_75]
14:48:46.387 [localhost-startStop-1] INFO  o.s.web.context.ContextLoader [ContextLoader.java:285] Root WebApplicationContext: initialization started
14:48:46.583 [localhost-startStop-1] INFO  o.s.w.c.s.XmlWebApplicationContext [AbstractApplicationContext.java:513] Refreshing Root WebApplicationContext: startup date [Sat May 30 14:48:46 CST 2015]; root of context hierarchy
14:48:46.641 [localhost-startStop-1] INFO  o.s.b.f.xml.XmlBeanDefinitionReader [XmlBeanDefinitionReader.java:316] Loading XML bean definitions from class path resource [spring/root-context.xml]
14:48:47.125 [localhost-startStop-1] INFO  o.s.c.s.PropertySourcesPlaceholderConfigurer [PropertiesLoaderSupport.java:172] Loading properties file from class path resource [db/db.properties]
14:48:47.401 [localhost-startStop-1] INFO  o.s.web.context.ContextLoader [ContextLoader.java:325] Root WebApplicationContext: initialization completed in 1001 ms
14:48:47.461 [localhost-startStop-1] INFO  o.s.web.servlet.DispatcherServlet [FrameworkServlet.java:479] FrameworkServlet 'springServlet': initialization started
14:48:47.466 [localhost-startStop-1] INFO  o.s.w.c.s.XmlWebApplicationContext [AbstractApplicationContext.java:513] Refreshing WebApplicationContext for namespace 'springServlet-servlet': startup date [Sat May 30 14:48:47 CST 2015]; parent: Root WebApplicationContext
14:48:47.468 [localhost-startStop-1] INFO  o.s.b.f.xml.XmlBeanDefinitionReader [XmlBeanDefinitionReader.java:316] Loading XML bean definitions from class path resource [spring/servlet-context.xml]
14:48:48.447 [localhost-startStop-1] INFO  o.s.b.f.a.AutowiredAnnotationBeanPostProcessor [AutowiredAnnotationBeanPostProcessor.java:141] JSR-330 'javax.inject.Inject' annotation found and supported for autowiring
14:48:48.835 [localhost-startStop-1] INFO  o.s.w.s.m.m.a.RequestMappingHandlerMapping [AbstractHandlerMethodMapping.java:197] Mapped "{[/admin/login],methods=[],params=[],headers=[],consumes=[],produces=[],custom=[]}" onto public java.lang.String com.team.graduate.controller.AdminLoginController.login()
14:48:48.836 [localhost-startStop-1] INFO  o.s.w.s.m.m.a.RequestMappingHandlerMapping [AbstractHandlerMethodMapping.java:197] Mapped "{[/admin/log],methods=[],params=[],headers=[],consumes=[],produces=[],custom=[]}" onto public org.springframework.web.servlet.ModelAndView com.team.graduate.controller.AdminLoginController.adminCheck(com.team.graduate.model.Admin)
14:48:48.839 [localhost-startStop-1] INFO  o.s.w.s.m.m.a.RequestMappingHandlerMapping [AbstractHandlerMethodMapping.java:197] Mapped "{[/admin/page],methods=[],params=[],headers=[],consumes=[],produces=[],custom=[]}" onto public java.util.Map<java.lang.String, org.springframework.data.domain.Page<com.team.graduate.model.Log>> com.team.graduate.controller.AdminLoginController.adminToGetUserResultWithPage(org.springframework.data.domain.Pageable)
14:48:48.841 [localhost-startStop-1] INFO  o.s.w.s.m.m.a.RequestMappingHandlerMapping [AbstractHandlerMethodMapping.java:197] Mapped "{[/code],methods=[],params=[],headers=[],consumes=[],produces=[],custom=[]}" onto public void com.team.graduate.controller.AuthCodeController.returnAuthCode(javax.servlet.http.HttpServletResponse,javax.servlet.http.HttpServletRequest)
14:48:48.844 [localhost-startStop-1] INFO  o.s.w.s.m.m.a.RequestMappingHandlerMapping [AbstractHandlerMethodMapping.java:197] Mapped "{[/captchaCheck],methods=[],params=[],headers=[],consumes=[],produces=[],custom=[]}" onto public org.springframework.web.servlet.ModelAndView com.team.graduate.controller.common.KaptchaController.captchaCheckValue(javax.servlet.http.HttpServletRequest)
14:48:48.845 [localhost-startStop-1] INFO  o.s.w.s.m.m.a.RequestMappingHandlerMapping [AbstractHandlerMethodMapping.java:197] Mapped "{[/captchaImage],methods=[],params=[],headers=[],consumes=[],produces=[],custom=[]}" onto public org.springframework.web.servlet.ModelAndView com.team.graduate.controller.common.KaptchaController.createKaptchaImage(javax.servlet.http.HttpServletRequest,javax.servlet.http.HttpServletResponse) throws java.io.IOException
14:48:48.847 [localhost-startStop-1] INFO  o.s.w.s.m.m.a.RequestMappingHandlerMapping [AbstractHandlerMethodMapping.java:197] Mapped "{[/admin/fileUp],methods=[],params=[],headers=[],consumes=[],produces=[],custom=[]}" onto public org.springframework.web.servlet.ModelAndView com.team.graduate.controller.FileController.fileUpload(javax.servlet.http.HttpServletRequest,javax.servlet.http.HttpServletResponse)
14:48:48.848 [localhost-startStop-1] INFO  o.s.w.s.m.m.a.RequestMappingHandlerMapping [AbstractHandlerMethodMapping.java:197] Mapped "{[/admin/fileDown],methods=[],params=[],headers=[],consumes=[],produces=[],custom=[]}" onto public org.springframework.web.servlet.ModelAndView com.team.graduate.controller.FileController.fileDownload(javax.servlet.http.HttpServletRequest,javax.servlet.http.HttpServletResponse) throws javax.servlet.ServletException,java.io.IOException
14:48:48.849 [localhost-startStop-1] INFO  o.s.w.s.m.m.a.RequestMappingHandlerMapping [AbstractHandlerMethodMapping.java:197] Mapped "{[/home/select],methods=[],params=[],headers=[],consumes=[],produces=[],custom=[]}" onto public java.lang.String com.team.graduate.controller.HomeController.redirectErrorPage()
14:48:48.849 [localhost-startStop-1] INFO  o.s.w.s.m.m.a.RequestMappingHandlerMapping [AbstractHandlerMethodMapping.java:197] Mapped "{[/home/auth],methods=[],params=[],headers=[],consumes=[],produces=[],custom=[]}" onto public java.lang.String com.team.graduate.controller.HomeController.redirectAuthErrorPage()
14:48:48.851 [localhost-startStop-1] INFO  o.s.w.s.m.m.a.RequestMappingHandlerMapping [AbstractHandlerMethodMapping.java:197] Mapped "{[/route/error],methods=[],params=[],headers=[],consumes=[],produces=[],custom=[]}" onto public java.lang.String com.team.graduate.controller.RouteController.redirectErrorPage()
14:48:48.853 [localhost-startStop-1] INFO  o.s.w.s.m.m.a.RequestMappingHandlerMapping [AbstractHandlerMethodMapping.java:197] Mapped "{[/route/errorAuth],methods=[],params=[],headers=[],consumes=[],produces=[],custom=[]}" onto public java.lang.String com.team.graduate.controller.RouteController.redirectAuthErrorPage()
14:48:48.856 [localhost-startStop-1] INFO  o.s.w.s.m.m.a.RequestMappingHandlerMapping [AbstractHandlerMethodMapping.java:197] Mapped "{[/router/photo/{name}],methods=[],params=[],headers=[],consumes=[],produces=[],custom=[]}" onto public void com.team.graduate.controller.RouterController.photo(javax.servlet.http.HttpServletResponse,javax.servlet.http.HttpServletRequest,java.lang.String) throws java.io.IOException
14:48:48.857 [localhost-startStop-1] INFO  o.s.w.s.m.m.a.RequestMappingHandlerMapping [AbstractHandlerMethodMapping.java:197] Mapped "{[/router/validateCode],methods=[POST],params=[],headers=[],consumes=[],produces=[],custom=[]}" onto public boolean com.team.graduate.controller.RouterController.validateCode(javax.servlet.http.HttpServletRequest,java.lang.String)
14:48:48.858 [localhost-startStop-1] INFO  o.s.w.s.m.m.a.RequestMappingHandlerMapping [AbstractHandlerMethodMapping.java:197] Mapped "{[/router/search],methods=[GET],params=[],headers=[],consumes=[],produces=[],custom=[]}" onto public java.lang.String com.team.graduate.controller.RouterController.routeToStuSearch()
14:48:48.858 [localhost-startStop-1] INFO  o.s.w.s.m.m.a.RequestMappingHandlerMapping [AbstractHandlerMethodMapping.java:197] Mapped "{[/router/authentication],methods=[GET],params=[],headers=[],consumes=[],produces=[],custom=[]}" onto public java.lang.String com.team.graduate.controller.RouterController.routeToStuAuth()
14:48:48.862 [localhost-startStop-1] INFO  o.s.w.s.m.m.a.RequestMappingHandlerMapping [AbstractHandlerMethodMapping.java:197] Mapped "{[/stu/search],methods=[POST],params=[],headers=[],consumes=[],produces=[],custom=[]}" onto public org.springframework.web.servlet.ModelAndView com.team.graduate.controller.StuGraduateController.search(com.team.graduate.model.StuGraduateInfo,javax.servlet.http.HttpServletRequest,java.lang.String)
14:48:48.862 [localhost-startStop-1] INFO  o.s.w.s.m.m.a.RequestMappingHandlerMapping [AbstractHandlerMethodMapping.java:197] Mapped "{[/stu/authentication],methods=[POST],params=[],headers=[],consumes=[],produces=[],custom=[]}" onto public org.springframework.web.servlet.ModelAndView com.team.graduate.controller.StuGraduateController.authentication(com.team.graduate.model.StuGraduateInfo,javax.servlet.http.HttpServletRequest,java.lang.String)
14:48:48.863 [localhost-startStop-1] INFO  o.s.w.s.m.m.a.RequestMappingHandlerMapping [AbstractHandlerMethodMapping.java:197] Mapped "{[/stu/search],methods=[GET],params=[],headers=[],consumes=[],produces=[],custom=[]}" onto public java.lang.String com.team.graduate.controller.StuGraduateController.searchGet()
14:48:48.863 [localhost-startStop-1] INFO  o.s.w.s.m.m.a.RequestMappingHandlerMapping [AbstractHandlerMethodMapping.java:197] Mapped "{[/stu/authentication],methods=[GET],params=[],headers=[],consumes=[],produces=[],custom=[]}" onto public java.lang.String com.team.graduate.controller.StuGraduateController.authenticationGet()
14:48:50.102 [localhost-startStop-1] INFO  o.s.w.s.h.SimpleUrlHandlerMapping [AbstractUrlHandlerMapping.java:315] Mapped URL path [/static/**] onto handler 'org.springframework.web.servlet.resource.ResourceHttpRequestHandler#0'
14:48:50.501 [localhost-startStop-1] INFO  o.s.web.servlet.DispatcherServlet [FrameworkServlet.java:498] FrameworkServlet 'springServlet': initialization completed in 3039 ms
14:49:34.937 [http-bio-8080-exec-8] WARN  WARN [AbstractHandlerExceptionResolver.java:187] Handler execution resulted in exception
java.lang.NullPointerException: null
	at org.apache.commons.io.IOUtils.copyLarge(IOUtils.java:1792) ~[commons-io-2.4.jar:2.4]
	at org.apache.commons.io.IOUtils.copyLarge(IOUtils.java:1769) ~[commons-io-2.4.jar:2.4]
	at org.apache.commons.io.IOUtils.copy(IOUtils.java:1744) ~[commons-io-2.4.jar:2.4]
	at com.team.graduate.controller.RouterController.photo(RouterController.java:59) ~[classes/:na]
	at sun.reflect.NativeMethodAccessorImpl.invoke0(Native Method) ~[na:1.7.0_75]
	at sun.reflect.NativeMethodAccessorImpl.invoke(NativeMethodAccessorImpl.java:57) ~[na:1.7.0_75]
	at sun.reflect.DelegatingMethodAccessorImpl.invoke(DelegatingMethodAccessorImpl.java:43) ~[na:1.7.0_75]
	at java.lang.reflect.Method.invoke(Method.java:606) ~[na:1.7.0_75]
	at org.springframework.web.method.support.InvocableHandlerMethod.invoke(InvocableHandlerMethod.java:215) ~[spring-web-4.0.5.RELEASE.jar:4.0.5.RELEASE]
	at org.springframework.web.method.support.InvocableHandlerMethod.invokeForRequest(InvocableHandlerMethod.java:132) ~[spring-web-4.0.5.RELEASE.jar:4.0.5.RELEASE]
	at org.springframework.web.servlet.mvc.method.annotation.ServletInvocableHandlerMethod.invokeAndHandle(ServletInvocableHandlerMethod.java:104) ~[spring-webmvc-4.0.5.RELEASE.jar:4.0.5.RELEASE]
	at org.springframework.web.servlet.mvc.method.annotation.RequestMappingHandlerAdapter.invokeHandleMethod(RequestMappingHandlerAdapter.java:749) ~[spring-webmvc-4.0.5.RELEASE.jar:4.0.5.RELEASE]
	at org.springframework.web.servlet.mvc.method.annotation.RequestMappingHandlerAdapter.handleInternal(RequestMappingHandlerAdapter.java:689) ~[spring-webmvc-4.0.5.RELEASE.jar:4.0.5.RELEASE]
	at org.springframework.web.servlet.mvc.method.AbstractHandlerMethodAdapter.handle(AbstractHandlerMethodAdapter.java:83) ~[spring-webmvc-4.0.5.RELEASE.jar:4.0.5.RELEASE]
	at org.springframework.web.servlet.DispatcherServlet.doDispatch(DispatcherServlet.java:938) [spring-webmvc-4.0.5.RELEASE.jar:4.0.5.RELEASE]
	at org.springframework.web.servlet.DispatcherServlet.doService(DispatcherServlet.java:870) [spring-webmvc-4.0.5.RELEASE.jar:4.0.5.RELEASE]
	at org.springframework.web.servlet.FrameworkServlet.processRequest(FrameworkServlet.java:961) [spring-webmvc-4.0.5.RELEASE.jar:4.0.5.RELEASE]
	at org.springframework.web.servlet.FrameworkServlet.doGet(FrameworkServlet.java:852) [spring-webmvc-4.0.5.RELEASE.jar:4.0.5.RELEASE]
	at javax.servlet.http.HttpServlet.service(HttpServlet.java:621) [tomcat-embed-core-7.0.30.jar:7.0.30]
	at org.springframework.web.servlet.FrameworkServlet.service(FrameworkServlet.java:837) [spring-webmvc-4.0.5.RELEASE.jar:4.0.5.RELEASE]
	at javax.servlet.http.HttpServlet.service(HttpServlet.java:722) [tomcat-embed-core-7.0.30.jar:7.0.30]
	at org.apache.catalina.core.ApplicationFilterChain.internalDoFilter(ApplicationFilterChain.java:305) [tomcat-embed-core-7.0.30.jar:7.0.30]
	at org.apache.catalina.core.ApplicationFilterChain.doFilter(ApplicationFilterChain.java:210) [tomcat-embed-core-7.0.30.jar:7.0.30]
	at org.springframework.web.filter.CharacterEncodingFilter.doFilterInternal(CharacterEncodingFilter.java:88) [spring-web-4.0.5.RELEASE.jar:4.0.5.RELEASE]
	at org.springframework.web.filter.OncePerRequestFilter.doFilter(OncePerRequestFilter.java:107) [spring-web-4.0.5.RELEASE.jar:4.0.5.RELEASE]
	at org.apache.catalina.core.ApplicationFilterChain.internalDoFilter(ApplicationFilterChain.java:243) [tomcat-embed-core-7.0.30.jar:7.0.30]
	at org.apache.catalina.core.ApplicationFilterChain.doFilter(ApplicationFilterChain.java:210) [tomcat-embed-core-7.0.30.jar:7.0.30]
	at org.apache.catalina.core.StandardWrapperValve.invoke(StandardWrapperValve.java:222) [tomcat-embed-core-7.0.30.jar:7.0.30]
	at org.apache.catalina.core.StandardContextValve.invoke(StandardContextValve.java:123) [tomcat-embed-core-7.0.30.jar:7.0.30]
	at org.apache.catalina.authenticator.AuthenticatorBase.invoke(AuthenticatorBase.java:472) [tomcat-embed-core-7.0.30.jar:7.0.30]
	at org.apache.catalina.core.StandardHostValve.invoke(StandardHostValve.java:168) [tomcat-embed-core-7.0.30.jar:7.0.30]
	at org.apache.catalina.valves.ErrorReportValve.invoke(ErrorReportValve.java:99) [tomcat-embed-core-7.0.30.jar:7.0.30]
	at org.apache.catalina.valves.AccessLogValve.invoke(AccessLogValve.java:929) [tomcat-embed-core-7.0.30.jar:7.0.30]
	at org.apache.catalina.core.StandardEngineValve.invoke(StandardEngineValve.java:118) [tomcat-embed-core-7.0.30.jar:7.0.30]
	at org.apache.catalina.connector.CoyoteAdapter.service(CoyoteAdapter.java:407) [tomcat-embed-core-7.0.30.jar:7.0.30]
	at org.apache.coyote.http11.AbstractHttp11Processor.process(AbstractHttp11Processor.java:1002) [tomcat-embed-core-7.0.30.jar:7.0.30]
	at org.apache.coyote.AbstractProtocol$AbstractConnectionHandler.process(AbstractProtocol.java:585) [tomcat-embed-core-7.0.30.jar:7.0.30]
	at org.apache.tomcat.util.net.JIoEndpoint$SocketProcessor.run(JIoEndpoint.java:312) [tomcat-embed-core-7.0.30.jar:7.0.30]
	at java.util.concurrent.ThreadPoolExecutor.runWorker(ThreadPoolExecutor.java:1145) [na:1.7.0_75]
	at java.util.concurrent.ThreadPoolExecutor$Worker.run(ThreadPoolExecutor.java:615) [na:1.7.0_75]
	at java.lang.Thread.run(Thread.java:745) [na:1.7.0_75]
14:52:47.123 [localhost-startStop-1] INFO  o.s.web.context.ContextLoader [ContextLoader.java:285] Root WebApplicationContext: initialization started
14:52:47.291 [localhost-startStop-1] INFO  o.s.w.c.s.XmlWebApplicationContext [AbstractApplicationContext.java:513] Refreshing Root WebApplicationContext: startup date [Sat May 30 14:52:47 CST 2015]; root of context hierarchy
14:52:47.382 [localhost-startStop-1] INFO  o.s.b.f.xml.XmlBeanDefinitionReader [XmlBeanDefinitionReader.java:316] Loading XML bean definitions from class path resource [spring/root-context.xml]
14:52:47.793 [localhost-startStop-1] INFO  o.s.c.s.PropertySourcesPlaceholderConfigurer [PropertiesLoaderSupport.java:172] Loading properties file from class path resource [db/db.properties]
14:52:48.083 [localhost-startStop-1] INFO  o.s.web.context.ContextLoader [ContextLoader.java:325] Root WebApplicationContext: initialization completed in 955 ms
14:52:48.129 [localhost-startStop-1] INFO  o.s.web.servlet.DispatcherServlet [FrameworkServlet.java:479] FrameworkServlet 'springServlet': initialization started
14:52:48.134 [localhost-startStop-1] INFO  o.s.w.c.s.XmlWebApplicationContext [AbstractApplicationContext.java:513] Refreshing WebApplicationContext for namespace 'springServlet-servlet': startup date [Sat May 30 14:52:48 CST 2015]; parent: Root WebApplicationContext
14:52:48.136 [localhost-startStop-1] INFO  o.s.b.f.xml.XmlBeanDefinitionReader [XmlBeanDefinitionReader.java:316] Loading XML bean definitions from class path resource [spring/servlet-context.xml]
14:52:49.372 [localhost-startStop-1] INFO  o.s.b.f.a.AutowiredAnnotationBeanPostProcessor [AutowiredAnnotationBeanPostProcessor.java:141] JSR-330 'javax.inject.Inject' annotation found and supported for autowiring
14:52:49.740 [localhost-startStop-1] INFO  o.s.w.s.m.m.a.RequestMappingHandlerMapping [AbstractHandlerMethodMapping.java:197] Mapped "{[/admin/page],methods=[],params=[],headers=[],consumes=[],produces=[],custom=[]}" onto public java.util.Map<java.lang.String, org.springframework.data.domain.Page<com.team.graduate.model.Log>> com.team.graduate.controller.AdminLoginController.adminToGetUserResultWithPage(org.springframework.data.domain.Pageable)
14:52:49.741 [localhost-startStop-1] INFO  o.s.w.s.m.m.a.RequestMappingHandlerMapping [AbstractHandlerMethodMapping.java:197] Mapped "{[/admin/login],methods=[],params=[],headers=[],consumes=[],produces=[],custom=[]}" onto public java.lang.String com.team.graduate.controller.AdminLoginController.login()
14:52:49.741 [localhost-startStop-1] INFO  o.s.w.s.m.m.a.RequestMappingHandlerMapping [AbstractHandlerMethodMapping.java:197] Mapped "{[/admin/log],methods=[],params=[],headers=[],consumes=[],produces=[],custom=[]}" onto public org.springframework.web.servlet.ModelAndView com.team.graduate.controller.AdminLoginController.adminCheck(com.team.graduate.model.Admin)
14:52:49.742 [localhost-startStop-1] INFO  o.s.w.s.m.m.a.RequestMappingHandlerMapping [AbstractHandlerMethodMapping.java:197] Mapped "{[/code],methods=[],params=[],headers=[],consumes=[],produces=[],custom=[]}" onto public void com.team.graduate.controller.AuthCodeController.returnAuthCode(javax.servlet.http.HttpServletResponse,javax.servlet.http.HttpServletRequest)
14:52:49.745 [localhost-startStop-1] INFO  o.s.w.s.m.m.a.RequestMappingHandlerMapping [AbstractHandlerMethodMapping.java:197] Mapped "{[/captchaCheck],methods=[],params=[],headers=[],consumes=[],produces=[],custom=[]}" onto public org.springframework.web.servlet.ModelAndView com.team.graduate.controller.common.KaptchaController.captchaCheckValue(javax.servlet.http.HttpServletRequest)
14:52:49.746 [localhost-startStop-1] INFO  o.s.w.s.m.m.a.RequestMappingHandlerMapping [AbstractHandlerMethodMapping.java:197] Mapped "{[/captchaImage],methods=[],params=[],headers=[],consumes=[],produces=[],custom=[]}" onto public org.springframework.web.servlet.ModelAndView com.team.graduate.controller.common.KaptchaController.createKaptchaImage(javax.servlet.http.HttpServletRequest,javax.servlet.http.HttpServletResponse) throws java.io.IOException
14:52:49.748 [localhost-startStop-1] INFO  o.s.w.s.m.m.a.RequestMappingHandlerMapping [AbstractHandlerMethodMapping.java:197] Mapped "{[/admin/fileUp],methods=[],params=[],headers=[],consumes=[],produces=[],custom=[]}" onto public org.springframework.web.servlet.ModelAndView com.team.graduate.controller.FileController.fileUpload(javax.servlet.http.HttpServletRequest,javax.servlet.http.HttpServletResponse)
14:52:49.748 [localhost-startStop-1] INFO  o.s.w.s.m.m.a.RequestMappingHandlerMapping [AbstractHandlerMethodMapping.java:197] Mapped "{[/admin/fileDown],methods=[],params=[],headers=[],consumes=[],produces=[],custom=[]}" onto public org.springframework.web.servlet.ModelAndView com.team.graduate.controller.FileController.fileDownload(javax.servlet.http.HttpServletRequest,javax.servlet.http.HttpServletResponse) throws javax.servlet.ServletException,java.io.IOException
14:52:49.749 [localhost-startStop-1] INFO  o.s.w.s.m.m.a.RequestMappingHandlerMapping [AbstractHandlerMethodMapping.java:197] Mapped "{[/home/select],methods=[],params=[],headers=[],consumes=[],produces=[],custom=[]}" onto public java.lang.String com.team.graduate.controller.HomeController.redirectErrorPage()
14:52:49.750 [localhost-startStop-1] INFO  o.s.w.s.m.m.a.RequestMappingHandlerMapping [AbstractHandlerMethodMapping.java:197] Mapped "{[/home/auth],methods=[],params=[],headers=[],consumes=[],produces=[],custom=[]}" onto public java.lang.String com.team.graduate.controller.HomeController.redirectAuthErrorPage()
14:52:49.752 [localhost-startStop-1] INFO  o.s.w.s.m.m.a.RequestMappingHandlerMapping [AbstractHandlerMethodMapping.java:197] Mapped "{[/route/error],methods=[],params=[],headers=[],consumes=[],produces=[],custom=[]}" onto public java.lang.String com.team.graduate.controller.RouteController.redirectErrorPage()
14:52:49.752 [localhost-startStop-1] INFO  o.s.w.s.m.m.a.RequestMappingHandlerMapping [AbstractHandlerMethodMapping.java:197] Mapped "{[/route/errorAuth],methods=[],params=[],headers=[],consumes=[],produces=[],custom=[]}" onto public java.lang.String com.team.graduate.controller.RouteController.redirectAuthErrorPage()
14:52:49.754 [localhost-startStop-1] INFO  o.s.w.s.m.m.a.RequestMappingHandlerMapping [AbstractHandlerMethodMapping.java:197] Mapped "{[/router/authentication],methods=[GET],params=[],headers=[],consumes=[],produces=[],custom=[]}" onto public java.lang.String com.team.graduate.controller.RouterController.routeToStuAuth()
14:52:49.755 [localhost-startStop-1] INFO  o.s.w.s.m.m.a.RequestMappingHandlerMapping [AbstractHandlerMethodMapping.java:197] Mapped "{[/router/search],methods=[GET],params=[],headers=[],consumes=[],produces=[],custom=[]}" onto public java.lang.String com.team.graduate.controller.RouterController.routeToStuSearch()
14:52:49.755 [localhost-startStop-1] INFO  o.s.w.s.m.m.a.RequestMappingHandlerMapping [AbstractHandlerMethodMapping.java:197] Mapped "{[/router/photo/{name}],methods=[],params=[],headers=[],consumes=[],produces=[],custom=[]}" onto public void com.team.graduate.controller.RouterController.photo(javax.servlet.http.HttpServletResponse,javax.servlet.http.HttpServletRequest,java.lang.String) throws java.io.IOException
14:52:49.755 [localhost-startStop-1] INFO  o.s.w.s.m.m.a.RequestMappingHandlerMapping [AbstractHandlerMethodMapping.java:197] Mapped "{[/router/validateCode],methods=[POST],params=[],headers=[],consumes=[],produces=[],custom=[]}" onto public boolean com.team.graduate.controller.RouterController.validateCode(javax.servlet.http.HttpServletRequest,java.lang.String)
14:52:49.759 [localhost-startStop-1] INFO  o.s.w.s.m.m.a.RequestMappingHandlerMapping [AbstractHandlerMethodMapping.java:197] Mapped "{[/stu/search],methods=[POST],params=[],headers=[],consumes=[],produces=[],custom=[]}" onto public org.springframework.web.servlet.ModelAndView com.team.graduate.controller.StuGraduateController.search(com.team.graduate.model.StuGraduateInfo,javax.servlet.http.HttpServletRequest,java.lang.String)
14:52:49.759 [localhost-startStop-1] INFO  o.s.w.s.m.m.a.RequestMappingHandlerMapping [AbstractHandlerMethodMapping.java:197] Mapped "{[/stu/authentication],methods=[GET],params=[],headers=[],consumes=[],produces=[],custom=[]}" onto public java.lang.String com.team.graduate.controller.StuGraduateController.authenticationGet()
14:52:49.759 [localhost-startStop-1] INFO  o.s.w.s.m.m.a.RequestMappingHandlerMapping [AbstractHandlerMethodMapping.java:197] Mapped "{[/stu/authentication],methods=[POST],params=[],headers=[],consumes=[],produces=[],custom=[]}" onto public org.springframework.web.servlet.ModelAndView com.team.graduate.controller.StuGraduateController.authentication(com.team.graduate.model.StuGraduateInfo,javax.servlet.http.HttpServletRequest,java.lang.String)
14:52:49.760 [localhost-startStop-1] INFO  o.s.w.s.m.m.a.RequestMappingHandlerMapping [AbstractHandlerMethodMapping.java:197] Mapped "{[/stu/search],methods=[GET],params=[],headers=[],consumes=[],produces=[],custom=[]}" onto public java.lang.String com.team.graduate.controller.StuGraduateController.searchGet()
14:52:51.103 [localhost-startStop-1] INFO  o.s.w.s.h.SimpleUrlHandlerMapping [AbstractUrlHandlerMapping.java:315] Mapped URL path [/static/**] onto handler 'org.springframework.web.servlet.resource.ResourceHttpRequestHandler#0'
14:52:51.411 [localhost-startStop-1] INFO  o.s.web.servlet.DispatcherServlet [FrameworkServlet.java:498] FrameworkServlet 'springServlet': initialization completed in 3282 ms
14:53:23.675 [http-bio-8080-exec-8] WARN  WARN [AbstractHandlerExceptionResolver.java:187] Handler execution resulted in exception
java.lang.NullPointerException: null
	at org.apache.commons.io.IOUtils.copyLarge(IOUtils.java:1792) ~[commons-io-2.4.jar:2.4]
	at org.apache.commons.io.IOUtils.copyLarge(IOUtils.java:1769) ~[commons-io-2.4.jar:2.4]
	at org.apache.commons.io.IOUtils.copy(IOUtils.java:1744) ~[commons-io-2.4.jar:2.4]
	at com.team.graduate.controller.RouterController.photo(RouterController.java:59) ~[classes/:na]
	at sun.reflect.NativeMethodAccessorImpl.invoke0(Native Method) ~[na:1.7.0_75]
	at sun.reflect.NativeMethodAccessorImpl.invoke(NativeMethodAccessorImpl.java:57) ~[na:1.7.0_75]
	at sun.reflect.DelegatingMethodAccessorImpl.invoke(DelegatingMethodAccessorImpl.java:43) ~[na:1.7.0_75]
	at java.lang.reflect.Method.invoke(Method.java:606) ~[na:1.7.0_75]
	at org.springframework.web.method.support.InvocableHandlerMethod.invoke(InvocableHandlerMethod.java:215) ~[spring-web-4.0.5.RELEASE.jar:4.0.5.RELEASE]
	at org.springframework.web.method.support.InvocableHandlerMethod.invokeForRequest(InvocableHandlerMethod.java:132) ~[spring-web-4.0.5.RELEASE.jar:4.0.5.RELEASE]
	at org.springframework.web.servlet.mvc.method.annotation.ServletInvocableHandlerMethod.invokeAndHandle(ServletInvocableHandlerMethod.java:104) ~[spring-webmvc-4.0.5.RELEASE.jar:4.0.5.RELEASE]
	at org.springframework.web.servlet.mvc.method.annotation.RequestMappingHandlerAdapter.invokeHandleMethod(RequestMappingHandlerAdapter.java:749) ~[spring-webmvc-4.0.5.RELEASE.jar:4.0.5.RELEASE]
	at org.springframework.web.servlet.mvc.method.annotation.RequestMappingHandlerAdapter.handleInternal(RequestMappingHandlerAdapter.java:689) ~[spring-webmvc-4.0.5.RELEASE.jar:4.0.5.RELEASE]
	at org.springframework.web.servlet.mvc.method.AbstractHandlerMethodAdapter.handle(AbstractHandlerMethodAdapter.java:83) ~[spring-webmvc-4.0.5.RELEASE.jar:4.0.5.RELEASE]
	at org.springframework.web.servlet.DispatcherServlet.doDispatch(DispatcherServlet.java:938) [spring-webmvc-4.0.5.RELEASE.jar:4.0.5.RELEASE]
	at org.springframework.web.servlet.DispatcherServlet.doService(DispatcherServlet.java:870) [spring-webmvc-4.0.5.RELEASE.jar:4.0.5.RELEASE]
	at org.springframework.web.servlet.FrameworkServlet.processRequest(FrameworkServlet.java:961) [spring-webmvc-4.0.5.RELEASE.jar:4.0.5.RELEASE]
	at org.springframework.web.servlet.FrameworkServlet.doGet(FrameworkServlet.java:852) [spring-webmvc-4.0.5.RELEASE.jar:4.0.5.RELEASE]
	at javax.servlet.http.HttpServlet.service(HttpServlet.java:621) [tomcat-embed-core-7.0.30.jar:7.0.30]
	at org.springframework.web.servlet.FrameworkServlet.service(FrameworkServlet.java:837) [spring-webmvc-4.0.5.RELEASE.jar:4.0.5.RELEASE]
	at javax.servlet.http.HttpServlet.service(HttpServlet.java:722) [tomcat-embed-core-7.0.30.jar:7.0.30]
	at org.apache.catalina.core.ApplicationFilterChain.internalDoFilter(ApplicationFilterChain.java:305) [tomcat-embed-core-7.0.30.jar:7.0.30]
	at org.apache.catalina.core.ApplicationFilterChain.doFilter(ApplicationFilterChain.java:210) [tomcat-embed-core-7.0.30.jar:7.0.30]
	at org.springframework.web.filter.CharacterEncodingFilter.doFilterInternal(CharacterEncodingFilter.java:88) [spring-web-4.0.5.RELEASE.jar:4.0.5.RELEASE]
	at org.springframework.web.filter.OncePerRequestFilter.doFilter(OncePerRequestFilter.java:107) [spring-web-4.0.5.RELEASE.jar:4.0.5.RELEASE]
	at org.apache.catalina.core.ApplicationFilterChain.internalDoFilter(ApplicationFilterChain.java:243) [tomcat-embed-core-7.0.30.jar:7.0.30]
	at org.apache.catalina.core.ApplicationFilterChain.doFilter(ApplicationFilterChain.java:210) [tomcat-embed-core-7.0.30.jar:7.0.30]
	at org.apache.catalina.core.StandardWrapperValve.invoke(StandardWrapperValve.java:222) [tomcat-embed-core-7.0.30.jar:7.0.30]
	at org.apache.catalina.core.StandardContextValve.invoke(StandardContextValve.java:123) [tomcat-embed-core-7.0.30.jar:7.0.30]
	at org.apache.catalina.authenticator.AuthenticatorBase.invoke(AuthenticatorBase.java:472) [tomcat-embed-core-7.0.30.jar:7.0.30]
	at org.apache.catalina.core.StandardHostValve.invoke(StandardHostValve.java:168) [tomcat-embed-core-7.0.30.jar:7.0.30]
	at org.apache.catalina.valves.ErrorReportValve.invoke(ErrorReportValve.java:99) [tomcat-embed-core-7.0.30.jar:7.0.30]
	at org.apache.catalina.valves.AccessLogValve.invoke(AccessLogValve.java:929) [tomcat-embed-core-7.0.30.jar:7.0.30]
	at org.apache.catalina.core.StandardEngineValve.invoke(StandardEngineValve.java:118) [tomcat-embed-core-7.0.30.jar:7.0.30]
	at org.apache.catalina.connector.CoyoteAdapter.service(CoyoteAdapter.java:407) [tomcat-embed-core-7.0.30.jar:7.0.30]
	at org.apache.coyote.http11.AbstractHttp11Processor.process(AbstractHttp11Processor.java:1002) [tomcat-embed-core-7.0.30.jar:7.0.30]
	at org.apache.coyote.AbstractProtocol$AbstractConnectionHandler.process(AbstractProtocol.java:585) [tomcat-embed-core-7.0.30.jar:7.0.30]
	at org.apache.tomcat.util.net.JIoEndpoint$SocketProcessor.run(JIoEndpoint.java:312) [tomcat-embed-core-7.0.30.jar:7.0.30]
	at java.util.concurrent.ThreadPoolExecutor.runWorker(ThreadPoolExecutor.java:1145) [na:1.7.0_75]
	at java.util.concurrent.ThreadPoolExecutor$Worker.run(ThreadPoolExecutor.java:615) [na:1.7.0_75]
	at java.lang.Thread.run(Thread.java:745) [na:1.7.0_75]
14:55:04.522 [http-bio-8080-exec-9] WARN  WARN [AbstractHandlerExceptionResolver.java:187] Handler execution resulted in exception
java.lang.NullPointerException: null
	at org.apache.commons.io.IOUtils.copyLarge(IOUtils.java:1792) ~[commons-io-2.4.jar:2.4]
	at org.apache.commons.io.IOUtils.copyLarge(IOUtils.java:1769) ~[commons-io-2.4.jar:2.4]
	at org.apache.commons.io.IOUtils.copy(IOUtils.java:1744) ~[commons-io-2.4.jar:2.4]
	at com.team.graduate.controller.RouterController.photo(RouterController.java:59) ~[classes/:na]
	at sun.reflect.NativeMethodAccessorImpl.invoke0(Native Method) ~[na:1.7.0_75]
	at sun.reflect.NativeMethodAccessorImpl.invoke(NativeMethodAccessorImpl.java:57) ~[na:1.7.0_75]
	at sun.reflect.DelegatingMethodAccessorImpl.invoke(DelegatingMethodAccessorImpl.java:43) ~[na:1.7.0_75]
	at java.lang.reflect.Method.invoke(Method.java:606) ~[na:1.7.0_75]
	at org.springframework.web.method.support.InvocableHandlerMethod.invoke(InvocableHandlerMethod.java:215) ~[spring-web-4.0.5.RELEASE.jar:4.0.5.RELEASE]
	at org.springframework.web.method.support.InvocableHandlerMethod.invokeForRequest(InvocableHandlerMethod.java:132) ~[spring-web-4.0.5.RELEASE.jar:4.0.5.RELEASE]
	at org.springframework.web.servlet.mvc.method.annotation.ServletInvocableHandlerMethod.invokeAndHandle(ServletInvocableHandlerMethod.java:104) ~[spring-webmvc-4.0.5.RELEASE.jar:4.0.5.RELEASE]
	at org.springframework.web.servlet.mvc.method.annotation.RequestMappingHandlerAdapter.invokeHandleMethod(RequestMappingHandlerAdapter.java:749) ~[spring-webmvc-4.0.5.RELEASE.jar:4.0.5.RELEASE]
	at org.springframework.web.servlet.mvc.method.annotation.RequestMappingHandlerAdapter.handleInternal(RequestMappingHandlerAdapter.java:689) ~[spring-webmvc-4.0.5.RELEASE.jar:4.0.5.RELEASE]
	at org.springframework.web.servlet.mvc.method.AbstractHandlerMethodAdapter.handle(AbstractHandlerMethodAdapter.java:83) ~[spring-webmvc-4.0.5.RELEASE.jar:4.0.5.RELEASE]
	at org.springframework.web.servlet.DispatcherServlet.doDispatch(DispatcherServlet.java:938) [spring-webmvc-4.0.5.RELEASE.jar:4.0.5.RELEASE]
	at org.springframework.web.servlet.DispatcherServlet.doService(DispatcherServlet.java:870) [spring-webmvc-4.0.5.RELEASE.jar:4.0.5.RELEASE]
	at org.springframework.web.servlet.FrameworkServlet.processRequest(FrameworkServlet.java:961) [spring-webmvc-4.0.5.RELEASE.jar:4.0.5.RELEASE]
	at org.springframework.web.servlet.FrameworkServlet.doGet(FrameworkServlet.java:852) [spring-webmvc-4.0.5.RELEASE.jar:4.0.5.RELEASE]
	at javax.servlet.http.HttpServlet.service(HttpServlet.java:621) [tomcat-embed-core-7.0.30.jar:7.0.30]
	at org.springframework.web.servlet.FrameworkServlet.service(FrameworkServlet.java:837) [spring-webmvc-4.0.5.RELEASE.jar:4.0.5.RELEASE]
	at javax.servlet.http.HttpServlet.service(HttpServlet.java:722) [tomcat-embed-core-7.0.30.jar:7.0.30]
	at org.apache.catalina.core.ApplicationFilterChain.internalDoFilter(ApplicationFilterChain.java:305) [tomcat-embed-core-7.0.30.jar:7.0.30]
	at org.apache.catalina.core.ApplicationFilterChain.doFilter(ApplicationFilterChain.java:210) [tomcat-embed-core-7.0.30.jar:7.0.30]
	at org.springframework.web.filter.CharacterEncodingFilter.doFilterInternal(CharacterEncodingFilter.java:88) [spring-web-4.0.5.RELEASE.jar:4.0.5.RELEASE]
	at org.springframework.web.filter.OncePerRequestFilter.doFilter(OncePerRequestFilter.java:107) [spring-web-4.0.5.RELEASE.jar:4.0.5.RELEASE]
	at org.apache.catalina.core.ApplicationFilterChain.internalDoFilter(ApplicationFilterChain.java:243) [tomcat-embed-core-7.0.30.jar:7.0.30]
	at org.apache.catalina.core.ApplicationFilterChain.doFilter(ApplicationFilterChain.java:210) [tomcat-embed-core-7.0.30.jar:7.0.30]
	at org.apache.catalina.core.StandardWrapperValve.invoke(StandardWrapperValve.java:222) [tomcat-embed-core-7.0.30.jar:7.0.30]
	at org.apache.catalina.core.StandardContextValve.invoke(StandardContextValve.java:123) [tomcat-embed-core-7.0.30.jar:7.0.30]
	at org.apache.catalina.authenticator.AuthenticatorBase.invoke(AuthenticatorBase.java:472) [tomcat-embed-core-7.0.30.jar:7.0.30]
	at org.apache.catalina.core.StandardHostValve.invoke(StandardHostValve.java:168) [tomcat-embed-core-7.0.30.jar:7.0.30]
	at org.apache.catalina.valves.ErrorReportValve.invoke(ErrorReportValve.java:99) [tomcat-embed-core-7.0.30.jar:7.0.30]
	at org.apache.catalina.valves.AccessLogValve.invoke(AccessLogValve.java:929) [tomcat-embed-core-7.0.30.jar:7.0.30]
	at org.apache.catalina.core.StandardEngineValve.invoke(StandardEngineValve.java:118) [tomcat-embed-core-7.0.30.jar:7.0.30]
	at org.apache.catalina.connector.CoyoteAdapter.service(CoyoteAdapter.java:407) [tomcat-embed-core-7.0.30.jar:7.0.30]
	at org.apache.coyote.http11.AbstractHttp11Processor.process(AbstractHttp11Processor.java:1002) [tomcat-embed-core-7.0.30.jar:7.0.30]
	at org.apache.coyote.AbstractProtocol$AbstractConnectionHandler.process(AbstractProtocol.java:585) [tomcat-embed-core-7.0.30.jar:7.0.30]
	at org.apache.tomcat.util.net.JIoEndpoint$SocketProcessor.run(JIoEndpoint.java:312) [tomcat-embed-core-7.0.30.jar:7.0.30]
	at java.util.concurrent.ThreadPoolExecutor.runWorker(ThreadPoolExecutor.java:1145) [na:1.7.0_75]
	at java.util.concurrent.ThreadPoolExecutor$Worker.run(ThreadPoolExecutor.java:615) [na:1.7.0_75]
	at java.lang.Thread.run(Thread.java:745) [na:1.7.0_75]
15:05:30.845 [localhost-startStop-1] INFO  o.s.web.context.ContextLoader [ContextLoader.java:285] Root WebApplicationContext: initialization started
15:05:31.041 [localhost-startStop-1] INFO  o.s.w.c.s.XmlWebApplicationContext [AbstractApplicationContext.java:513] Refreshing Root WebApplicationContext: startup date [Sat May 30 15:05:31 CST 2015]; root of context hierarchy
15:05:31.127 [localhost-startStop-1] INFO  o.s.b.f.xml.XmlBeanDefinitionReader [XmlBeanDefinitionReader.java:316] Loading XML bean definitions from class path resource [spring/root-context.xml]
15:05:31.485 [localhost-startStop-1] INFO  o.s.c.s.PropertySourcesPlaceholderConfigurer [PropertiesLoaderSupport.java:172] Loading properties file from class path resource [db/db.properties]
15:05:31.761 [localhost-startStop-1] INFO  o.s.web.context.ContextLoader [ContextLoader.java:325] Root WebApplicationContext: initialization completed in 911 ms
15:05:31.807 [localhost-startStop-1] INFO  o.s.web.servlet.DispatcherServlet [FrameworkServlet.java:479] FrameworkServlet 'springServlet': initialization started
15:05:31.812 [localhost-startStop-1] INFO  o.s.w.c.s.XmlWebApplicationContext [AbstractApplicationContext.java:513] Refreshing WebApplicationContext for namespace 'springServlet-servlet': startup date [Sat May 30 15:05:31 CST 2015]; parent: Root WebApplicationContext
15:05:31.814 [localhost-startStop-1] INFO  o.s.b.f.xml.XmlBeanDefinitionReader [XmlBeanDefinitionReader.java:316] Loading XML bean definitions from class path resource [spring/servlet-context.xml]
15:05:32.541 [localhost-startStop-1] INFO  o.s.b.f.a.AutowiredAnnotationBeanPostProcessor [AutowiredAnnotationBeanPostProcessor.java:141] JSR-330 'javax.inject.Inject' annotation found and supported for autowiring
15:05:32.927 [localhost-startStop-1] INFO  o.s.w.s.m.m.a.RequestMappingHandlerMapping [AbstractHandlerMethodMapping.java:197] Mapped "{[/admin/login],methods=[],params=[],headers=[],consumes=[],produces=[],custom=[]}" onto public java.lang.String com.team.graduate.controller.AdminLoginController.login()
15:05:32.929 [localhost-startStop-1] INFO  o.s.w.s.m.m.a.RequestMappingHandlerMapping [AbstractHandlerMethodMapping.java:197] Mapped "{[/admin/log],methods=[],params=[],headers=[],consumes=[],produces=[],custom=[]}" onto public org.springframework.web.servlet.ModelAndView com.team.graduate.controller.AdminLoginController.adminCheck(com.team.graduate.model.Admin)
15:05:32.931 [localhost-startStop-1] INFO  o.s.w.s.m.m.a.RequestMappingHandlerMapping [AbstractHandlerMethodMapping.java:197] Mapped "{[/admin/page],methods=[],params=[],headers=[],consumes=[],produces=[],custom=[]}" onto public java.util.Map<java.lang.String, org.springframework.data.domain.Page<com.team.graduate.model.Log>> com.team.graduate.controller.AdminLoginController.adminToGetUserResultWithPage(org.springframework.data.domain.Pageable)
15:05:32.933 [localhost-startStop-1] INFO  o.s.w.s.m.m.a.RequestMappingHandlerMapping [AbstractHandlerMethodMapping.java:197] Mapped "{[/code],methods=[],params=[],headers=[],consumes=[],produces=[],custom=[]}" onto public void com.team.graduate.controller.AuthCodeController.returnAuthCode(javax.servlet.http.HttpServletResponse,javax.servlet.http.HttpServletRequest)
15:05:32.936 [localhost-startStop-1] INFO  o.s.w.s.m.m.a.RequestMappingHandlerMapping [AbstractHandlerMethodMapping.java:197] Mapped "{[/captchaCheck],methods=[],params=[],headers=[],consumes=[],produces=[],custom=[]}" onto public org.springframework.web.servlet.ModelAndView com.team.graduate.controller.common.KaptchaController.captchaCheckValue(javax.servlet.http.HttpServletRequest)
15:05:32.937 [localhost-startStop-1] INFO  o.s.w.s.m.m.a.RequestMappingHandlerMapping [AbstractHandlerMethodMapping.java:197] Mapped "{[/captchaImage],methods=[],params=[],headers=[],consumes=[],produces=[],custom=[]}" onto public org.springframework.web.servlet.ModelAndView com.team.graduate.controller.common.KaptchaController.createKaptchaImage(javax.servlet.http.HttpServletRequest,javax.servlet.http.HttpServletResponse) throws java.io.IOException
15:05:32.939 [localhost-startStop-1] INFO  o.s.w.s.m.m.a.RequestMappingHandlerMapping [AbstractHandlerMethodMapping.java:197] Mapped "{[/admin/fileUp],methods=[],params=[],headers=[],consumes=[],produces=[],custom=[]}" onto public org.springframework.web.servlet.ModelAndView com.team.graduate.controller.FileController.fileUpload(javax.servlet.http.HttpServletRequest,javax.servlet.http.HttpServletResponse)
15:05:32.940 [localhost-startStop-1] INFO  o.s.w.s.m.m.a.RequestMappingHandlerMapping [AbstractHandlerMethodMapping.java:197] Mapped "{[/admin/fileDown],methods=[],params=[],headers=[],consumes=[],produces=[],custom=[]}" onto public org.springframework.web.servlet.ModelAndView com.team.graduate.controller.FileController.fileDownload(javax.servlet.http.HttpServletRequest,javax.servlet.http.HttpServletResponse) throws javax.servlet.ServletException,java.io.IOException
15:05:32.941 [localhost-startStop-1] INFO  o.s.w.s.m.m.a.RequestMappingHandlerMapping [AbstractHandlerMethodMapping.java:197] Mapped "{[/home/auth],methods=[],params=[],headers=[],consumes=[],produces=[],custom=[]}" onto public java.lang.String com.team.graduate.controller.HomeController.redirectAuthErrorPage()
15:05:32.942 [localhost-startStop-1] INFO  o.s.w.s.m.m.a.RequestMappingHandlerMapping [AbstractHandlerMethodMapping.java:197] Mapped "{[/home/select],methods=[],params=[],headers=[],consumes=[],produces=[],custom=[]}" onto public java.lang.String com.team.graduate.controller.HomeController.redirectErrorPage()
15:05:32.944 [localhost-startStop-1] INFO  o.s.w.s.m.m.a.RequestMappingHandlerMapping [AbstractHandlerMethodMapping.java:197] Mapped "{[/route/errorAuth],methods=[],params=[],headers=[],consumes=[],produces=[],custom=[]}" onto public java.lang.String com.team.graduate.controller.RouteController.redirectAuthErrorPage()
15:05:32.944 [localhost-startStop-1] INFO  o.s.w.s.m.m.a.RequestMappingHandlerMapping [AbstractHandlerMethodMapping.java:197] Mapped "{[/route/error],methods=[],params=[],headers=[],consumes=[],produces=[],custom=[]}" onto public java.lang.String com.team.graduate.controller.RouteController.redirectErrorPage()
15:05:32.946 [localhost-startStop-1] INFO  o.s.w.s.m.m.a.RequestMappingHandlerMapping [AbstractHandlerMethodMapping.java:197] Mapped "{[/router/validateCode],methods=[POST],params=[],headers=[],consumes=[],produces=[],custom=[]}" onto public boolean com.team.graduate.controller.RouterController.validateCode(javax.servlet.http.HttpServletRequest,java.lang.String)
15:05:32.947 [localhost-startStop-1] INFO  o.s.w.s.m.m.a.RequestMappingHandlerMapping [AbstractHandlerMethodMapping.java:197] Mapped "{[/router/photo/{name}],methods=[],params=[],headers=[],consumes=[],produces=[],custom=[]}" onto public void com.team.graduate.controller.RouterController.photo(javax.servlet.http.HttpServletResponse,javax.servlet.http.HttpServletRequest,java.lang.String) throws java.io.IOException
15:05:32.947 [localhost-startStop-1] INFO  o.s.w.s.m.m.a.RequestMappingHandlerMapping [AbstractHandlerMethodMapping.java:197] Mapped "{[/router/search],methods=[GET],params=[],headers=[],consumes=[],produces=[],custom=[]}" onto public java.lang.String com.team.graduate.controller.RouterController.routeToStuSearch()
15:05:32.948 [localhost-startStop-1] INFO  o.s.w.s.m.m.a.RequestMappingHandlerMapping [AbstractHandlerMethodMapping.java:197] Mapped "{[/router/authentication],methods=[GET],params=[],headers=[],consumes=[],produces=[],custom=[]}" onto public java.lang.String com.team.graduate.controller.RouterController.routeToStuAuth()
15:05:32.951 [localhost-startStop-1] INFO  o.s.w.s.m.m.a.RequestMappingHandlerMapping [AbstractHandlerMethodMapping.java:197] Mapped "{[/stu/search],methods=[POST],params=[],headers=[],consumes=[],produces=[],custom=[]}" onto public org.springframework.web.servlet.ModelAndView com.team.graduate.controller.StuGraduateController.search(com.team.graduate.model.StuGraduateInfo,javax.servlet.http.HttpServletRequest,java.lang.String)
15:05:32.952 [localhost-startStop-1] INFO  o.s.w.s.m.m.a.RequestMappingHandlerMapping [AbstractHandlerMethodMapping.java:197] Mapped "{[/stu/authentication],methods=[POST],params=[],headers=[],consumes=[],produces=[],custom=[]}" onto public org.springframework.web.servlet.ModelAndView com.team.graduate.controller.StuGraduateController.authentication(com.team.graduate.model.StuGraduateInfo,javax.servlet.http.HttpServletRequest,java.lang.String)
15:05:32.952 [localhost-startStop-1] INFO  o.s.w.s.m.m.a.RequestMappingHandlerMapping [AbstractHandlerMethodMapping.java:197] Mapped "{[/stu/search],methods=[GET],params=[],headers=[],consumes=[],produces=[],custom=[]}" onto public java.lang.String com.team.graduate.controller.StuGraduateController.searchGet()
15:05:32.952 [localhost-startStop-1] INFO  o.s.w.s.m.m.a.RequestMappingHandlerMapping [AbstractHandlerMethodMapping.java:197] Mapped "{[/stu/authentication],methods=[GET],params=[],headers=[],consumes=[],produces=[],custom=[]}" onto public java.lang.String com.team.graduate.controller.StuGraduateController.authenticationGet()
15:05:34.724 [localhost-startStop-1] INFO  o.s.w.s.h.SimpleUrlHandlerMapping [AbstractUrlHandlerMapping.java:315] Mapped URL path [/static/**] onto handler 'org.springframework.web.servlet.resource.ResourceHttpRequestHandler#0'
15:05:35.467 [localhost-startStop-1] INFO  o.s.web.servlet.DispatcherServlet [FrameworkServlet.java:498] FrameworkServlet 'springServlet': initialization completed in 3660 ms
