14:38:18.376 [localhost-startStop-1] INFO  o.s.web.context.ContextLoader [ContextLoader.java:285] - Root WebApplicationContext: initialization started
14:38:18.670 [localhost-startStop-1] INFO  o.s.w.c.s.XmlWebApplicationContext [AbstractApplicationContext.java:513] - Refreshing Root WebApplicationContext: startup date [Sat Jun 13 14:38:18 CST 2015]; root of context hierarchy
14:38:18.750 [localhost-startStop-1] INFO  o.s.b.f.xml.XmlBeanDefinitionReader [XmlBeanDefinitionReader.java:316] - Loading XML bean definitions from class path resource [spring/root-context.xml]
14:38:19.325 [localhost-startStop-1] INFO  o.s.c.s.PropertySourcesPlaceholderConfigurer [PropertiesLoaderSupport.java:172] - Loading properties file from class path resource [db/db.properties]
14:38:19.605 [localhost-startStop-1] INFO  o.s.web.context.ContextLoader [ContextLoader.java:325] - Root WebApplicationContext: initialization completed in 1106 ms
14:38:19.662 [localhost-startStop-1] INFO  o.s.web.servlet.DispatcherServlet [FrameworkServlet.java:479] - FrameworkServlet 'springServlet': initialization started
14:38:19.668 [localhost-startStop-1] INFO  o.s.w.c.s.XmlWebApplicationContext [AbstractApplicationContext.java:513] - Refreshing WebApplicationContext for namespace 'springServlet-servlet': startup date [Sat Jun 13 14:38:19 CST 2015]; parent: Root WebApplicationContext
14:38:19.670 [localhost-startStop-1] INFO  o.s.b.f.xml.XmlBeanDefinitionReader [XmlBeanDefinitionReader.java:316] - Loading XML bean definitions from class path resource [spring/servlet-context.xml]
14:38:20.346 [localhost-startStop-1] INFO  o.s.b.f.a.AutowiredAnnotationBeanPostProcessor [AutowiredAnnotationBeanPostProcessor.java:141] - JSR-330 'javax.inject.Inject' annotation found and supported for autowiring
14:38:20.747 [localhost-startStop-1] INFO  o.s.w.s.m.m.a.RequestMappingHandlerMapping [AbstractHandlerMethodMapping.java:197] - Mapped "{[/admin/login],methods=[GET],params=[],headers=[],consumes=[],produces=[],custom=[]}" onto public java.lang.String com.team.graduate.controller.AdminController.adminLoginGet(com.team.graduate.model.Admin,javax.servlet.http.HttpSession)
14:38:20.749 [localhost-startStop-1] INFO  o.s.w.s.m.m.a.RequestMappingHandlerMapping [AbstractHandlerMethodMapping.java:197] - Mapped "{[/admin/logout],methods=[GET],params=[],headers=[],consumes=[],produces=[],custom=[]}" onto public java.lang.String com.team.graduate.controller.AdminController.adminLogout(javax.servlet.http.HttpSession)
14:38:20.749 [localhost-startStop-1] INFO  o.s.w.s.m.m.a.RequestMappingHandlerMapping [AbstractHandlerMethodMapping.java:197] - Mapped "{[/admin/login],methods=[POST],params=[],headers=[],consumes=[],produces=[],custom=[]}" onto public org.springframework.web.servlet.ModelAndView com.team.graduate.controller.AdminController.adminLogin(com.team.graduate.model.Admin,javax.servlet.http.HttpSession,java.lang.String)
14:38:20.750 [localhost-startStop-1] INFO  o.s.w.s.m.m.a.RequestMappingHandlerMapping [AbstractHandlerMethodMapping.java:197] - Mapped "{[/admin/log/all],methods=[GET],params=[],headers=[],consumes=[],produces=[],custom=[]}" onto public org.springframework.web.servlet.ModelAndView com.team.graduate.controller.AdminController.listAll(javax.servlet.http.HttpSession)
14:38:20.750 [localhost-startStop-1] INFO  o.s.w.s.m.m.a.RequestMappingHandlerMapping [AbstractHandlerMethodMapping.java:197] - Mapped "{[/admin/single/add],methods=[POST],params=[],headers=[],consumes=[],produces=[],custom=[]}" onto public org.springframework.web.servlet.ModelAndView com.team.graduate.controller.AdminController.singleAdd(com.team.graduate.model.StuGraduateInfo,org.springframework.web.multipart.MultipartFile,javax.servlet.http.HttpSession,java.lang.String)
14:38:20.750 [localhost-startStop-1] INFO  o.s.w.s.m.m.a.RequestMappingHandlerMapping [AbstractHandlerMethodMapping.java:197] - Mapped "{[/admin/single/add],methods=[GET],params=[],headers=[],consumes=[],produces=[],custom=[]}" onto public java.lang.String com.team.graduate.controller.AdminController.singleAddGet()
14:38:20.751 [localhost-startStop-1] INFO  o.s.w.s.m.m.a.RequestMappingHandlerMapping [AbstractHandlerMethodMapping.java:197] - Mapped "{[/admin/log/query],methods=[GET],params=[],headers=[],consumes=[],produces=[],custom=[]}" onto public org.springframework.web.servlet.ModelAndView com.team.graduate.controller.AdminController.query4LogGet(javax.servlet.http.HttpSession)
14:38:20.751 [localhost-startStop-1] INFO  o.s.w.s.m.m.a.RequestMappingHandlerMapping [AbstractHandlerMethodMapping.java:197] - Mapped "{[/admin/log/query],methods=[POST],params=[],headers=[],consumes=[],produces=[],custom=[]}" onto public org.springframework.web.servlet.ModelAndView com.team.graduate.controller.AdminController.query4Log(java.lang.String,java.lang.String,javax.servlet.http.HttpSession)
14:38:20.752 [localhost-startStop-1] INFO  o.s.w.s.m.m.a.RequestMappingHandlerMapping [AbstractHandlerMethodMapping.java:197] - Mapped "{[/admin/log/delete],methods=[],params=[],headers=[],consumes=[],produces=[],custom=[]}" onto public java.lang.String com.team.graduate.controller.AdminController.deleteLog(java.lang.String,javax.servlet.http.HttpSession)
14:38:20.752 [localhost-startStop-1] INFO  o.s.w.s.m.m.a.RequestMappingHandlerMapping [AbstractHandlerMethodMapping.java:197] - Mapped "{[/admin/log/download],methods=[],params=[],headers=[],consumes=[],produces=[],custom=[]}" onto public java.lang.String com.team.graduate.controller.AdminController.downloadLog(java.lang.String,javax.servlet.http.HttpSession,javax.servlet.http.HttpServletResponse)
14:38:20.752 [localhost-startStop-1] INFO  o.s.w.s.m.m.a.RequestMappingHandlerMapping [AbstractHandlerMethodMapping.java:197] - Mapped "{[/admin/single/query],methods=[GET],params=[],headers=[],consumes=[],produces=[],custom=[]}" onto public java.lang.String com.team.graduate.controller.AdminController.queryByStuNumber(javax.servlet.http.HttpSession)
14:38:20.753 [localhost-startStop-1] INFO  o.s.w.s.m.m.a.RequestMappingHandlerMapping [AbstractHandlerMethodMapping.java:197] - Mapped "{[/admin/single/query],methods=[POST],params=[],headers=[],consumes=[],produces=[],custom=[]}" onto public org.springframework.web.servlet.ModelAndView com.team.graduate.controller.AdminController.queryByStuNumber(java.lang.String,javax.servlet.http.HttpSession,java.lang.String)
14:38:20.754 [localhost-startStop-1] INFO  o.s.w.s.m.m.a.RequestMappingHandlerMapping [AbstractHandlerMethodMapping.java:197] - Mapped "{[/admin/image/import],methods=[GET],params=[],headers=[],consumes=[],produces=[],custom=[]}" onto public java.lang.String com.team.graduate.controller.AdminController.processImageImportGet()
14:38:20.754 [localhost-startStop-1] INFO  o.s.w.s.m.m.a.RequestMappingHandlerMapping [AbstractHandlerMethodMapping.java:197] - Mapped "{[/admin/import],methods=[POST],params=[],headers=[],consumes=[],produces=[],custom=[]}" onto public org.springframework.web.servlet.ModelAndView com.team.graduate.controller.AdminController.processDataImport(org.springframework.web.multipart.MultipartFile,javax.servlet.http.HttpServletRequest)
14:38:20.755 [localhost-startStop-1] INFO  o.s.w.s.m.m.a.RequestMappingHandlerMapping [AbstractHandlerMethodMapping.java:197] - Mapped "{[/admin/import],methods=[GET],params=[],headers=[],consumes=[],produces=[],custom=[]}" onto public java.lang.String com.team.graduate.controller.AdminController.processDataImport()
14:38:20.755 [localhost-startStop-1] INFO  o.s.w.s.m.m.a.RequestMappingHandlerMapping [AbstractHandlerMethodMapping.java:197] - Mapped "{[/admin/image/import],methods=[POST],params=[],headers=[],consumes=[],produces=[],custom=[]}" onto public org.springframework.web.servlet.ModelAndView com.team.graduate.controller.AdminController.processImageImport(org.springframework.web.multipart.MultipartFile[],javax.servlet.http.HttpServletRequest)
14:38:20.755 [localhost-startStop-1] INFO  o.s.w.s.m.m.a.RequestMappingHandlerMapping [AbstractHandlerMethodMapping.java:197] - Mapped "{[/admin/download],methods=[GET],params=[],headers=[],consumes=[],produces=[],custom=[]}" onto public java.lang.String com.team.graduate.controller.AdminController.downloadTemplate(javax.servlet.http.HttpServletResponse,javax.servlet.http.HttpSession)
14:38:20.756 [localhost-startStop-1] INFO  o.s.w.s.m.m.a.RequestMappingHandlerMapping [AbstractHandlerMethodMapping.java:197] - Mapped "{[/admin/single/queryById/{id}],methods=[],params=[],headers=[],consumes=[],produces=[],custom=[]}" onto public org.springframework.web.servlet.ModelAndView com.team.graduate.controller.AdminController.queryForUpdate(java.lang.String,javax.servlet.http.HttpSession)
14:38:20.757 [localhost-startStop-1] INFO  o.s.w.s.m.m.a.RequestMappingHandlerMapping [AbstractHandlerMethodMapping.java:197] - Mapped "{[/admin/single/update],methods=[GET],params=[],headers=[],consumes=[],produces=[],custom=[]}" onto public java.lang.String com.team.graduate.controller.AdminController.updateInformation(javax.servlet.http.HttpSession)
14:38:20.758 [localhost-startStop-1] INFO  o.s.w.s.m.m.a.RequestMappingHandlerMapping [AbstractHandlerMethodMapping.java:197] - Mapped "{[/admin/single/update],methods=[POST],params=[],headers=[],consumes=[],produces=[],custom=[]}" onto public org.springframework.web.servlet.ModelAndView com.team.graduate.controller.AdminController.updateInformation(com.team.graduate.model.StuGraduateInfo,javax.servlet.http.HttpSession,org.springframework.web.multipart.MultipartFile,java.lang.String)
14:38:20.775 [localhost-startStop-1] INFO  o.s.w.s.m.m.a.RequestMappingHandlerMapping [AbstractHandlerMethodMapping.java:197] - Mapped "{[/captchaCheck],methods=[],params=[],headers=[],consumes=[],produces=[],custom=[]}" onto public org.springframework.web.servlet.ModelAndView com.team.graduate.controller.common.KaptchaController.captchaCheckValue(javax.servlet.http.HttpServletRequest)
14:38:20.776 [localhost-startStop-1] INFO  o.s.w.s.m.m.a.RequestMappingHandlerMapping [AbstractHandlerMethodMapping.java:197] - Mapped "{[/captchaImage],methods=[],params=[],headers=[],consumes=[],produces=[],custom=[]}" onto public org.springframework.web.servlet.ModelAndView com.team.graduate.controller.common.KaptchaController.createKaptchaImage(javax.servlet.http.HttpServletRequest,javax.servlet.http.HttpServletResponse) throws java.io.IOException
14:38:20.791 [localhost-startStop-1] INFO  o.s.w.s.m.m.a.RequestMappingHandlerMapping [AbstractHandlerMethodMapping.java:197] - Mapped "{[/log/export],methods=[GET],params=[],headers=[],consumes=[],produces=[],custom=[]}" onto public org.springframework.web.servlet.ModelAndView com.team.graduate.controller.LogController.exportLogs(javax.servlet.http.HttpSession,javax.servlet.http.HttpServletResponse)
14:38:20.793 [localhost-startStop-1] INFO  o.s.w.s.m.m.a.RequestMappingHandlerMapping [AbstractHandlerMethodMapping.java:197] - Mapped "{[/log/list],methods=[GET],params=[],headers=[],consumes=[],produces=[],custom=[]}" onto public org.springframework.web.servlet.ModelAndView com.team.graduate.controller.LogController.getAllLog(javax.servlet.http.HttpSession)
14:38:20.798 [localhost-startStop-1] INFO  o.s.w.s.m.m.a.RequestMappingHandlerMapping [AbstractHandlerMethodMapping.java:197] - Mapped "{[/router/single],methods=[],params=[],headers=[],consumes=[],produces=[],custom=[]}" onto public java.lang.String com.team.graduate.controller.RouterController.single(javax.servlet.http.HttpSession)
14:38:20.799 [localhost-startStop-1] INFO  o.s.w.s.m.m.a.RequestMappingHandlerMapping [AbstractHandlerMethodMapping.java:197] - Mapped "{[/router/validateCode],methods=[POST],params=[],headers=[],consumes=[],produces=[],custom=[]}" onto public boolean com.team.graduate.controller.RouterController.validateCode(javax.servlet.http.HttpServletRequest,java.lang.String)
14:38:20.800 [localhost-startStop-1] INFO  o.s.w.s.m.m.a.RequestMappingHandlerMapping [AbstractHandlerMethodMapping.java:197] - Mapped "{[/router/single/add],methods=[GET],params=[],headers=[],consumes=[],produces=[],custom=[]}" onto public java.lang.String com.team.graduate.controller.RouterController.singleAdd(javax.servlet.http.HttpServletRequest)
14:38:20.801 [localhost-startStop-1] INFO  o.s.w.s.m.m.a.RequestMappingHandlerMapping [AbstractHandlerMethodMapping.java:197] - Mapped "{[/router/photo/{name}],methods=[],params=[],headers=[],consumes=[],produces=[],custom=[]}" onto public void com.team.graduate.controller.RouterController.photo(javax.servlet.http.HttpServletResponse,javax.servlet.http.HttpServletRequest,java.lang.String) throws java.io.IOException
14:38:20.801 [localhost-startStop-1] INFO  o.s.w.s.m.m.a.RequestMappingHandlerMapping [AbstractHandlerMethodMapping.java:197] - Mapped "{[/router/log/index],methods=[],params=[],headers=[],consumes=[],produces=[],custom=[]}" onto public java.lang.String com.team.graduate.controller.RouterController.logQuery(javax.servlet.http.HttpServletRequest)
14:38:20.801 [localhost-startStop-1] INFO  o.s.w.s.m.m.a.RequestMappingHandlerMapping [AbstractHandlerMethodMapping.java:197] - Mapped "{[/router/image],methods=[],params=[],headers=[],consumes=[],produces=[],custom=[]}" onto public java.lang.String com.team.graduate.controller.RouterController.image(javax.servlet.http.HttpSession)
14:38:20.802 [localhost-startStop-1] INFO  o.s.w.s.m.m.a.RequestMappingHandlerMapping [AbstractHandlerMethodMapping.java:197] - Mapped "{[/router/admin],methods=[],params=[],headers=[],consumes=[],produces=[],custom=[]}" onto public java.lang.String com.team.graduate.controller.RouterController.admin(javax.servlet.http.HttpSession)
14:38:20.803 [localhost-startStop-1] INFO  o.s.w.s.m.m.a.RequestMappingHandlerMapping [AbstractHandlerMethodMapping.java:197] - Mapped "{[/router/search],methods=[GET],params=[],headers=[],consumes=[],produces=[],custom=[]}" onto public java.lang.String com.team.graduate.controller.RouterController.routeToStuSearch()
14:38:20.803 [localhost-startStop-1] INFO  o.s.w.s.m.m.a.RequestMappingHandlerMapping [AbstractHandlerMethodMapping.java:197] - Mapped "{[/router/authentication],methods=[GET],params=[],headers=[],consumes=[],produces=[],custom=[]}" onto public org.springframework.web.servlet.ModelAndView com.team.graduate.controller.RouterController.routeToStuAuth()
14:38:20.807 [localhost-startStop-1] INFO  o.s.w.s.m.m.a.RequestMappingHandlerMapping [AbstractHandlerMethodMapping.java:197] - Mapped "{[/stu/search],methods=[POST],params=[],headers=[],consumes=[],produces=[],custom=[]}" onto public org.springframework.web.servlet.ModelAndView com.team.graduate.controller.StuGraduateController.search(com.team.graduate.model.StuGraduateInfo,javax.servlet.http.HttpServletRequest,java.lang.String)
14:38:20.808 [localhost-startStop-1] INFO  o.s.w.s.m.m.a.RequestMappingHandlerMapping [AbstractHandlerMethodMapping.java:197] - Mapped "{[/stu/search],methods=[GET],params=[],headers=[],consumes=[],produces=[],custom=[]}" onto public java.lang.String com.team.graduate.controller.StuGraduateController.searchGet()
14:38:20.808 [localhost-startStop-1] INFO  o.s.w.s.m.m.a.RequestMappingHandlerMapping [AbstractHandlerMethodMapping.java:197] - Mapped "{[/stu/authentication],methods=[POST],params=[],headers=[],consumes=[],produces=[],custom=[]}" onto public org.springframework.web.servlet.ModelAndView com.team.graduate.controller.StuGraduateController.authentication(com.team.graduate.model.StuGraduateInfo,javax.servlet.http.HttpServletRequest,java.lang.String)
14:38:20.809 [localhost-startStop-1] INFO  o.s.w.s.m.m.a.RequestMappingHandlerMapping [AbstractHandlerMethodMapping.java:197] - Mapped "{[/stu/authentication],methods=[GET],params=[],headers=[],consumes=[],produces=[],custom=[]}" onto public java.lang.String com.team.graduate.controller.StuGraduateController.authenticationGet()
14:38:20.809 [localhost-startStop-1] INFO  o.s.w.s.m.m.a.RequestMappingHandlerMapping [AbstractHandlerMethodMapping.java:197] - Mapped "{[/stu/isStuMajorDegreeCertNumExist],methods=[],params=[],headers=[],consumes=[],produces=[],custom=[]}" onto public boolean com.team.graduate.controller.StuGraduateController.isStuMajorDegreeCertNumExist(java.lang.String)
14:38:20.810 [localhost-startStop-1] INFO  o.s.w.s.m.m.a.RequestMappingHandlerMapping [AbstractHandlerMethodMapping.java:197] - Mapped "{[/stu/isStuIdentificationNumExist],methods=[],params=[],headers=[],consumes=[],produces=[],custom=[]}" onto public boolean com.team.graduate.controller.StuGraduateController.isStuIdentificationNumExist(java.lang.String)
14:38:20.810 [localhost-startStop-1] INFO  o.s.w.s.m.m.a.RequestMappingHandlerMapping [AbstractHandlerMethodMapping.java:197] - Mapped "{[/stu/isStuNumberExist],methods=[],params=[],headers=[],consumes=[],produces=[],custom=[]}" onto public boolean com.team.graduate.controller.StuGraduateController.isStuNumberExist(java.lang.String)
14:38:20.811 [localhost-startStop-1] INFO  o.s.w.s.m.m.a.RequestMappingHandlerMapping [AbstractHandlerMethodMapping.java:197] - Mapped "{[/stu/isStuGraduationCardNumExist],methods=[],params=[],headers=[],consumes=[],produces=[],custom=[]}" onto public boolean com.team.graduate.controller.StuGraduateController.isStuGraduationCardNumExist(java.lang.String)
14:38:22.155 [localhost-startStop-1] INFO  o.s.w.s.h.SimpleUrlHandlerMapping [AbstractUrlHandlerMapping.java:315] - Mapped URL path [/static/**] onto handler 'org.springframework.web.servlet.resource.ResourceHttpRequestHandler#0'
14:38:22.560 [localhost-startStop-1] INFO  o.s.web.servlet.DispatcherServlet [FrameworkServlet.java:498] - FrameworkServlet 'springServlet': initialization completed in 2898 ms
14:45:46.389 [http-bio-8080-exec-4] INFO  c.t.g.c.StuGraduateController [StuGraduateController.java:60] - The student QUERY SUCCESS, the name is —Ó—© and the id is 210202199004034923.
14:45:51.878 [http-bio-8080-exec-1] WARN  WARN [AbstractHandlerExceptionResolver.java:187] - Handler execution resulted in exception
java.lang.NullPointerException: null
	at com.team.graduate.controller.StuGraduateController.search(StuGraduateController.java:44) ~[classes/:na]
	at sun.reflect.NativeMethodAccessorImpl.invoke0(Native Method) ~[na:1.7.0_75]
	at sun.reflect.NativeMethodAccessorImpl.invoke(NativeMethodAccessorImpl.java:57) ~[na:1.7.0_75]
	at sun.reflect.DelegatingMethodAccessorImpl.invoke(DelegatingMethodAccessorImpl.java:43) ~[na:1.7.0_75]
	at java.lang.reflect.Method.invoke(Method.java:606) ~[na:1.7.0_75]
	at org.springframework.web.method.support.InvocableHandlerMethod.invoke(InvocableHandlerMethod.java:215) ~[spring-web-4.0.5.RELEASE.jar:4.0.5.RELEASE]
	at org.springframework.web.method.support.InvocableHandlerMethod.invokeForRequest(InvocableHandlerMethod.java:132) ~[spring-web-4.0.5.RELEASE.jar:4.0.5.RELEASE]
	at org.springframework.web.servlet.mvc.method.annotation.ServletInvocableHandlerMethod.invokeAndHandle(ServletInvocableHandlerMethod.java:104) ~[spring-webmvc-4.0.5.RELEASE.jar:4.0.5.RELEASE]
	at org.springframework.web.servlet.mvc.method.annotation.RequestMappingHandlerAdapter.invokeHandleMethod(RequestMappingHandlerAdapter.java:749) ~[spring-webmvc-4.0.5.RELEASE.jar:4.0.5.RELEASE]
	at org.springframework.web.servlet.mvc.method.annotation.RequestMappingHandlerAdapter.handleInternal(RequestMappingHandlerAdapter.java:689) ~[spring-webmvc-4.0.5.RELEASE.jar:4.0.5.RELEASE]
	at org.springframework.web.servlet.mvc.method.AbstractHandlerMethodAdapter.handle(AbstractHandlerMethodAdapter.java:83) ~[spring-webmvc-4.0.5.RELEASE.jar:4.0.5.RELEASE]
	at org.springframework.web.servlet.DispatcherServlet.doDispatch(DispatcherServlet.java:938) [spring-webmvc-4.0.5.RELEASE.jar:4.0.5.RELEASE]
	at org.springframework.web.servlet.DispatcherServlet.doService(DispatcherServlet.java:870) [spring-webmvc-4.0.5.RELEASE.jar:4.0.5.RELEASE]
	at org.springframework.web.servlet.FrameworkServlet.processRequest(FrameworkServlet.java:961) [spring-webmvc-4.0.5.RELEASE.jar:4.0.5.RELEASE]
	at org.springframework.web.servlet.FrameworkServlet.doPost(FrameworkServlet.java:863) [spring-webmvc-4.0.5.RELEASE.jar:4.0.5.RELEASE]
	at javax.servlet.http.HttpServlet.service(HttpServlet.java:641) [tomcat-embed-core-7.0.30.jar:7.0.30]
	at org.springframework.web.servlet.FrameworkServlet.service(FrameworkServlet.java:837) [spring-webmvc-4.0.5.RELEASE.jar:4.0.5.RELEASE]
	at javax.servlet.http.HttpServlet.service(HttpServlet.java:722) [tomcat-embed-core-7.0.30.jar:7.0.30]
	at org.apache.catalina.core.ApplicationFilterChain.internalDoFilter(ApplicationFilterChain.java:305) [tomcat-embed-core-7.0.30.jar:7.0.30]
	at org.apache.catalina.core.ApplicationFilterChain.doFilter(ApplicationFilterChain.java:210) [tomcat-embed-core-7.0.30.jar:7.0.30]
	at org.springframework.web.filter.CharacterEncodingFilter.doFilterInternal(CharacterEncodingFilter.java:88) [spring-web-4.0.5.RELEASE.jar:4.0.5.RELEASE]
	at org.springframework.web.filter.OncePerRequestFilter.doFilter(OncePerRequestFilter.java:107) [spring-web-4.0.5.RELEASE.jar:4.0.5.RELEASE]
	at org.apache.catalina.core.ApplicationFilterChain.internalDoFilter(ApplicationFilterChain.java:243) [tomcat-embed-core-7.0.30.jar:7.0.30]
	at org.apache.catalina.core.ApplicationFilterChain.doFilter(ApplicationFilterChain.java:210) [tomcat-embed-core-7.0.30.jar:7.0.30]
	at org.apache.catalina.core.StandardWrapperValve.invoke(StandardWrapperValve.java:222) [tomcat-embed-core-7.0.30.jar:7.0.30]
	at org.apache.catalina.core.StandardContextValve.invoke(StandardContextValve.java:123) [tomcat-embed-core-7.0.30.jar:7.0.30]
	at org.apache.catalina.authenticator.AuthenticatorBase.invoke(AuthenticatorBase.java:472) [tomcat-embed-core-7.0.30.jar:7.0.30]
	at org.apache.catalina.core.StandardHostValve.invoke(StandardHostValve.java:168) [tomcat-embed-core-7.0.30.jar:7.0.30]
	at org.apache.catalina.valves.ErrorReportValve.invoke(ErrorReportValve.java:99) [tomcat-embed-core-7.0.30.jar:7.0.30]
	at org.apache.catalina.valves.AccessLogValve.invoke(AccessLogValve.java:929) [tomcat-embed-core-7.0.30.jar:7.0.30]
	at org.apache.catalina.core.StandardEngineValve.invoke(StandardEngineValve.java:118) [tomcat-embed-core-7.0.30.jar:7.0.30]
	at org.apache.catalina.connector.CoyoteAdapter.service(CoyoteAdapter.java:407) [tomcat-embed-core-7.0.30.jar:7.0.30]
	at org.apache.coyote.http11.AbstractHttp11Processor.process(AbstractHttp11Processor.java:1002) [tomcat-embed-core-7.0.30.jar:7.0.30]
	at org.apache.coyote.AbstractProtocol$AbstractConnectionHandler.process(AbstractProtocol.java:585) [tomcat-embed-core-7.0.30.jar:7.0.30]
	at org.apache.tomcat.util.net.JIoEndpoint$SocketProcessor.run(JIoEndpoint.java:312) [tomcat-embed-core-7.0.30.jar:7.0.30]
	at java.util.concurrent.ThreadPoolExecutor.runWorker(ThreadPoolExecutor.java:1145) [na:1.7.0_75]
	at java.util.concurrent.ThreadPoolExecutor$Worker.run(ThreadPoolExecutor.java:615) [na:1.7.0_75]
	at java.lang.Thread.run(Thread.java:745) [na:1.7.0_75]
14:46:49.322 [localhost-startStop-1] INFO  o.s.web.context.ContextLoader [ContextLoader.java:285] - Root WebApplicationContext: initialization started
14:46:49.648 [localhost-startStop-1] INFO  o.s.w.c.s.XmlWebApplicationContext [AbstractApplicationContext.java:513] - Refreshing Root WebApplicationContext: startup date [Sat Jun 13 14:46:49 CST 2015]; root of context hierarchy
14:46:49.718 [localhost-startStop-1] INFO  o.s.b.f.xml.XmlBeanDefinitionReader [XmlBeanDefinitionReader.java:316] - Loading XML bean definitions from class path resource [spring/root-context.xml]
14:46:50.153 [localhost-startStop-1] INFO  o.s.c.s.PropertySourcesPlaceholderConfigurer [PropertiesLoaderSupport.java:172] - Loading properties file from class path resource [db/db.properties]
14:46:50.452 [localhost-startStop-1] INFO  o.s.web.context.ContextLoader [ContextLoader.java:325] - Root WebApplicationContext: initialization completed in 1103 ms
14:46:50.514 [localhost-startStop-1] INFO  o.s.web.servlet.DispatcherServlet [FrameworkServlet.java:479] - FrameworkServlet 'springServlet': initialization started
14:46:50.520 [localhost-startStop-1] INFO  o.s.w.c.s.XmlWebApplicationContext [AbstractApplicationContext.java:513] - Refreshing WebApplicationContext for namespace 'springServlet-servlet': startup date [Sat Jun 13 14:46:50 CST 2015]; parent: Root WebApplicationContext
14:46:50.522 [localhost-startStop-1] INFO  o.s.b.f.xml.XmlBeanDefinitionReader [XmlBeanDefinitionReader.java:316] - Loading XML bean definitions from class path resource [spring/servlet-context.xml]
14:46:51.283 [localhost-startStop-1] INFO  o.s.b.f.a.AutowiredAnnotationBeanPostProcessor [AutowiredAnnotationBeanPostProcessor.java:141] - JSR-330 'javax.inject.Inject' annotation found and supported for autowiring
14:46:51.708 [localhost-startStop-1] INFO  o.s.w.s.m.m.a.RequestMappingHandlerMapping [AbstractHandlerMethodMapping.java:197] - Mapped "{[/admin/single/query],methods=[POST],params=[],headers=[],consumes=[],produces=[],custom=[]}" onto public org.springframework.web.servlet.ModelAndView com.team.graduate.controller.AdminController.queryByStuNumber(java.lang.String,javax.servlet.http.HttpSession,java.lang.String)
14:46:51.709 [localhost-startStop-1] INFO  o.s.w.s.m.m.a.RequestMappingHandlerMapping [AbstractHandlerMethodMapping.java:197] - Mapped "{[/admin/single/query],methods=[GET],params=[],headers=[],consumes=[],produces=[],custom=[]}" onto public java.lang.String com.team.graduate.controller.AdminController.queryByStuNumber(javax.servlet.http.HttpSession)
14:46:51.709 [localhost-startStop-1] INFO  o.s.w.s.m.m.a.RequestMappingHandlerMapping [AbstractHandlerMethodMapping.java:197] - Mapped "{[/admin/image/import],methods=[POST],params=[],headers=[],consumes=[],produces=[],custom=[]}" onto public org.springframework.web.servlet.ModelAndView com.team.graduate.controller.AdminController.processImageImport(org.springframework.web.multipart.MultipartFile[],javax.servlet.http.HttpServletRequest)
14:46:51.710 [localhost-startStop-1] INFO  o.s.w.s.m.m.a.RequestMappingHandlerMapping [AbstractHandlerMethodMapping.java:197] - Mapped "{[/admin/image/import],methods=[GET],params=[],headers=[],consumes=[],produces=[],custom=[]}" onto public java.lang.String com.team.graduate.controller.AdminController.processImageImportGet()
14:46:51.710 [localhost-startStop-1] INFO  o.s.w.s.m.m.a.RequestMappingHandlerMapping [AbstractHandlerMethodMapping.java:197] - Mapped "{[/admin/single/queryById/{id}],methods=[],params=[],headers=[],consumes=[],produces=[],custom=[]}" onto public org.springframework.web.servlet.ModelAndView com.team.graduate.controller.AdminController.queryForUpdate(java.lang.String,javax.servlet.http.HttpSession)
14:46:51.712 [localhost-startStop-1] INFO  o.s.w.s.m.m.a.RequestMappingHandlerMapping [AbstractHandlerMethodMapping.java:197] - Mapped "{[/admin/download],methods=[GET],params=[],headers=[],consumes=[],produces=[],custom=[]}" onto public java.lang.String com.team.graduate.controller.AdminController.downloadTemplate(javax.servlet.http.HttpServletResponse,javax.servlet.http.HttpSession)
14:46:51.713 [localhost-startStop-1] INFO  o.s.w.s.m.m.a.RequestMappingHandlerMapping [AbstractHandlerMethodMapping.java:197] - Mapped "{[/admin/single/update],methods=[GET],params=[],headers=[],consumes=[],produces=[],custom=[]}" onto public java.lang.String com.team.graduate.controller.AdminController.updateInformation(javax.servlet.http.HttpSession)
14:46:51.713 [localhost-startStop-1] INFO  o.s.w.s.m.m.a.RequestMappingHandlerMapping [AbstractHandlerMethodMapping.java:197] - Mapped "{[/admin/single/update],methods=[POST],params=[],headers=[],consumes=[],produces=[],custom=[]}" onto public org.springframework.web.servlet.ModelAndView com.team.graduate.controller.AdminController.updateInformation(com.team.graduate.model.StuGraduateInfo,javax.servlet.http.HttpSession,org.springframework.web.multipart.MultipartFile,java.lang.String)
14:46:51.714 [localhost-startStop-1] INFO  o.s.w.s.m.m.a.RequestMappingHandlerMapping [AbstractHandlerMethodMapping.java:197] - Mapped "{[/admin/import],methods=[GET],params=[],headers=[],consumes=[],produces=[],custom=[]}" onto public java.lang.String com.team.graduate.controller.AdminController.processDataImport()
14:46:51.714 [localhost-startStop-1] INFO  o.s.w.s.m.m.a.RequestMappingHandlerMapping [AbstractHandlerMethodMapping.java:197] - Mapped "{[/admin/import],methods=[POST],params=[],headers=[],consumes=[],produces=[],custom=[]}" onto public org.springframework.web.servlet.ModelAndView com.team.graduate.controller.AdminController.processDataImport(org.springframework.web.multipart.MultipartFile,javax.servlet.http.HttpServletRequest)
14:46:51.714 [localhost-startStop-1] INFO  o.s.w.s.m.m.a.RequestMappingHandlerMapping [AbstractHandlerMethodMapping.java:197] - Mapped "{[/admin/single/add],methods=[GET],params=[],headers=[],consumes=[],produces=[],custom=[]}" onto public java.lang.String com.team.graduate.controller.AdminController.singleAddGet()
14:46:51.717 [localhost-startStop-1] INFO  o.s.w.s.m.m.a.RequestMappingHandlerMapping [AbstractHandlerMethodMapping.java:197] - Mapped "{[/admin/log/query],methods=[GET],params=[],headers=[],consumes=[],produces=[],custom=[]}" onto public org.springframework.web.servlet.ModelAndView com.team.graduate.controller.AdminController.query4LogGet(javax.servlet.http.HttpSession)
14:46:51.718 [localhost-startStop-1] INFO  o.s.w.s.m.m.a.RequestMappingHandlerMapping [AbstractHandlerMethodMapping.java:197] - Mapped "{[/admin/log/query],methods=[POST],params=[],headers=[],consumes=[],produces=[],custom=[]}" onto public org.springframework.web.servlet.ModelAndView com.team.graduate.controller.AdminController.query4Log(java.lang.String,java.lang.String,javax.servlet.http.HttpSession)
14:46:51.718 [localhost-startStop-1] INFO  o.s.w.s.m.m.a.RequestMappingHandlerMapping [AbstractHandlerMethodMapping.java:197] - Mapped "{[/admin/log/download],methods=[],params=[],headers=[],consumes=[],produces=[],custom=[]}" onto public java.lang.String com.team.graduate.controller.AdminController.downloadLog(java.lang.String,javax.servlet.http.HttpSession,javax.servlet.http.HttpServletResponse)
14:46:51.718 [localhost-startStop-1] INFO  o.s.w.s.m.m.a.RequestMappingHandlerMapping [AbstractHandlerMethodMapping.java:197] - Mapped "{[/admin/logout],methods=[GET],params=[],headers=[],consumes=[],produces=[],custom=[]}" onto public java.lang.String com.team.graduate.controller.AdminController.adminLogout(javax.servlet.http.HttpSession)
14:46:51.719 [localhost-startStop-1] INFO  o.s.w.s.m.m.a.RequestMappingHandlerMapping [AbstractHandlerMethodMapping.java:197] - Mapped "{[/admin/single/add],methods=[POST],params=[],headers=[],consumes=[],produces=[],custom=[]}" onto public org.springframework.web.servlet.ModelAndView com.team.graduate.controller.AdminController.singleAdd(com.team.graduate.model.StuGraduateInfo,org.springframework.web.multipart.MultipartFile,javax.servlet.http.HttpSession,java.lang.String)
14:46:51.719 [localhost-startStop-1] INFO  o.s.w.s.m.m.a.RequestMappingHandlerMapping [AbstractHandlerMethodMapping.java:197] - Mapped "{[/admin/log/delete],methods=[],params=[],headers=[],consumes=[],produces=[],custom=[]}" onto public java.lang.String com.team.graduate.controller.AdminController.deleteLog(java.lang.String,javax.servlet.http.HttpSession)
14:46:51.720 [localhost-startStop-1] INFO  o.s.w.s.m.m.a.RequestMappingHandlerMapping [AbstractHandlerMethodMapping.java:197] - Mapped "{[/admin/log/all],methods=[GET],params=[],headers=[],consumes=[],produces=[],custom=[]}" onto public org.springframework.web.servlet.ModelAndView com.team.graduate.controller.AdminController.listAll(javax.servlet.http.HttpSession)
14:46:51.720 [localhost-startStop-1] INFO  o.s.w.s.m.m.a.RequestMappingHandlerMapping [AbstractHandlerMethodMapping.java:197] - Mapped "{[/admin/login],methods=[GET],params=[],headers=[],consumes=[],produces=[],custom=[]}" onto public java.lang.String com.team.graduate.controller.AdminController.adminLoginGet(com.team.graduate.model.Admin,javax.servlet.http.HttpSession)
14:46:51.720 [localhost-startStop-1] INFO  o.s.w.s.m.m.a.RequestMappingHandlerMapping [AbstractHandlerMethodMapping.java:197] - Mapped "{[/admin/login],methods=[POST],params=[],headers=[],consumes=[],produces=[],custom=[]}" onto public org.springframework.web.servlet.ModelAndView com.team.graduate.controller.AdminController.adminLogin(com.team.graduate.model.Admin,javax.servlet.http.HttpSession,java.lang.String)
14:46:51.726 [localhost-startStop-1] INFO  o.s.w.s.m.m.a.RequestMappingHandlerMapping [AbstractHandlerMethodMapping.java:197] - Mapped "{[/captchaCheck],methods=[],params=[],headers=[],consumes=[],produces=[],custom=[]}" onto public org.springframework.web.servlet.ModelAndView com.team.graduate.controller.common.KaptchaController.captchaCheckValue(javax.servlet.http.HttpServletRequest)
14:46:51.727 [localhost-startStop-1] INFO  o.s.w.s.m.m.a.RequestMappingHandlerMapping [AbstractHandlerMethodMapping.java:197] - Mapped "{[/captchaImage],methods=[],params=[],headers=[],consumes=[],produces=[],custom=[]}" onto public org.springframework.web.servlet.ModelAndView com.team.graduate.controller.common.KaptchaController.createKaptchaImage(javax.servlet.http.HttpServletRequest,javax.servlet.http.HttpServletResponse) throws java.io.IOException
14:46:51.732 [localhost-startStop-1] INFO  o.s.w.s.m.m.a.RequestMappingHandlerMapping [AbstractHandlerMethodMapping.java:197] - Mapped "{[/log/list],methods=[GET],params=[],headers=[],consumes=[],produces=[],custom=[]}" onto public org.springframework.web.servlet.ModelAndView com.team.graduate.controller.LogController.getAllLog(javax.servlet.http.HttpSession)
14:46:51.733 [localhost-startStop-1] INFO  o.s.w.s.m.m.a.RequestMappingHandlerMapping [AbstractHandlerMethodMapping.java:197] - Mapped "{[/log/export],methods=[GET],params=[],headers=[],consumes=[],produces=[],custom=[]}" onto public org.springframework.web.servlet.ModelAndView com.team.graduate.controller.LogController.exportLogs(javax.servlet.http.HttpSession,javax.servlet.http.HttpServletResponse)
14:46:51.740 [localhost-startStop-1] INFO  o.s.w.s.m.m.a.RequestMappingHandlerMapping [AbstractHandlerMethodMapping.java:197] - Mapped "{[/router/single],methods=[],params=[],headers=[],consumes=[],produces=[],custom=[]}" onto public java.lang.String com.team.graduate.controller.RouterController.single(javax.servlet.http.HttpSession)
14:46:51.740 [localhost-startStop-1] INFO  o.s.w.s.m.m.a.RequestMappingHandlerMapping [AbstractHandlerMethodMapping.java:197] - Mapped "{[/router/search],methods=[GET],params=[],headers=[],consumes=[],produces=[],custom=[]}" onto public java.lang.String com.team.graduate.controller.RouterController.routeToStuSearch()
14:46:51.741 [localhost-startStop-1] INFO  o.s.w.s.m.m.a.RequestMappingHandlerMapping [AbstractHandlerMethodMapping.java:197] - Mapped "{[/router/authentication],methods=[GET],params=[],headers=[],consumes=[],produces=[],custom=[]}" onto public org.springframework.web.servlet.ModelAndView com.team.graduate.controller.RouterController.routeToStuAuth()
14:46:51.741 [localhost-startStop-1] INFO  o.s.w.s.m.m.a.RequestMappingHandlerMapping [AbstractHandlerMethodMapping.java:197] - Mapped "{[/router/image],methods=[],params=[],headers=[],consumes=[],produces=[],custom=[]}" onto public java.lang.String com.team.graduate.controller.RouterController.image(javax.servlet.http.HttpSession)
14:46:51.742 [localhost-startStop-1] INFO  o.s.w.s.m.m.a.RequestMappingHandlerMapping [AbstractHandlerMethodMapping.java:197] - Mapped "{[/router/admin],methods=[],params=[],headers=[],consumes=[],produces=[],custom=[]}" onto public java.lang.String com.team.graduate.controller.RouterController.admin(javax.servlet.http.HttpSession)
14:46:51.742 [localhost-startStop-1] INFO  o.s.w.s.m.m.a.RequestMappingHandlerMapping [AbstractHandlerMethodMapping.java:197] - Mapped "{[/router/single/add],methods=[GET],params=[],headers=[],consumes=[],produces=[],custom=[]}" onto public java.lang.String com.team.graduate.controller.RouterController.singleAdd(javax.servlet.http.HttpServletRequest)
14:46:51.743 [localhost-startStop-1] INFO  o.s.w.s.m.m.a.RequestMappingHandlerMapping [AbstractHandlerMethodMapping.java:197] - Mapped "{[/router/photo/{name}],methods=[],params=[],headers=[],consumes=[],produces=[],custom=[]}" onto public void com.team.graduate.controller.RouterController.photo(javax.servlet.http.HttpServletResponse,javax.servlet.http.HttpServletRequest,java.lang.String) throws java.io.IOException
14:46:51.743 [localhost-startStop-1] INFO  o.s.w.s.m.m.a.RequestMappingHandlerMapping [AbstractHandlerMethodMapping.java:197] - Mapped "{[/router/validateCode],methods=[POST],params=[],headers=[],consumes=[],produces=[],custom=[]}" onto public boolean com.team.graduate.controller.RouterController.validateCode(javax.servlet.http.HttpServletRequest,java.lang.String)
14:46:51.744 [localhost-startStop-1] INFO  o.s.w.s.m.m.a.RequestMappingHandlerMapping [AbstractHandlerMethodMapping.java:197] - Mapped "{[/router/log/index],methods=[],params=[],headers=[],consumes=[],produces=[],custom=[]}" onto public java.lang.String com.team.graduate.controller.RouterController.logQuery(javax.servlet.http.HttpServletRequest)
14:46:51.775 [localhost-startStop-1] INFO  o.s.w.s.m.m.a.RequestMappingHandlerMapping [AbstractHandlerMethodMapping.java:197] - Mapped "{[/stu/search],methods=[POST],params=[],headers=[],consumes=[],produces=[],custom=[]}" onto public org.springframework.web.servlet.ModelAndView com.team.graduate.controller.StuGraduateController.search(com.team.graduate.model.StuGraduateInfo,javax.servlet.http.HttpServletRequest,java.lang.String)
14:46:51.776 [localhost-startStop-1] INFO  o.s.w.s.m.m.a.RequestMappingHandlerMapping [AbstractHandlerMethodMapping.java:197] - Mapped "{[/stu/isStuNumberExist],methods=[],params=[],headers=[],consumes=[],produces=[],custom=[]}" onto public boolean com.team.graduate.controller.StuGraduateController.isStuNumberExist(java.lang.String)
14:46:51.776 [localhost-startStop-1] INFO  o.s.w.s.m.m.a.RequestMappingHandlerMapping [AbstractHandlerMethodMapping.java:197] - Mapped "{[/stu/isStuGraduationCardNumExist],methods=[],params=[],headers=[],consumes=[],produces=[],custom=[]}" onto public boolean com.team.graduate.controller.StuGraduateController.isStuGraduationCardNumExist(java.lang.String)
14:46:51.776 [localhost-startStop-1] INFO  o.s.w.s.m.m.a.RequestMappingHandlerMapping [AbstractHandlerMethodMapping.java:197] - Mapped "{[/stu/isStuMajorDegreeCertNumExist],methods=[],params=[],headers=[],consumes=[],produces=[],custom=[]}" onto public boolean com.team.graduate.controller.StuGraduateController.isStuMajorDegreeCertNumExist(java.lang.String)
14:46:51.777 [localhost-startStop-1] INFO  o.s.w.s.m.m.a.RequestMappingHandlerMapping [AbstractHandlerMethodMapping.java:197] - Mapped "{[/stu/isStuIdentificationNumExist],methods=[],params=[],headers=[],consumes=[],produces=[],custom=[]}" onto public boolean com.team.graduate.controller.StuGraduateController.isStuIdentificationNumExist(java.lang.String)
14:46:51.777 [localhost-startStop-1] INFO  o.s.w.s.m.m.a.RequestMappingHandlerMapping [AbstractHandlerMethodMapping.java:197] - Mapped "{[/stu/authentication],methods=[GET],params=[],headers=[],consumes=[],produces=[],custom=[]}" onto public java.lang.String com.team.graduate.controller.StuGraduateController.authenticationGet()
14:46:51.778 [localhost-startStop-1] INFO  o.s.w.s.m.m.a.RequestMappingHandlerMapping [AbstractHandlerMethodMapping.java:197] - Mapped "{[/stu/authentication],methods=[POST],params=[],headers=[],consumes=[],produces=[],custom=[]}" onto public org.springframework.web.servlet.ModelAndView com.team.graduate.controller.StuGraduateController.authentication(com.team.graduate.model.StuGraduateInfo,javax.servlet.http.HttpServletRequest,java.lang.String)
14:46:51.778 [localhost-startStop-1] INFO  o.s.w.s.m.m.a.RequestMappingHandlerMapping [AbstractHandlerMethodMapping.java:197] - Mapped "{[/stu/search],methods=[GET],params=[],headers=[],consumes=[],produces=[],custom=[]}" onto public java.lang.String com.team.graduate.controller.StuGraduateController.searchGet()
14:46:53.350 [localhost-startStop-1] INFO  o.s.w.s.h.SimpleUrlHandlerMapping [AbstractUrlHandlerMapping.java:315] - Mapped URL path [/static/**] onto handler 'org.springframework.web.servlet.resource.ResourceHttpRequestHandler#0'
14:46:53.771 [localhost-startStop-1] INFO  o.s.web.servlet.DispatcherServlet [FrameworkServlet.java:498] - FrameworkServlet 'springServlet': initialization completed in 3257 ms
14:47:34.844 [http-bio-8080-exec-8] INFO  c.t.g.c.StuGraduateController [StuGraduateController.java:60] - The student QUERY SUCCESS, the name is —Ó—© and the id is 210202199004034923.
14:48:15.088 [http-bio-8080-exec-9] WARN  WARN [AbstractHandlerExceptionResolver.java:187] - Handler execution resulted in exception
java.lang.NullPointerException: null
	at com.team.graduate.controller.StuGraduateController.search(StuGraduateController.java:44) ~[classes/:na]
	at sun.reflect.NativeMethodAccessorImpl.invoke0(Native Method) ~[na:1.7.0_75]
	at sun.reflect.NativeMethodAccessorImpl.invoke(NativeMethodAccessorImpl.java:57) ~[na:1.7.0_75]
	at sun.reflect.DelegatingMethodAccessorImpl.invoke(DelegatingMethodAccessorImpl.java:43) ~[na:1.7.0_75]
	at java.lang.reflect.Method.invoke(Method.java:606) ~[na:1.7.0_75]
	at org.springframework.web.method.support.InvocableHandlerMethod.invoke(InvocableHandlerMethod.java:215) ~[spring-web-4.0.5.RELEASE.jar:4.0.5.RELEASE]
	at org.springframework.web.method.support.InvocableHandlerMethod.invokeForRequest(InvocableHandlerMethod.java:132) ~[spring-web-4.0.5.RELEASE.jar:4.0.5.RELEASE]
	at org.springframework.web.servlet.mvc.method.annotation.ServletInvocableHandlerMethod.invokeAndHandle(ServletInvocableHandlerMethod.java:104) ~[spring-webmvc-4.0.5.RELEASE.jar:4.0.5.RELEASE]
	at org.springframework.web.servlet.mvc.method.annotation.RequestMappingHandlerAdapter.invokeHandleMethod(RequestMappingHandlerAdapter.java:749) ~[spring-webmvc-4.0.5.RELEASE.jar:4.0.5.RELEASE]
	at org.springframework.web.servlet.mvc.method.annotation.RequestMappingHandlerAdapter.handleInternal(RequestMappingHandlerAdapter.java:689) ~[spring-webmvc-4.0.5.RELEASE.jar:4.0.5.RELEASE]
	at org.springframework.web.servlet.mvc.method.AbstractHandlerMethodAdapter.handle(AbstractHandlerMethodAdapter.java:83) ~[spring-webmvc-4.0.5.RELEASE.jar:4.0.5.RELEASE]
	at org.springframework.web.servlet.DispatcherServlet.doDispatch(DispatcherServlet.java:938) [spring-webmvc-4.0.5.RELEASE.jar:4.0.5.RELEASE]
	at org.springframework.web.servlet.DispatcherServlet.doService(DispatcherServlet.java:870) [spring-webmvc-4.0.5.RELEASE.jar:4.0.5.RELEASE]
	at org.springframework.web.servlet.FrameworkServlet.processRequest(FrameworkServlet.java:961) [spring-webmvc-4.0.5.RELEASE.jar:4.0.5.RELEASE]
	at org.springframework.web.servlet.FrameworkServlet.doPost(FrameworkServlet.java:863) [spring-webmvc-4.0.5.RELEASE.jar:4.0.5.RELEASE]
	at javax.servlet.http.HttpServlet.service(HttpServlet.java:641) [tomcat-embed-core-7.0.30.jar:7.0.30]
	at org.springframework.web.servlet.FrameworkServlet.service(FrameworkServlet.java:837) [spring-webmvc-4.0.5.RELEASE.jar:4.0.5.RELEASE]
	at javax.servlet.http.HttpServlet.service(HttpServlet.java:722) [tomcat-embed-core-7.0.30.jar:7.0.30]
	at org.apache.catalina.core.ApplicationFilterChain.internalDoFilter(ApplicationFilterChain.java:305) [tomcat-embed-core-7.0.30.jar:7.0.30]
	at org.apache.catalina.core.ApplicationFilterChain.doFilter(ApplicationFilterChain.java:210) [tomcat-embed-core-7.0.30.jar:7.0.30]
	at org.springframework.web.filter.CharacterEncodingFilter.doFilterInternal(CharacterEncodingFilter.java:88) [spring-web-4.0.5.RELEASE.jar:4.0.5.RELEASE]
	at org.springframework.web.filter.OncePerRequestFilter.doFilter(OncePerRequestFilter.java:107) [spring-web-4.0.5.RELEASE.jar:4.0.5.RELEASE]
	at org.apache.catalina.core.ApplicationFilterChain.internalDoFilter(ApplicationFilterChain.java:243) [tomcat-embed-core-7.0.30.jar:7.0.30]
	at org.apache.catalina.core.ApplicationFilterChain.doFilter(ApplicationFilterChain.java:210) [tomcat-embed-core-7.0.30.jar:7.0.30]
	at org.apache.catalina.core.StandardWrapperValve.invoke(StandardWrapperValve.java:222) [tomcat-embed-core-7.0.30.jar:7.0.30]
	at org.apache.catalina.core.StandardContextValve.invoke(StandardContextValve.java:123) [tomcat-embed-core-7.0.30.jar:7.0.30]
	at org.apache.catalina.authenticator.AuthenticatorBase.invoke(AuthenticatorBase.java:472) [tomcat-embed-core-7.0.30.jar:7.0.30]
	at org.apache.catalina.core.StandardHostValve.invoke(StandardHostValve.java:168) [tomcat-embed-core-7.0.30.jar:7.0.30]
	at org.apache.catalina.valves.ErrorReportValve.invoke(ErrorReportValve.java:99) [tomcat-embed-core-7.0.30.jar:7.0.30]
	at org.apache.catalina.valves.AccessLogValve.invoke(AccessLogValve.java:929) [tomcat-embed-core-7.0.30.jar:7.0.30]
	at org.apache.catalina.core.StandardEngineValve.invoke(StandardEngineValve.java:118) [tomcat-embed-core-7.0.30.jar:7.0.30]
	at org.apache.catalina.connector.CoyoteAdapter.service(CoyoteAdapter.java:407) [tomcat-embed-core-7.0.30.jar:7.0.30]
	at org.apache.coyote.http11.AbstractHttp11Processor.process(AbstractHttp11Processor.java:1002) [tomcat-embed-core-7.0.30.jar:7.0.30]
	at org.apache.coyote.AbstractProtocol$AbstractConnectionHandler.process(AbstractProtocol.java:585) [tomcat-embed-core-7.0.30.jar:7.0.30]
	at org.apache.tomcat.util.net.JIoEndpoint$SocketProcessor.run(JIoEndpoint.java:312) [tomcat-embed-core-7.0.30.jar:7.0.30]
	at java.util.concurrent.ThreadPoolExecutor.runWorker(ThreadPoolExecutor.java:1145) [na:1.7.0_75]
	at java.util.concurrent.ThreadPoolExecutor$Worker.run(ThreadPoolExecutor.java:615) [na:1.7.0_75]
	at java.lang.Thread.run(Thread.java:745) [na:1.7.0_75]
14:50:36.025 [localhost-startStop-1] INFO  o.s.web.context.ContextLoader [ContextLoader.java:285] - Root WebApplicationContext: initialization started
14:50:36.244 [localhost-startStop-1] INFO  o.s.w.c.s.XmlWebApplicationContext [AbstractApplicationContext.java:513] - Refreshing Root WebApplicationContext: startup date [Sat Jun 13 14:50:36 CST 2015]; root of context hierarchy
14:50:36.334 [localhost-startStop-1] INFO  o.s.b.f.xml.XmlBeanDefinitionReader [XmlBeanDefinitionReader.java:316] - Loading XML bean definitions from class path resource [spring/root-context.xml]
14:50:36.763 [localhost-startStop-1] INFO  o.s.c.s.PropertySourcesPlaceholderConfigurer [PropertiesLoaderSupport.java:172] - Loading properties file from class path resource [db/db.properties]
14:50:37.202 [localhost-startStop-1] INFO  o.s.web.context.ContextLoader [ContextLoader.java:325] - Root WebApplicationContext: initialization completed in 1168 ms
14:50:37.264 [localhost-startStop-1] INFO  o.s.web.servlet.DispatcherServlet [FrameworkServlet.java:479] - FrameworkServlet 'springServlet': initialization started
14:50:37.285 [localhost-startStop-1] INFO  o.s.w.c.s.XmlWebApplicationContext [AbstractApplicationContext.java:513] - Refreshing WebApplicationContext for namespace 'springServlet-servlet': startup date [Sat Jun 13 14:50:37 CST 2015]; parent: Root WebApplicationContext
14:50:37.287 [localhost-startStop-1] INFO  o.s.b.f.xml.XmlBeanDefinitionReader [XmlBeanDefinitionReader.java:316] - Loading XML bean definitions from class path resource [spring/servlet-context.xml]
14:50:38.125 [localhost-startStop-1] INFO  o.s.b.f.a.AutowiredAnnotationBeanPostProcessor [AutowiredAnnotationBeanPostProcessor.java:141] - JSR-330 'javax.inject.Inject' annotation found and supported for autowiring
14:50:38.552 [localhost-startStop-1] INFO  o.s.w.s.m.m.a.RequestMappingHandlerMapping [AbstractHandlerMethodMapping.java:197] - Mapped "{[/admin/login],methods=[GET],params=[],headers=[],consumes=[],produces=[],custom=[]}" onto public java.lang.String com.team.graduate.controller.AdminController.adminLoginGet(com.team.graduate.model.Admin,javax.servlet.http.HttpSession)
14:50:38.552 [localhost-startStop-1] INFO  o.s.w.s.m.m.a.RequestMappingHandlerMapping [AbstractHandlerMethodMapping.java:197] - Mapped "{[/admin/login],methods=[POST],params=[],headers=[],consumes=[],produces=[],custom=[]}" onto public org.springframework.web.servlet.ModelAndView com.team.graduate.controller.AdminController.adminLogin(com.team.graduate.model.Admin,javax.servlet.http.HttpSession,java.lang.String)
14:50:38.553 [localhost-startStop-1] INFO  o.s.w.s.m.m.a.RequestMappingHandlerMapping [AbstractHandlerMethodMapping.java:197] - Mapped "{[/admin/logout],methods=[GET],params=[],headers=[],consumes=[],produces=[],custom=[]}" onto public java.lang.String com.team.graduate.controller.AdminController.adminLogout(javax.servlet.http.HttpSession)
14:50:38.554 [localhost-startStop-1] INFO  o.s.w.s.m.m.a.RequestMappingHandlerMapping [AbstractHandlerMethodMapping.java:197] - Mapped "{[/admin/log/query],methods=[GET],params=[],headers=[],consumes=[],produces=[],custom=[]}" onto public org.springframework.web.servlet.ModelAndView com.team.graduate.controller.AdminController.query4LogGet(javax.servlet.http.HttpSession)
14:50:38.554 [localhost-startStop-1] INFO  o.s.w.s.m.m.a.RequestMappingHandlerMapping [AbstractHandlerMethodMapping.java:197] - Mapped "{[/admin/log/download],methods=[],params=[],headers=[],consumes=[],produces=[],custom=[]}" onto public java.lang.String com.team.graduate.controller.AdminController.downloadLog(java.lang.String,javax.servlet.http.HttpSession,javax.servlet.http.HttpServletResponse)
14:50:38.555 [localhost-startStop-1] INFO  o.s.w.s.m.m.a.RequestMappingHandlerMapping [AbstractHandlerMethodMapping.java:197] - Mapped "{[/admin/log/all],methods=[GET],params=[],headers=[],consumes=[],produces=[],custom=[]}" onto public org.springframework.web.servlet.ModelAndView com.team.graduate.controller.AdminController.listAll(javax.servlet.http.HttpSession)
14:50:38.555 [localhost-startStop-1] INFO  o.s.w.s.m.m.a.RequestMappingHandlerMapping [AbstractHandlerMethodMapping.java:197] - Mapped "{[/admin/single/add],methods=[GET],params=[],headers=[],consumes=[],produces=[],custom=[]}" onto public java.lang.String com.team.graduate.controller.AdminController.singleAddGet()
14:50:38.556 [localhost-startStop-1] INFO  o.s.w.s.m.m.a.RequestMappingHandlerMapping [AbstractHandlerMethodMapping.java:197] - Mapped "{[/admin/log/delete],methods=[],params=[],headers=[],consumes=[],produces=[],custom=[]}" onto public java.lang.String com.team.graduate.controller.AdminController.deleteLog(java.lang.String,javax.servlet.http.HttpSession)
14:50:38.556 [localhost-startStop-1] INFO  o.s.w.s.m.m.a.RequestMappingHandlerMapping [AbstractHandlerMethodMapping.java:197] - Mapped "{[/admin/single/add],methods=[POST],params=[],headers=[],consumes=[],produces=[],custom=[]}" onto public org.springframework.web.servlet.ModelAndView com.team.graduate.controller.AdminController.singleAdd(com.team.graduate.model.StuGraduateInfo,org.springframework.web.multipart.MultipartFile,javax.servlet.http.HttpSession,java.lang.String)
14:50:38.557 [localhost-startStop-1] INFO  o.s.w.s.m.m.a.RequestMappingHandlerMapping [AbstractHandlerMethodMapping.java:197] - Mapped "{[/admin/log/query],methods=[POST],params=[],headers=[],consumes=[],produces=[],custom=[]}" onto public org.springframework.web.servlet.ModelAndView com.team.graduate.controller.AdminController.query4Log(java.lang.String,java.lang.String,javax.servlet.http.HttpSession)
14:50:38.557 [localhost-startStop-1] INFO  o.s.w.s.m.m.a.RequestMappingHandlerMapping [AbstractHandlerMethodMapping.java:197] - Mapped "{[/admin/import],methods=[POST],params=[],headers=[],consumes=[],produces=[],custom=[]}" onto public org.springframework.web.servlet.ModelAndView com.team.graduate.controller.AdminController.processDataImport(org.springframework.web.multipart.MultipartFile,javax.servlet.http.HttpServletRequest)
14:50:38.558 [localhost-startStop-1] INFO  o.s.w.s.m.m.a.RequestMappingHandlerMapping [AbstractHandlerMethodMapping.java:197] - Mapped "{[/admin/import],methods=[GET],params=[],headers=[],consumes=[],produces=[],custom=[]}" onto public java.lang.String com.team.graduate.controller.AdminController.processDataImport()
14:50:38.558 [localhost-startStop-1] INFO  o.s.w.s.m.m.a.RequestMappingHandlerMapping [AbstractHandlerMethodMapping.java:197] - Mapped "{[/admin/image/import],methods=[POST],params=[],headers=[],consumes=[],produces=[],custom=[]}" onto public org.springframework.web.servlet.ModelAndView com.team.graduate.controller.AdminController.processImageImport(org.springframework.web.multipart.MultipartFile[],javax.servlet.http.HttpServletRequest)
14:50:38.559 [localhost-startStop-1] INFO  o.s.w.s.m.m.a.RequestMappingHandlerMapping [AbstractHandlerMethodMapping.java:197] - Mapped "{[/admin/image/import],methods=[GET],params=[],headers=[],consumes=[],produces=[],custom=[]}" onto public java.lang.String com.team.graduate.controller.AdminController.processImageImportGet()
14:50:38.560 [localhost-startStop-1] INFO  o.s.w.s.m.m.a.RequestMappingHandlerMapping [AbstractHandlerMethodMapping.java:197] - Mapped "{[/admin/single/query],methods=[POST],params=[],headers=[],consumes=[],produces=[],custom=[]}" onto public org.springframework.web.servlet.ModelAndView com.team.graduate.controller.AdminController.queryByStuNumber(java.lang.String,javax.servlet.http.HttpSession,java.lang.String)
14:50:38.560 [localhost-startStop-1] INFO  o.s.w.s.m.m.a.RequestMappingHandlerMapping [AbstractHandlerMethodMapping.java:197] - Mapped "{[/admin/single/query],methods=[GET],params=[],headers=[],consumes=[],produces=[],custom=[]}" onto public java.lang.String com.team.graduate.controller.AdminController.queryByStuNumber(javax.servlet.http.HttpSession)
14:50:38.561 [localhost-startStop-1] INFO  o.s.w.s.m.m.a.RequestMappingHandlerMapping [AbstractHandlerMethodMapping.java:197] - Mapped "{[/admin/download],methods=[GET],params=[],headers=[],consumes=[],produces=[],custom=[]}" onto public java.lang.String com.team.graduate.controller.AdminController.downloadTemplate(javax.servlet.http.HttpServletResponse,javax.servlet.http.HttpSession)
14:50:38.561 [localhost-startStop-1] INFO  o.s.w.s.m.m.a.RequestMappingHandlerMapping [AbstractHandlerMethodMapping.java:197] - Mapped "{[/admin/single/queryById/{id}],methods=[],params=[],headers=[],consumes=[],produces=[],custom=[]}" onto public org.springframework.web.servlet.ModelAndView com.team.graduate.controller.AdminController.queryForUpdate(java.lang.String,javax.servlet.http.HttpSession)
14:50:38.562 [localhost-startStop-1] INFO  o.s.w.s.m.m.a.RequestMappingHandlerMapping [AbstractHandlerMethodMapping.java:197] - Mapped "{[/admin/single/update],methods=[POST],params=[],headers=[],consumes=[],produces=[],custom=[]}" onto public org.springframework.web.servlet.ModelAndView com.team.graduate.controller.AdminController.updateInformation(com.team.graduate.model.StuGraduateInfo,javax.servlet.http.HttpSession,org.springframework.web.multipart.MultipartFile,java.lang.String)
14:50:38.563 [localhost-startStop-1] INFO  o.s.w.s.m.m.a.RequestMappingHandlerMapping [AbstractHandlerMethodMapping.java:197] - Mapped "{[/admin/single/update],methods=[GET],params=[],headers=[],consumes=[],produces=[],custom=[]}" onto public java.lang.String com.team.graduate.controller.AdminController.updateInformation(javax.servlet.http.HttpSession)
14:50:38.568 [localhost-startStop-1] INFO  o.s.w.s.m.m.a.RequestMappingHandlerMapping [AbstractHandlerMethodMapping.java:197] - Mapped "{[/captchaImage],methods=[],params=[],headers=[],consumes=[],produces=[],custom=[]}" onto public org.springframework.web.servlet.ModelAndView com.team.graduate.controller.common.KaptchaController.createKaptchaImage(javax.servlet.http.HttpServletRequest,javax.servlet.http.HttpServletResponse) throws java.io.IOException
14:50:38.568 [localhost-startStop-1] INFO  o.s.w.s.m.m.a.RequestMappingHandlerMapping [AbstractHandlerMethodMapping.java:197] - Mapped "{[/captchaCheck],methods=[],params=[],headers=[],consumes=[],produces=[],custom=[]}" onto public org.springframework.web.servlet.ModelAndView com.team.graduate.controller.common.KaptchaController.captchaCheckValue(javax.servlet.http.HttpServletRequest)
14:50:38.574 [localhost-startStop-1] INFO  o.s.w.s.m.m.a.RequestMappingHandlerMapping [AbstractHandlerMethodMapping.java:197] - Mapped "{[/log/list],methods=[GET],params=[],headers=[],consumes=[],produces=[],custom=[]}" onto public org.springframework.web.servlet.ModelAndView com.team.graduate.controller.LogController.getAllLog(javax.servlet.http.HttpSession)
14:50:38.575 [localhost-startStop-1] INFO  o.s.w.s.m.m.a.RequestMappingHandlerMapping [AbstractHandlerMethodMapping.java:197] - Mapped "{[/log/export],methods=[GET],params=[],headers=[],consumes=[],produces=[],custom=[]}" onto public org.springframework.web.servlet.ModelAndView com.team.graduate.controller.LogController.exportLogs(javax.servlet.http.HttpSession,javax.servlet.http.HttpServletResponse)
14:50:38.582 [localhost-startStop-1] INFO  o.s.w.s.m.m.a.RequestMappingHandlerMapping [AbstractHandlerMethodMapping.java:197] - Mapped "{[/router/single],methods=[],params=[],headers=[],consumes=[],produces=[],custom=[]}" onto public java.lang.String com.team.graduate.controller.RouterController.single(javax.servlet.http.HttpSession)
14:50:38.583 [localhost-startStop-1] INFO  o.s.w.s.m.m.a.RequestMappingHandlerMapping [AbstractHandlerMethodMapping.java:197] - Mapped "{[/router/image],methods=[],params=[],headers=[],consumes=[],produces=[],custom=[]}" onto public java.lang.String com.team.graduate.controller.RouterController.image(javax.servlet.http.HttpSession)
14:50:38.583 [localhost-startStop-1] INFO  o.s.w.s.m.m.a.RequestMappingHandlerMapping [AbstractHandlerMethodMapping.java:197] - Mapped "{[/router/validateCode],methods=[POST],params=[],headers=[],consumes=[],produces=[],custom=[]}" onto public boolean com.team.graduate.controller.RouterController.validateCode(javax.servlet.http.HttpServletRequest,java.lang.String)
14:50:38.584 [localhost-startStop-1] INFO  o.s.w.s.m.m.a.RequestMappingHandlerMapping [AbstractHandlerMethodMapping.java:197] - Mapped "{[/router/photo/{name}],methods=[],params=[],headers=[],consumes=[],produces=[],custom=[]}" onto public void com.team.graduate.controller.RouterController.photo(javax.servlet.http.HttpServletResponse,javax.servlet.http.HttpServletRequest,java.lang.String) throws java.io.IOException
14:50:38.584 [localhost-startStop-1] INFO  o.s.w.s.m.m.a.RequestMappingHandlerMapping [AbstractHandlerMethodMapping.java:197] - Mapped "{[/router/single/add],methods=[GET],params=[],headers=[],consumes=[],produces=[],custom=[]}" onto public java.lang.String com.team.graduate.controller.RouterController.singleAdd(javax.servlet.http.HttpServletRequest)
14:50:38.585 [localhost-startStop-1] INFO  o.s.w.s.m.m.a.RequestMappingHandlerMapping [AbstractHandlerMethodMapping.java:197] - Mapped "{[/router/log/index],methods=[],params=[],headers=[],consumes=[],produces=[],custom=[]}" onto public java.lang.String com.team.graduate.controller.RouterController.logQuery(javax.servlet.http.HttpServletRequest)
14:50:38.586 [localhost-startStop-1] INFO  o.s.w.s.m.m.a.RequestMappingHandlerMapping [AbstractHandlerMethodMapping.java:197] - Mapped "{[/router/admin],methods=[],params=[],headers=[],consumes=[],produces=[],custom=[]}" onto public java.lang.String com.team.graduate.controller.RouterController.admin(javax.servlet.http.HttpSession)
14:50:38.586 [localhost-startStop-1] INFO  o.s.w.s.m.m.a.RequestMappingHandlerMapping [AbstractHandlerMethodMapping.java:197] - Mapped "{[/router/authentication],methods=[GET],params=[],headers=[],consumes=[],produces=[],custom=[]}" onto public org.springframework.web.servlet.ModelAndView com.team.graduate.controller.RouterController.routeToStuAuth()
14:50:38.586 [localhost-startStop-1] INFO  o.s.w.s.m.m.a.RequestMappingHandlerMapping [AbstractHandlerMethodMapping.java:197] - Mapped "{[/router/search],methods=[GET],params=[],headers=[],consumes=[],produces=[],custom=[]}" onto public java.lang.String com.team.graduate.controller.RouterController.routeToStuSearch()
14:50:38.595 [localhost-startStop-1] INFO  o.s.w.s.m.m.a.RequestMappingHandlerMapping [AbstractHandlerMethodMapping.java:197] - Mapped "{[/stu/search],methods=[POST],params=[],headers=[],consumes=[],produces=[],custom=[]}" onto public org.springframework.web.servlet.ModelAndView com.team.graduate.controller.StuGraduateController.search(com.team.graduate.model.StuGraduateInfo,javax.servlet.http.HttpServletRequest,java.lang.String)
14:50:38.595 [localhost-startStop-1] INFO  o.s.w.s.m.m.a.RequestMappingHandlerMapping [AbstractHandlerMethodMapping.java:197] - Mapped "{[/stu/authentication],methods=[POST],params=[],headers=[],consumes=[],produces=[],custom=[]}" onto public org.springframework.web.servlet.ModelAndView com.team.graduate.controller.StuGraduateController.authentication(com.team.graduate.model.StuGraduateInfo,javax.servlet.http.HttpServletRequest,java.lang.String)
14:50:38.596 [localhost-startStop-1] INFO  o.s.w.s.m.m.a.RequestMappingHandlerMapping [AbstractHandlerMethodMapping.java:197] - Mapped "{[/stu/search],methods=[GET],params=[],headers=[],consumes=[],produces=[],custom=[]}" onto public java.lang.String com.team.graduate.controller.StuGraduateController.searchGet()
14:50:38.596 [localhost-startStop-1] INFO  o.s.w.s.m.m.a.RequestMappingHandlerMapping [AbstractHandlerMethodMapping.java:197] - Mapped "{[/stu/authentication],methods=[GET],params=[],headers=[],consumes=[],produces=[],custom=[]}" onto public java.lang.String com.team.graduate.controller.StuGraduateController.authenticationGet()
14:50:38.597 [localhost-startStop-1] INFO  o.s.w.s.m.m.a.RequestMappingHandlerMapping [AbstractHandlerMethodMapping.java:197] - Mapped "{[/stu/isStuNumberExist],methods=[],params=[],headers=[],consumes=[],produces=[],custom=[]}" onto public boolean com.team.graduate.controller.StuGraduateController.isStuNumberExist(java.lang.String)
14:50:38.597 [localhost-startStop-1] INFO  o.s.w.s.m.m.a.RequestMappingHandlerMapping [AbstractHandlerMethodMapping.java:197] - Mapped "{[/stu/isStuGraduationCardNumExist],methods=[],params=[],headers=[],consumes=[],produces=[],custom=[]}" onto public boolean com.team.graduate.controller.StuGraduateController.isStuGraduationCardNumExist(java.lang.String)
14:50:38.598 [localhost-startStop-1] INFO  o.s.w.s.m.m.a.RequestMappingHandlerMapping [AbstractHandlerMethodMapping.java:197] - Mapped "{[/stu/isStuMajorDegreeCertNumExist],methods=[],params=[],headers=[],consumes=[],produces=[],custom=[]}" onto public boolean com.team.graduate.controller.StuGraduateController.isStuMajorDegreeCertNumExist(java.lang.String)
14:50:38.598 [localhost-startStop-1] INFO  o.s.w.s.m.m.a.RequestMappingHandlerMapping [AbstractHandlerMethodMapping.java:197] - Mapped "{[/stu/isStuIdentificationNumExist],methods=[],params=[],headers=[],consumes=[],produces=[],custom=[]}" onto public boolean com.team.graduate.controller.StuGraduateController.isStuIdentificationNumExist(java.lang.String)
14:50:40.025 [localhost-startStop-1] INFO  o.s.w.s.h.SimpleUrlHandlerMapping [AbstractUrlHandlerMapping.java:315] - Mapped URL path [/static/**] onto handler 'org.springframework.web.servlet.resource.ResourceHttpRequestHandler#0'
14:50:40.395 [localhost-startStop-1] INFO  o.s.web.servlet.DispatcherServlet [FrameworkServlet.java:498] - FrameworkServlet 'springServlet': initialization completed in 3131 ms
14:51:12.944 [http-bio-8080-exec-7] INFO  c.t.g.c.StuGraduateController [StuGraduateController.java:61] - The student QUERY SUCCESS, the name is —Ó—© and the id is 210202199004034923.
14:51:18.306 [http-bio-8080-exec-8] INFO  c.t.g.c.StuGraduateController [StuGraduateController.java:77] - The student QUERY FAILURE, NO STUDENT, the name is —Ó—© and the id is 210202199004034923.
14:51:47.210 [http-bio-8080-exec-1] INFO  c.t.g.c.StuGraduateController [StuGraduateController.java:113] - The student AUTHENTICATION SUCCESS, the name is —Ó—© and the Degree Number is 1015042013003086 and the Publication Date is 2013-07-01.
